ARM GAS  C:\Users\minime\AppData\Local\Temp\cc5Dfcwj.s 			page 1


   1              		.syntax unified
   2              		.cpu cortex-m3
   3              		.fpu softvfp
   4              		.eabi_attribute 20, 1
   5              		.eabi_attribute 21, 1
   6              		.eabi_attribute 23, 3
   7              		.eabi_attribute 24, 1
   8              		.eabi_attribute 25, 1
   9              		.eabi_attribute 26, 1
  10              		.eabi_attribute 30, 1
  11              		.eabi_attribute 34, 1
  12              		.eabi_attribute 18, 4
  13              		.thumb
  14              		.syntax unified
  15              		.file	"cymetadata.c"
  16              		.text
  17              	.Ltext0:
  18              		.cfi_sections	.debug_frame
  19              		.global	cy_metadata
  20              		.global	cy_meta_flashprotect
  21              		.global	cy_meta_wonvl
  22              		.global	cy_meta_custnvl
  23              		.global	cy_meta_configecc
  24              		.section	.cyconfigecc,"a",%progbits
  25              		.align	2
  26              		.type	cy_meta_configecc, %object
  27              		.size	cy_meta_configecc, 284
  28              	cy_meta_configecc:
  29 0000 01       		.byte	1
  30 0001 45       		.byte	69
  31 0002 00       		.byte	0
  32 0003 40       		.byte	64
  33 0004 01       		.byte	1
  34 0005 52       		.byte	82
  35 0006 00       		.byte	0
  36 0007 40       		.byte	64
  37 0008 01       		.byte	1
  38 0009 5A       		.byte	90
  39 000a 00       		.byte	0
  40 000b 40       		.byte	64
  41 000c 0A       		.byte	10
  42 000d 02       		.byte	2
  43 000e 01       		.byte	1
  44 000f 40       		.byte	64
  45 0010 08       		.byte	8
  46 0011 03       		.byte	3
  47 0012 01       		.byte	1
  48 0013 40       		.byte	64
  49 0014 03       		.byte	3
  50 0015 05       		.byte	5
  51 0016 01       		.byte	1
  52 0017 40       		.byte	64
  53 0018 01       		.byte	1
  54 0019 07       		.byte	7
  55 001a 01       		.byte	1
  56 001b 40       		.byte	64
  57 001c 01       		.byte	1
ARM GAS  C:\Users\minime\AppData\Local\Temp\cc5Dfcwj.s 			page 2


  58 001d 15       		.byte	21
  59 001e 01       		.byte	1
  60 001f 40       		.byte	64
  61 0020 04       		.byte	4
  62 0021 17       		.byte	23
  63 0022 01       		.byte	1
  64 0023 40       		.byte	64
  65 0024 02       		.byte	2
  66 0025 19       		.byte	25
  67 0026 01       		.byte	1
  68 0027 40       		.byte	64
  69 0028 01       		.byte	1
  70 0029 1B       		.byte	27
  71 002a 01       		.byte	1
  72 002b 40       		.byte	64
  73 002c 06       		.byte	6
  74 002d 40       		.byte	64
  75 002e 01       		.byte	1
  76 002f 40       		.byte	64
  77 0030 07       		.byte	7
  78 0031 41       		.byte	65
  79 0032 01       		.byte	1
  80 0033 40       		.byte	64
  81 0034 05       		.byte	5
  82 0035 42       		.byte	66
  83 0036 01       		.byte	1
  84 0037 40       		.byte	64
  85 0038 02       		.byte	2
  86 0039 43       		.byte	67
  87 003a 01       		.byte	1
  88 003b 40       		.byte	64
  89 003c 05       		.byte	5
  90 003d 47       		.byte	71
  91 003e 01       		.byte	1
  92 003f 40       		.byte	64
  93 0040 08       		.byte	8
  94 0041 48       		.byte	72
  95 0042 01       		.byte	1
  96 0043 40       		.byte	64
  97 0044 02       		.byte	2
  98 0045 49       		.byte	73
  99 0046 01       		.byte	1
 100 0047 40       		.byte	64
 101 0048 06       		.byte	6
 102 0049 4C       		.byte	76
 103 004a 01       		.byte	1
 104 004b 40       		.byte	64
 105 004c 01       		.byte	1
 106 004d 4D       		.byte	77
 107 004e 01       		.byte	1
 108 004f 40       		.byte	64
 109 0050 02       		.byte	2
 110 0051 50       		.byte	80
 111 0052 01       		.byte	1
 112 0053 40       		.byte	64
 113 0054 02       		.byte	2
 114 0055 51       		.byte	81
ARM GAS  C:\Users\minime\AppData\Local\Temp\cc5Dfcwj.s 			page 3


 115 0056 01       		.byte	1
 116 0057 40       		.byte	64
 117 0058 7E       		.byte	126
 118 0059 02       		.byte	2
 119 005a 7C       		.byte	124
 120 005b 40       		.byte	64
 121 005c 9F       		.byte	-97
 122 005d 01       		.byte	1
 123 005e 10       		.byte	16
 124 005f 04       		.byte	4
 125 0060 12       		.byte	18
 126 0061 01       		.byte	1
 127 0062 16       		.byte	22
 128 0063 02       		.byte	2
 129 0064 2A       		.byte	42
 130 0065 05       		.byte	5
 131 0066 30       		.byte	48
 132 0067 02       		.byte	2
 133 0068 32       		.byte	50
 134 0069 04       		.byte	4
 135 006a 34       		.byte	52
 136 006b 01       		.byte	1
 137 006c 3E       		.byte	62
 138 006d 14       		.byte	20
 139 006e 58       		.byte	88
 140 006f 04       		.byte	4
 141 0070 5F       		.byte	95
 142 0071 01       		.byte	1
 143 0072 0E       		.byte	14
 144 0073 80       		.byte	-128
 145 0074 0F       		.byte	15
 146 0075 20       		.byte	32
 147 0076 14       		.byte	20
 148 0077 08       		.byte	8
 149 0078 1E       		.byte	30
 150 0079 80       		.byte	-128
 151 007a 1F       		.byte	31
 152 007b 28       		.byte	40
 153 007c 83       		.byte	-125
 154 007d 10       		.byte	16
 155 007e C2       		.byte	-62
 156 007f 30       		.byte	48
 157 0080 C4       		.byte	-60
 158 0081 40       		.byte	64
 159 0082 9C       		.byte	-100
 160 0083 08       		.byte	8
 161 0084 AB       		.byte	-85
 162 0085 08       		.byte	8
 163 0086 AF       		.byte	-81
 164 0087 20       		.byte	32
 165 0088 9C       		.byte	-100
 166 0089 08       		.byte	8
 167 008a EE       		.byte	-18
 168 008b 02       		.byte	2
 169 008c 80       		.byte	-128
 170 008d 08       		.byte	8
 171 008e 9C       		.byte	-100
ARM GAS  C:\Users\minime\AppData\Local\Temp\cc5Dfcwj.s 			page 4


 172 008f 08       		.byte	8
 173 0090 E4       		.byte	-28
 174 0091 04       		.byte	4
 175 0092 EE       		.byte	-18
 176 0093 0A       		.byte	10
 177 0094 E4       		.byte	-28
 178 0095 04       		.byte	4
 179 0096 EE       		.byte	-18
 180 0097 0A       		.byte	10
 181 0098 EE       		.byte	-18
 182 0099 02       		.byte	2
 183 009a 33       		.byte	51
 184 009b 88       		.byte	-120
 185 009c 36       		.byte	54
 186 009d 40       		.byte	64
 187 009e 3B       		.byte	59
 188 009f 08       		.byte	8
 189 00a0 3F       		.byte	63
 190 00a1 20       		.byte	32
 191 00a2 CC       		.byte	-52
 192 00a3 70       		.byte	112
 193 00a4 CE       		.byte	-50
 194 00a5 60       		.byte	96
 195 00a6 07       		.byte	7
 196 00a7 40       		.byte	64
 197 00a8 83       		.byte	-125
 198 00a9 40       		.byte	64
 199 00aa 97       		.byte	-105
 200 00ab 08       		.byte	8
 201 00ac A6       		.byte	-90
 202 00ad 40       		.byte	64
 203 00ae A7       		.byte	-89
 204 00af 98       		.byte	-104
 205 00b0 C0       		.byte	-64
 206 00b1 20       		.byte	32
 207 00b2 E4       		.byte	-28
 208 00b3 80       		.byte	-128
 209 00b4 A6       		.byte	-90
 210 00b5 40       		.byte	64
 211 00b6 A7       		.byte	-89
 212 00b7 88       		.byte	-120
 213 00b8 AB       		.byte	-85
 214 00b9 10       		.byte	16
 215 00ba AF       		.byte	-81
 216 00bb 04       		.byte	4
 217 00bc EE       		.byte	-18
 218 00bd 90       		.byte	-112
 219 00be A6       		.byte	-90
 220 00bf 40       		.byte	64
 221 00c0 A7       		.byte	-89
 222 00c1 88       		.byte	-120
 223 00c2 08       		.byte	8
 224 00c3 08       		.byte	8
 225 00c4 0F       		.byte	15
 226 00c5 40       		.byte	64
 227 00c6 33       		.byte	51
 228 00c7 20       		.byte	32
ARM GAS  C:\Users\minime\AppData\Local\Temp\cc5Dfcwj.s 			page 5


 229 00c8 C2       		.byte	-62
 230 00c9 0C       		.byte	12
 231 00ca CC       		.byte	-52
 232 00cb 08       		.byte	8
 233 00cc 24       		.byte	36
 234 00cd 02       		.byte	2
 235 00ce 80       		.byte	-128
 236 00cf 01       		.byte	1
 237 00d0 A7       		.byte	-89
 238 00d1 08       		.byte	8
 239 00d2 AE       		.byte	-82
 240 00d3 40       		.byte	64
 241 00d4 AF       		.byte	-81
 242 00d5 80       		.byte	-128
 243 00d6 C8       		.byte	-56
 244 00d7 20       		.byte	32
 245 00d8 E4       		.byte	-28
 246 00d9 20       		.byte	32
 247 00da EE       		.byte	-18
 248 00db 50       		.byte	80
 249 00dc AF       		.byte	-81
 250 00dd 08       		.byte	8
 251 00de EE       		.byte	-18
 252 00df 40       		.byte	64
 253 00e0 1F       		.byte	31
 254 00e1 10       		.byte	16
 255 00e2 83       		.byte	-125
 256 00e3 20       		.byte	32
 257 00e4 A7       		.byte	-89
 258 00e5 20       		.byte	32
 259 00e6 AC       		.byte	-84
 260 00e7 08       		.byte	8
 261 00e8 AF       		.byte	-81
 262 00e9 40       		.byte	64
 263 00ea C6       		.byte	-58
 264 00eb 01       		.byte	1
 265 00ec AF       		.byte	-81
 266 00ed 10       		.byte	16
 267 00ee 00       		.byte	0
 268 00ef 01       		.byte	1
 269 00f0 08       		.byte	8
 270 00f1 01       		.byte	1
 271 00f2 00       		.byte	0
 272 00f3 3A       		.byte	58
 273 00f4 10       		.byte	16
 274 00f5 0A       		.byte	10
 275 00f6 00       		.byte	0
 276 00f7 00       		.byte	0
 277 00f8 02       		.byte	2
 278 00f9 00       		.byte	0
 279 00fa 02       		.byte	2
 280 00fb 00       		.byte	0
 281 00fc 00       		.byte	0
 282 00fd 00       		.byte	0
 283 00fe 00       		.byte	0
 284 00ff 00       		.byte	0
 285 0100 05       		.byte	5
ARM GAS  C:\Users\minime\AppData\Local\Temp\cc5Dfcwj.s 			page 6


 286 0101 00       		.byte	0
 287 0102 00       		.byte	0
 288 0103 00       		.byte	0
 289 0104 40       		.byte	64
 290 0105 00       		.byte	0
 291 0106 00       		.byte	0
 292 0107 00       		.byte	0
 293 0108 00       		.byte	0
 294 0109 00       		.byte	0
 295 010a 00       		.byte	0
 296 010b 00       		.byte	0
 297 010c C0       		.byte	-64
 298 010d 00       		.byte	0
 299 010e 00       		.byte	0
 300 010f 00       		.byte	0
 301 0110 00       		.byte	0
 302 0111 0B       		.byte	11
 303 0112 0B       		.byte	11
 304 0113 00       		.byte	0
 305 0114 00       		.byte	0
 306 0115 00       		.byte	0
 307 0116 00       		.byte	0
 308 0117 00       		.byte	0
 309 0118 01       		.byte	1
 310 0119 00       		.byte	0
 311 011a 18       		.byte	24
 312 011b 01       		.byte	1
 313              		.section	.cywolatch,"a",%progbits
 314              		.align	2
 315              		.type	cy_meta_wonvl, %object
 316              		.size	cy_meta_wonvl, 4
 317              	cy_meta_wonvl:
 318 0000 BC       		.byte	-68
 319 0001 90       		.byte	-112
 320 0002 AC       		.byte	-84
 321 0003 AF       		.byte	-81
 322              		.section	.cycustnvl,"a",%progbits
 323              		.align	2
 324              		.type	cy_meta_custnvl, %object
 325              		.size	cy_meta_custnvl, 4
 326              	cy_meta_custnvl:
 327 0000 00       		.byte	0
 328 0001 00       		.byte	0
 329 0002 40       		.byte	64
 330 0003 05       		.byte	5
 331              		.section	.cymeta,"a",%progbits
 332              		.align	2
 333              		.type	cy_metadata, %object
 334              		.size	cy_metadata, 12
 335              	cy_metadata:
 336 0000 00       		.byte	0
 337 0001 01       		.byte	1
 338 0002 2E       		.byte	46
 339 0003 16       		.byte	22
 340 0004 10       		.byte	16
 341 0005 69       		.byte	105
 342 0006 00       		.byte	0
ARM GAS  C:\Users\minime\AppData\Local\Temp\cc5Dfcwj.s 			page 7


 343 0007 01       		.byte	1
 344 0008 00       		.byte	0
 345 0009 00       		.byte	0
 346 000a 00       		.byte	0
 347 000b 00       		.byte	0
 348              		.section	.cyflashprotect,"a",%progbits
 349              		.align	2
 350              		.type	cy_meta_flashprotect, %object
 351              		.size	cy_meta_flashprotect, 256
 352              	cy_meta_flashprotect:
 353 0000 00000000 		.space	256
 353      00000000 
 353      00000000 
 353      00000000 
 353      00000000 
 354              		.text
 355              	.Letext0:
 356              		.file 1 "c:\\program files (x86)\\cypress\\psoc creator\\4.2\\psoc creator\\import\\gnu\\arm\\5.4.
 357              		.file 2 "c:\\program files (x86)\\cypress\\psoc creator\\4.2\\psoc creator\\import\\gnu\\arm\\5.4.
 358              		.file 3 "Generated_Source\\PSoC5\\cymetadata.c"
 359              		.section	.debug_info,"",%progbits
 360              	.Ldebug_info0:
 361 0000 31010000 		.4byte	0x131
 362 0004 0400     		.2byte	0x4
 363 0006 00000000 		.4byte	.Ldebug_abbrev0
 364 000a 04       		.byte	0x4
 365 000b 01       		.uleb128 0x1
 366 000c 7E000000 		.4byte	.LASF17
 367 0010 0C       		.byte	0xc
 368 0011 D8010000 		.4byte	.LASF18
 369 0015 0A000000 		.4byte	.LASF19
 370 0019 00000000 		.4byte	.Ldebug_line0
 371 001d 02       		.uleb128 0x2
 372 001e 01       		.byte	0x1
 373 001f 06       		.byte	0x6
 374 0020 CC010000 		.4byte	.LASF0
 375 0024 03       		.uleb128 0x3
 376 0025 00000000 		.4byte	.LASF9
 377 0029 01       		.byte	0x1
 378 002a 1D       		.byte	0x1d
 379 002b 2F000000 		.4byte	0x2f
 380 002f 02       		.uleb128 0x2
 381 0030 01       		.byte	0x1
 382 0031 08       		.byte	0x8
 383 0032 70000000 		.4byte	.LASF1
 384 0036 02       		.uleb128 0x2
 385 0037 02       		.byte	0x2
 386 0038 05       		.byte	0x5
 387 0039 B9010000 		.4byte	.LASF2
 388 003d 02       		.uleb128 0x2
 389 003e 02       		.byte	0x2
 390 003f 07       		.byte	0x7
 391 0040 1E010000 		.4byte	.LASF3
 392 0044 02       		.uleb128 0x2
 393 0045 04       		.byte	0x4
 394 0046 05       		.byte	0x5
 395 0047 C3010000 		.4byte	.LASF4
ARM GAS  C:\Users\minime\AppData\Local\Temp\cc5Dfcwj.s 			page 8


 396 004b 02       		.uleb128 0x2
 397 004c 04       		.byte	0x4
 398 004d 07       		.byte	0x7
 399 004e 0C010000 		.4byte	.LASF5
 400 0052 02       		.uleb128 0x2
 401 0053 08       		.byte	0x8
 402 0054 05       		.byte	0x5
 403 0055 AB010000 		.4byte	.LASF6
 404 0059 02       		.uleb128 0x2
 405 005a 08       		.byte	0x8
 406 005b 07       		.byte	0x7
 407 005c 60010000 		.4byte	.LASF7
 408 0060 04       		.uleb128 0x4
 409 0061 04       		.byte	0x4
 410 0062 05       		.byte	0x5
 411 0063 696E7400 		.ascii	"int\000"
 412 0067 02       		.uleb128 0x2
 413 0068 04       		.byte	0x4
 414 0069 07       		.byte	0x7
 415 006a 53010000 		.4byte	.LASF8
 416 006e 03       		.uleb128 0x3
 417 006f 77010000 		.4byte	.LASF10
 418 0073 02       		.byte	0x2
 419 0074 18       		.byte	0x18
 420 0075 24000000 		.4byte	0x24
 421 0079 05       		.uleb128 0x5
 422 007a 91000000 		.4byte	0x91
 423 007e 8A000000 		.4byte	0x8a
 424 0082 06       		.uleb128 0x6
 425 0083 8A000000 		.4byte	0x8a
 426 0087 1B01     		.2byte	0x11b
 427 0089 00       		.byte	0
 428 008a 02       		.uleb128 0x2
 429 008b 04       		.byte	0x4
 430 008c 07       		.byte	0x7
 431 008d A2010000 		.4byte	.LASF11
 432 0091 07       		.uleb128 0x7
 433 0092 6E000000 		.4byte	0x6e
 434 0096 08       		.uleb128 0x8
 435 0097 41010000 		.4byte	.LASF12
 436 009b 03       		.byte	0x3
 437 009c 1F       		.byte	0x1f
 438 009d A7000000 		.4byte	0xa7
 439 00a1 05       		.uleb128 0x5
 440 00a2 03       		.byte	0x3
 441 00a3 00000000 		.4byte	cy_meta_configecc
 442 00a7 07       		.uleb128 0x7
 443 00a8 79000000 		.4byte	0x79
 444 00ac 05       		.uleb128 0x5
 445 00ad 91000000 		.4byte	0x91
 446 00b1 BC000000 		.4byte	0xbc
 447 00b5 09       		.uleb128 0x9
 448 00b6 8A000000 		.4byte	0x8a
 449 00ba 03       		.byte	0x3
 450 00bb 00       		.byte	0
 451 00bc 08       		.uleb128 0x8
 452 00bd 31010000 		.4byte	.LASF13
ARM GAS  C:\Users\minime\AppData\Local\Temp\cc5Dfcwj.s 			page 9


 453 00c1 03       		.byte	0x3
 454 00c2 50       		.byte	0x50
 455 00c3 CD000000 		.4byte	0xcd
 456 00c7 05       		.uleb128 0x5
 457 00c8 03       		.byte	0x3
 458 00c9 00000000 		.4byte	cy_meta_custnvl
 459 00cd 07       		.uleb128 0x7
 460 00ce AC000000 		.4byte	0xac
 461 00d2 08       		.uleb128 0x8
 462 00d3 94010000 		.4byte	.LASF14
 463 00d7 03       		.byte	0x3
 464 00d8 5E       		.byte	0x5e
 465 00d9 E3000000 		.4byte	0xe3
 466 00dd 05       		.uleb128 0x5
 467 00de 03       		.byte	0x3
 468 00df 00000000 		.4byte	cy_meta_wonvl
 469 00e3 07       		.uleb128 0x7
 470 00e4 AC000000 		.4byte	0xac
 471 00e8 05       		.uleb128 0x5
 472 00e9 91000000 		.4byte	0x91
 473 00ed F8000000 		.4byte	0xf8
 474 00f1 09       		.uleb128 0x9
 475 00f2 8A000000 		.4byte	0x8a
 476 00f6 FF       		.byte	0xff
 477 00f7 00       		.byte	0
 478 00f8 08       		.uleb128 0x8
 479 00f9 7F010000 		.4byte	.LASF15
 480 00fd 03       		.byte	0x3
 481 00fe 6C       		.byte	0x6c
 482 00ff 09010000 		.4byte	0x109
 483 0103 05       		.uleb128 0x5
 484 0104 03       		.byte	0x3
 485 0105 00000000 		.4byte	cy_meta_flashprotect
 486 0109 07       		.uleb128 0x7
 487 010a E8000000 		.4byte	0xe8
 488 010e 05       		.uleb128 0x5
 489 010f 91000000 		.4byte	0x91
 490 0113 1E010000 		.4byte	0x11e
 491 0117 09       		.uleb128 0x9
 492 0118 8A000000 		.4byte	0x8a
 493 011c 0B       		.byte	0xb
 494 011d 00       		.byte	0
 495 011e 08       		.uleb128 0x8
 496 011f 64000000 		.4byte	.LASF16
 497 0123 03       		.byte	0x3
 498 0124 99       		.byte	0x99
 499 0125 2F010000 		.4byte	0x12f
 500 0129 05       		.uleb128 0x5
 501 012a 03       		.byte	0x3
 502 012b 00000000 		.4byte	cy_metadata
 503 012f 07       		.uleb128 0x7
 504 0130 0E010000 		.4byte	0x10e
 505 0134 00       		.byte	0
 506              		.section	.debug_abbrev,"",%progbits
 507              	.Ldebug_abbrev0:
 508 0000 01       		.uleb128 0x1
 509 0001 11       		.uleb128 0x11
ARM GAS  C:\Users\minime\AppData\Local\Temp\cc5Dfcwj.s 			page 10


 510 0002 01       		.byte	0x1
 511 0003 25       		.uleb128 0x25
 512 0004 0E       		.uleb128 0xe
 513 0005 13       		.uleb128 0x13
 514 0006 0B       		.uleb128 0xb
 515 0007 03       		.uleb128 0x3
 516 0008 0E       		.uleb128 0xe
 517 0009 1B       		.uleb128 0x1b
 518 000a 0E       		.uleb128 0xe
 519 000b 10       		.uleb128 0x10
 520 000c 17       		.uleb128 0x17
 521 000d 00       		.byte	0
 522 000e 00       		.byte	0
 523 000f 02       		.uleb128 0x2
 524 0010 24       		.uleb128 0x24
 525 0011 00       		.byte	0
 526 0012 0B       		.uleb128 0xb
 527 0013 0B       		.uleb128 0xb
 528 0014 3E       		.uleb128 0x3e
 529 0015 0B       		.uleb128 0xb
 530 0016 03       		.uleb128 0x3
 531 0017 0E       		.uleb128 0xe
 532 0018 00       		.byte	0
 533 0019 00       		.byte	0
 534 001a 03       		.uleb128 0x3
 535 001b 16       		.uleb128 0x16
 536 001c 00       		.byte	0
 537 001d 03       		.uleb128 0x3
 538 001e 0E       		.uleb128 0xe
 539 001f 3A       		.uleb128 0x3a
 540 0020 0B       		.uleb128 0xb
 541 0021 3B       		.uleb128 0x3b
 542 0022 0B       		.uleb128 0xb
 543 0023 49       		.uleb128 0x49
 544 0024 13       		.uleb128 0x13
 545 0025 00       		.byte	0
 546 0026 00       		.byte	0
 547 0027 04       		.uleb128 0x4
 548 0028 24       		.uleb128 0x24
 549 0029 00       		.byte	0
 550 002a 0B       		.uleb128 0xb
 551 002b 0B       		.uleb128 0xb
 552 002c 3E       		.uleb128 0x3e
 553 002d 0B       		.uleb128 0xb
 554 002e 03       		.uleb128 0x3
 555 002f 08       		.uleb128 0x8
 556 0030 00       		.byte	0
 557 0031 00       		.byte	0
 558 0032 05       		.uleb128 0x5
 559 0033 01       		.uleb128 0x1
 560 0034 01       		.byte	0x1
 561 0035 49       		.uleb128 0x49
 562 0036 13       		.uleb128 0x13
 563 0037 01       		.uleb128 0x1
 564 0038 13       		.uleb128 0x13
 565 0039 00       		.byte	0
 566 003a 00       		.byte	0
ARM GAS  C:\Users\minime\AppData\Local\Temp\cc5Dfcwj.s 			page 11


 567 003b 06       		.uleb128 0x6
 568 003c 21       		.uleb128 0x21
 569 003d 00       		.byte	0
 570 003e 49       		.uleb128 0x49
 571 003f 13       		.uleb128 0x13
 572 0040 2F       		.uleb128 0x2f
 573 0041 05       		.uleb128 0x5
 574 0042 00       		.byte	0
 575 0043 00       		.byte	0
 576 0044 07       		.uleb128 0x7
 577 0045 26       		.uleb128 0x26
 578 0046 00       		.byte	0
 579 0047 49       		.uleb128 0x49
 580 0048 13       		.uleb128 0x13
 581 0049 00       		.byte	0
 582 004a 00       		.byte	0
 583 004b 08       		.uleb128 0x8
 584 004c 34       		.uleb128 0x34
 585 004d 00       		.byte	0
 586 004e 03       		.uleb128 0x3
 587 004f 0E       		.uleb128 0xe
 588 0050 3A       		.uleb128 0x3a
 589 0051 0B       		.uleb128 0xb
 590 0052 3B       		.uleb128 0x3b
 591 0053 0B       		.uleb128 0xb
 592 0054 49       		.uleb128 0x49
 593 0055 13       		.uleb128 0x13
 594 0056 3F       		.uleb128 0x3f
 595 0057 19       		.uleb128 0x19
 596 0058 02       		.uleb128 0x2
 597 0059 18       		.uleb128 0x18
 598 005a 00       		.byte	0
 599 005b 00       		.byte	0
 600 005c 09       		.uleb128 0x9
 601 005d 21       		.uleb128 0x21
 602 005e 00       		.byte	0
 603 005f 49       		.uleb128 0x49
 604 0060 13       		.uleb128 0x13
 605 0061 2F       		.uleb128 0x2f
 606 0062 0B       		.uleb128 0xb
 607 0063 00       		.byte	0
 608 0064 00       		.byte	0
 609 0065 00       		.byte	0
 610              		.section	.debug_aranges,"",%progbits
 611 0000 14000000 		.4byte	0x14
 612 0004 0200     		.2byte	0x2
 613 0006 00000000 		.4byte	.Ldebug_info0
 614 000a 04       		.byte	0x4
 615 000b 00       		.byte	0
 616 000c 0000     		.2byte	0
 617 000e 0000     		.2byte	0
 618 0010 00000000 		.4byte	0
 619 0014 00000000 		.4byte	0
 620              		.section	.debug_line,"",%progbits
 621              	.Ldebug_line0:
 622 0000 3D010000 		.section	.debug_str,"MS",%progbits,1
 622      02003701 
ARM GAS  C:\Users\minime\AppData\Local\Temp\cc5Dfcwj.s 			page 12


 622      00000201 
 622      FB0E0D00 
 622      01010101 
 623              	.LASF9:
 624 0000 5F5F7569 		.ascii	"__uint8_t\000"
 624      6E74385F 
 624      7400
 625              	.LASF19:
 626 000a 433A5C55 		.ascii	"C:\\Users\\minime\\Downloads\\Rosendyne\\PSoC Creat"
 626      73657273 
 626      5C6D696E 
 626      696D655C 
 626      446F776E 
 627 0038 6F725C57 		.ascii	"or\\Workspace01\\SinOutputWithReporting.cydsn\000"
 627      6F726B73 
 627      70616365 
 627      30315C53 
 627      696E4F75 
 628              	.LASF16:
 629 0064 63795F6D 		.ascii	"cy_metadata\000"
 629      65746164 
 629      61746100 
 630              	.LASF1:
 631 0070 756E7369 		.ascii	"unsigned char\000"
 631      676E6564 
 631      20636861 
 631      7200
 632              	.LASF17:
 633 007e 474E5520 		.ascii	"GNU C11 5.4.1 20160609 (release) [ARM/embedded-5-br"
 633      43313120 
 633      352E342E 
 633      31203230 
 633      31363036 
 634 00b1 616E6368 		.ascii	"anch revision 237715] -mcpu=cortex-m3 -mthumb -g -O"
 634      20726576 
 634      6973696F 
 634      6E203233 
 634      37373135 
 635 00e4 67202D66 		.ascii	"g -ffunction-sections -ffat-lto-objects\000"
 635      66756E63 
 635      74696F6E 
 635      2D736563 
 635      74696F6E 
 636              	.LASF5:
 637 010c 6C6F6E67 		.ascii	"long unsigned int\000"
 637      20756E73 
 637      69676E65 
 637      6420696E 
 637      7400
 638              	.LASF3:
 639 011e 73686F72 		.ascii	"short unsigned int\000"
 639      7420756E 
 639      7369676E 
 639      65642069 
 639      6E7400
 640              	.LASF13:
 641 0131 63795F6D 		.ascii	"cy_meta_custnvl\000"
ARM GAS  C:\Users\minime\AppData\Local\Temp\cc5Dfcwj.s 			page 13


 641      6574615F 
 641      63757374 
 641      6E766C00 
 642              	.LASF12:
 643 0141 63795F6D 		.ascii	"cy_meta_configecc\000"
 643      6574615F 
 643      636F6E66 
 643      69676563 
 643      6300
 644              	.LASF8:
 645 0153 756E7369 		.ascii	"unsigned int\000"
 645      676E6564 
 645      20696E74 
 645      00
 646              	.LASF7:
 647 0160 6C6F6E67 		.ascii	"long long unsigned int\000"
 647      206C6F6E 
 647      6720756E 
 647      7369676E 
 647      65642069 
 648              	.LASF10:
 649 0177 75696E74 		.ascii	"uint8_t\000"
 649      385F7400 
 650              	.LASF15:
 651 017f 63795F6D 		.ascii	"cy_meta_flashprotect\000"
 651      6574615F 
 651      666C6173 
 651      6870726F 
 651      74656374 
 652              	.LASF14:
 653 0194 63795F6D 		.ascii	"cy_meta_wonvl\000"
 653      6574615F 
 653      776F6E76 
 653      6C00
 654              	.LASF11:
 655 01a2 73697A65 		.ascii	"sizetype\000"
 655      74797065 
 655      00
 656              	.LASF6:
 657 01ab 6C6F6E67 		.ascii	"long long int\000"
 657      206C6F6E 
 657      6720696E 
 657      7400
 658              	.LASF2:
 659 01b9 73686F72 		.ascii	"short int\000"
 659      7420696E 
 659      7400
 660              	.LASF4:
 661 01c3 6C6F6E67 		.ascii	"long int\000"
 661      20696E74 
 661      00
 662              	.LASF0:
 663 01cc 7369676E 		.ascii	"signed char\000"
 663      65642063 
 663      68617200 
 664              	.LASF18:
 665 01d8 47656E65 		.ascii	"Generated_Source\\PSoC5\\cymetadata.c\000"
ARM GAS  C:\Users\minime\AppData\Local\Temp\cc5Dfcwj.s 			page 14


 665      72617465 
 665      645F536F 
 665      75726365 
 665      5C50536F 
 666              		.ident	"GCC: (GNU Tools for ARM Embedded Processors) 5.4.1 20160609 (release) [ARM/embedded-5-bran
