ARM GAS  C:\Users\minime\AppData\Local\Temp\ccVB7fer.s 			page 1


   1              		.syntax unified
   2              		.cpu cortex-m3
   3              		.fpu softvfp
   4              		.eabi_attribute 20, 1
   5              		.eabi_attribute 21, 1
   6              		.eabi_attribute 23, 3
   7              		.eabi_attribute 24, 1
   8              		.eabi_attribute 25, 1
   9              		.eabi_attribute 26, 1
  10              		.eabi_attribute 30, 1
  11              		.eabi_attribute 34, 1
  12              		.eabi_attribute 18, 4
  13              		.thumb
  14              		.syntax unified
  15              		.file	"main.c"
  16              		.text
  17              	.Ltext0:
  18              		.cfi_sections	.debug_frame
  19              		.syntax unified
  20              		.global _printf_float
  21              		.thumb
  22              		.syntax unified
  23              		.section	.text.StartAnalogOut,"ax",%progbits
  24              		.align	2
  25              		.global	StartAnalogOut
  26              		.thumb
  27              		.thumb_func
  28              		.type	StartAnalogOut, %function
  29              	StartAnalogOut:
  30              	.LFB66:
  31              		.file 1 "main.c"
   1:main.c        **** /* ========================================
   2:main.c        ****  *
   3:main.c        ****  * Copyright YOUR COMPANY, THE YEAR
   4:main.c        ****  * All Rights Reserved
   5:main.c        ****  * UNPUBLISHED, LICENSED SOFTWARE.
   6:main.c        ****  *
   7:main.c        ****  * CONFIDENTIAL AND PROPRIETARY INFORMATION
   8:main.c        ****  * WHICH IS THE PROPERTY OF your company.
   9:main.c        ****  *
  10:main.c        ****  * ========================================
  11:main.c        **** */
  12:main.c        **** #include "project.h"
  13:main.c        **** #include "stdio.h"
  14:main.c        **** #include "stdlib.h"
  15:main.c        **** #include "string.h"
  16:main.c        **** 
  17:main.c        **** #if defined (__GNUC__)
  18:main.c        ****     /* Add an explicit reference to the floating point printf library */
  19:main.c        ****     /* to allow the usage of floating point conversion specifiers. */
  20:main.c        ****     /* This is not linked in by default with the newlib-nano library. */
  21:main.c        ****     asm (".global _printf_float");
  22:main.c        **** #endif
  23:main.c        **** 
  24:main.c        **** #define TRUE 1
  25:main.c        **** #define FALSE 0
  26:main.c        **** #define EP_OUT_BULK 2
ARM GAS  C:\Users\minime\AppData\Local\Temp\ccVB7fer.s 			page 2


  27:main.c        **** #define EP_IN_BULK 1
  28:main.c        **** #define EP_IN_ISOC 3
  29:main.c        **** #define BUFFERSIZE 64
  30:main.c        **** 
  31:main.c        **** // explicit Declaration 
  32:main.c        **** _Bool ProcessCommand(uint8* Command, uint8* response);
  33:main.c        **** _Bool StartAnalogOut();
  34:main.c        **** _Bool StopAnalogOut();
  35:main.c        **** _Bool SetFreq(uint8); 
  36:main.c        **** int16 ReadVoltage();
  37:main.c        **** 
  38:main.c        **** int main(void)
  39:main.c        **** {
  40:main.c        ****     CyGlobalIntEnable; /* Enable global interrupts. */
  41:main.c        **** 
  42:main.c        ****    // uint8 const BufferSize = 64;
  43:main.c        ****     uint8 OUTBuffer[BUFFERSIZE]; // Host writes OUT to device, HOST --> Device
  44:main.c        ****     uint16 OUTBufferCount = 0;
  45:main.c        ****     uint8 INBuffer[BUFFERSIZE];  // Host Read In from Device, HOST <--- Device
  46:main.c        **** 
  47:main.c        ****     
  48:main.c        ****     /* Place your initialization/startup code here (e.g. MyInst_Start()) */
  49:main.c        ****     
  50:main.c        ****     USBCOMM_Start(0,USBCOMM_5V_OPERATION);
  51:main.c        ****     while( 0 == USBCOMM_GetConfiguration()) // make sure the USB is Conf
  52:main.c        ****         {
  53:main.c        ****          
  54:main.c        ****             
  55:main.c        ****         }
  56:main.c        ****       USBCOMM_EnableOutEP(EP_OUT_BULK);
  57:main.c        ****        
  58:main.c        ****     for(;;)
  59:main.c        ****     {
  60:main.c        ****         /* Place your application code here. */
  61:main.c        ****         /* checks for Clear-ON-read Conf
  62:main.c        ****         Clear on read means that when the host processor 
  63:main.c        ****         reads the data from your peripheral, the registers 
  64:main.c        ****         should reset themselves to zero. */
  65:main.c        ****         
  66:main.c        ****         if( 0 != USBCOMM_IsConfigurationChanged()) 
  67:main.c        ****             if(0 != USBCOMM_GetConfiguration())
  68:main.c        ****             {
  69:main.c        ****               USBCOMM_EnableOutEP(EP_OUT_BULK); 
  70:main.c        ****                
  71:main.c        ****             }
  72:main.c        ****        
  73:main.c        ****         if( 0 != USBCOMM_GetConfiguration()) // make sure the CDC is Conf
  74:main.c        ****         {
  75:main.c        ****             if( USBCOMM_OUT_BUFFER_FULL == USBCOMM_GetEPState(EP_OUT_BULK))
  76:main.c        ****             {
  77:main.c        ****                 OUTBufferCount = USBCOMM_GetEPCount(EP_OUT_BULK);
  78:main.c        ****                 if( OUTBufferCount != 0)
  79:main.c        ****                 {
  80:main.c        ****                     // Discriptor set up as Manual Mode
  81:main.c        ****                     // Does not need to wait for DMA to copy
  82:main.c        ****                     USBCOMM_ReadOutEP(EP_OUT_BULK,OUTBuffer,OUTBufferCount);
  83:main.c        ****                     USBCOMM_EnableOutEP(EP_OUT_BULK); 
ARM GAS  C:\Users\minime\AppData\Local\Temp\ccVB7fer.s 			page 3


  84:main.c        ****                     ProcessCommand(OUTBuffer, INBuffer);
  85:main.c        ****                  
  86:main.c        ****                     while (USBCOMM_IN_BUFFER_EMPTY != USBCOMM_GetEPState(EP_IN_BULK))
  87:main.c        ****                     {
  88:main.c        ****                     }
  89:main.c        ****                     USBCOMM_LoadInEP(EP_IN_BULK,INBuffer,BUFFERSIZE);   
  90:main.c        ****                 }
  91:main.c        ****                    
  92:main.c        ****             }
  93:main.c        ****         }
  94:main.c        ****         
  95:main.c        ****         
  96:main.c        ****         
  97:main.c        ****         
  98:main.c        ****         
  99:main.c        ****     }
 100:main.c        **** }
 101:main.c        **** 
 102:main.c        **** 
 103:main.c        **** _Bool ProcessCommand(uint8 Command[BUFFERSIZE], uint8 response[BUFFERSIZE])
 104:main.c        **** {
 105:main.c        ****     /*  Avaiable commands 
 106:main.c        ****         
 107:main.c        ****         SA : starts the Analog Out
 108:main.c        ****         STA : Stop the Analog Out
 109:main.c        ****         F## : sets the Freq ## 
 110:main.c        ****                 01 set to 1 hertz 
 111:main.c        ****         RV : reads Voltage
 112:main.c        ****         
 113:main.c        ****         Response
 114:main.c        ****         SA
 115:main.c        ****         STA
 116:main.c        ****         F## : 1 to 10 
 117:main.c        ****         response with OK
 118:main.c        ****         otherwise with NG
 119:main.c        ****     
 120:main.c        ****         RV
 121:main.c        ****         with votage
 122:main.c        ****         
 123:main.c        ****     
 124:main.c        ****     */
 125:main.c        ****    
 126:main.c        ****     char cmdstring[BUFFERSIZE] ;
 127:main.c        ****     sprintf(cmdstring,(const char*)Command); 
 128:main.c        ****     
 129:main.c        ****     if ( 0 == strncmp (cmdstring,"SA",2))   
 130:main.c        ****     {
 131:main.c        ****         StartAnalogOut(); 
 132:main.c        ****        
 133:main.c        ****         sprintf((char*)response,"OK");
 134:main.c        ****         
 135:main.c        ****         return TRUE;
 136:main.c        ****     }
 137:main.c        ****     if ( 0 == strncmp (cmdstring,"STP",3))   
 138:main.c        ****     {
 139:main.c        ****         StopAnalogOut();
 140:main.c        ****        
ARM GAS  C:\Users\minime\AppData\Local\Temp\ccVB7fer.s 			page 4


 141:main.c        ****         sprintf((char*)response,"OK");
 142:main.c        ****         return TRUE;
 143:main.c        ****     }
 144:main.c        ****     if ( 0 == strncmp (cmdstring,"RV",2))   
 145:main.c        ****     {
 146:main.c        ****         int16 Volt = 0;
 147:main.c        ****         float test = 3.1413;
 148:main.c        ****         int test1 = 3421;
 149:main.c        ****         char VoltChar[16];
 150:main.c        ****         Volt = ReadVoltage();
 151:main.c        ****         
 152:main.c        ****        // sprintf(VoltChar,"%1.3F", Volt);
 153:main.c        ****         sprintf(VoltChar,"%f", test);
 154:main.c        ****         sprintf(VoltChar,"%d", test1);
 155:main.c        ****         
 156:main.c        ****         sprintf((char *)response,"%d", Volt);
 157:main.c        ****       //  sprintf((char *)response,"%d", Volt);
 158:main.c        ****        
 159:main.c        ****         Volt = ReadVoltage();
 160:main.c        ****         
 161:main.c        ****         return TRUE;
 162:main.c        ****     }
 163:main.c        ****     if ( 0 == strncmp (cmdstring,"F",1))   
 164:main.c        ****     {
 165:main.c        ****         
 166:main.c        ****         char frq_char[3];
 167:main.c        ****         uint8 freq = 0;
 168:main.c        ****        
 169:main.c        ****         frq_char[0] = cmdstring[1];
 170:main.c        ****         frq_char[1] = cmdstring[2];
 171:main.c        ****          frq_char[2] = '\0';
 172:main.c        ****         
 173:main.c        ****         freq = atoi(frq_char);
 174:main.c        ****         
 175:main.c        ****         if( freq >= 1 && freq <= 10)
 176:main.c        ****         {
 177:main.c        ****             
 178:main.c        ****             SetFreq(freq); 
 179:main.c        ****             sprintf((char*)response,"OK");
 180:main.c        ****             return TRUE;
 181:main.c        ****         }
 182:main.c        ****         else
 183:main.c        ****         {
 184:main.c        ****             sprintf((char*)response,"NG");
 185:main.c        ****         }
 186:main.c        ****         return TRUE;
 187:main.c        ****     }
 188:main.c        ****     else
 189:main.c        ****     {
 190:main.c        ****         // Error the invalid command
 191:main.c        ****        sprintf((char*)response,"NG");
 192:main.c        ****         return TRUE;
 193:main.c        ****     }
 194:main.c        ****     
 195:main.c        ****     
 196:main.c        **** }
 197:main.c        **** 
ARM GAS  C:\Users\minime\AppData\Local\Temp\ccVB7fer.s 			page 5


 198:main.c        **** _Bool StartAnalogOut()
 199:main.c        **** {
  32              		.loc 1 199 0
  33              		.cfi_startproc
  34              		@ args = 0, pretend = 0, frame = 0
  35              		@ frame_needed = 0, uses_anonymous_args = 0
  36 0000 08B5     		push	{r3, lr}
  37              		.cfi_def_cfa_offset 8
  38              		.cfi_offset 3, -8
  39              		.cfi_offset 14, -4
 200:main.c        ****     WaveGen_Start();
  40              		.loc 1 200 0
  41 0002 FFF7FEFF 		bl	WaveGen_Start
  42              	.LVL0:
 201:main.c        ****     AnalogClock_Start();
  43              		.loc 1 201 0
  44 0006 FFF7FEFF 		bl	AnalogClock_Start
  45              	.LVL1:
 202:main.c        ****     WaveFormReader_Start();
  46              		.loc 1 202 0
  47 000a FFF7FEFF 		bl	WaveFormReader_Start
  48              	.LVL2:
 203:main.c        ****     WaveFormReader_StartConvert();
  49              		.loc 1 203 0
  50 000e FFF7FEFF 		bl	WaveFormReader_StartConvert
  51              	.LVL3:
 204:main.c        ****     
 205:main.c        ****     return TRUE;    
 206:main.c        **** }
  52              		.loc 1 206 0
  53 0012 0120     		movs	r0, #1
  54 0014 08BD     		pop	{r3, pc}
  55              		.cfi_endproc
  56              	.LFE66:
  57              		.size	StartAnalogOut, .-StartAnalogOut
  58 0016 00BF     		.section	.text.StopAnalogOut,"ax",%progbits
  59              		.align	2
  60              		.global	StopAnalogOut
  61              		.thumb
  62              		.thumb_func
  63              		.type	StopAnalogOut, %function
  64              	StopAnalogOut:
  65              	.LFB67:
 207:main.c        **** 
 208:main.c        **** _Bool StopAnalogOut()
 209:main.c        **** {
  66              		.loc 1 209 0
  67              		.cfi_startproc
  68              		@ args = 0, pretend = 0, frame = 0
  69              		@ frame_needed = 0, uses_anonymous_args = 0
  70 0000 08B5     		push	{r3, lr}
  71              		.cfi_def_cfa_offset 8
  72              		.cfi_offset 3, -8
  73              		.cfi_offset 14, -4
 210:main.c        ****        WaveGen_Stop();
  74              		.loc 1 210 0
  75 0002 FFF7FEFF 		bl	WaveGen_Stop
ARM GAS  C:\Users\minime\AppData\Local\Temp\ccVB7fer.s 			page 6


  76              	.LVL4:
 211:main.c        ****     return TRUE;    
 212:main.c        **** }
  77              		.loc 1 212 0
  78 0006 0120     		movs	r0, #1
  79 0008 08BD     		pop	{r3, pc}
  80              		.cfi_endproc
  81              	.LFE67:
  82              		.size	StopAnalogOut, .-StopAnalogOut
  83 000a 00BF     		.section	.text.SetFreq,"ax",%progbits
  84              		.align	2
  85              		.global	SetFreq
  86              		.thumb
  87              		.thumb_func
  88              		.type	SetFreq, %function
  89              	SetFreq:
  90              	.LFB68:
 213:main.c        **** _Bool SetFreq(uint8 freq)
 214:main.c        **** {
  91              		.loc 1 214 0
  92              		.cfi_startproc
  93              		@ args = 0, pretend = 0, frame = 0
  94              		@ frame_needed = 0, uses_anonymous_args = 0
  95              	.LVL5:
  96 0000 08B5     		push	{r3, lr}
  97              		.cfi_def_cfa_offset 8
  98              		.cfi_offset 3, -8
  99              		.cfi_offset 14, -4
 100              	.LVL6:
 215:main.c        ****     // should put error checking in this function .... MR
 216:main.c        ****     uint16 SourceFreq = 24000; // the value is in Khz
 217:main.c        ****     uint16 ClkDiv = (uint16) (SourceFreq/freq);
 101              		.loc 1 217 0
 102 0002 45F6C053 		movw	r3, #24000
 103 0006 93FBF0F0 		sdiv	r0, r3, r0
 104              	.LVL7:
 218:main.c        ****     AnalogClock_SetDividerValue(ClkDiv); // unknown behavior if clock is running or not.
 105              		.loc 1 218 0
 106 000a 0138     		subs	r0, r0, #1
 107              	.LVL8:
 108 000c 0121     		movs	r1, #1
 109 000e 80B2     		uxth	r0, r0
 110              	.LVL9:
 111 0010 FFF7FEFF 		bl	AnalogClock_SetDividerRegister
 112              	.LVL10:
 219:main.c        ****     return TRUE;
 220:main.c        **** }
 113              		.loc 1 220 0
 114 0014 0120     		movs	r0, #1
 115 0016 08BD     		pop	{r3, pc}
 116              		.cfi_endproc
 117              	.LFE68:
 118              		.size	SetFreq, .-SetFreq
 119              		.section	.text.ReadVoltage,"ax",%progbits
 120              		.align	2
 121              		.global	ReadVoltage
 122              		.thumb
ARM GAS  C:\Users\minime\AppData\Local\Temp\ccVB7fer.s 			page 7


 123              		.thumb_func
 124              		.type	ReadVoltage, %function
 125              	ReadVoltage:
 126              	.LFB69:
 221:main.c        **** int16 ReadVoltage()
 222:main.c        **** {
 127              		.loc 1 222 0
 128              		.cfi_startproc
 129              		@ args = 0, pretend = 0, frame = 0
 130              		@ frame_needed = 0, uses_anonymous_args = 0
 131 0000 08B5     		push	{r3, lr}
 132              		.cfi_def_cfa_offset 8
 133              		.cfi_offset 3, -8
 134              		.cfi_offset 14, -4
 223:main.c        ****     WaveFormReader_IsEndConversion(WaveFormReader_WAIT_FOR_RESULT);
 135              		.loc 1 223 0
 136 0002 0020     		movs	r0, #0
 137 0004 FFF7FEFF 		bl	WaveFormReader_IsEndConversion
 138              	.LVL11:
 224:main.c        ****     int16 res = WaveFormReader_GetResult16();
 139              		.loc 1 224 0
 140 0008 FFF7FEFF 		bl	WaveFormReader_GetResult16
 141              	.LVL12:
 225:main.c        ****     int16 f =  WaveFormReader_CountsTo_mVolts(res);
 142              		.loc 1 225 0
 143 000c FFF7FEFF 		bl	WaveFormReader_CountsTo_mVolts
 144              	.LVL13:
 226:main.c        ****     return f;
 227:main.c        **** }
 145              		.loc 1 227 0
 146 0010 08BD     		pop	{r3, pc}
 147              		.cfi_endproc
 148              	.LFE69:
 149              		.size	ReadVoltage, .-ReadVoltage
 150 0012 00BF     		.section	.text.ProcessCommand,"ax",%progbits
 151              		.align	2
 152              		.global	ProcessCommand
 153              		.thumb
 154              		.thumb_func
 155              		.type	ProcessCommand, %function
 156              	ProcessCommand:
 157              	.LFB65:
 104:main.c        ****     /*  Avaiable commands 
 158              		.loc 1 104 0
 159              		.cfi_startproc
 160              		@ args = 0, pretend = 0, frame = 80
 161              		@ frame_needed = 0, uses_anonymous_args = 0
 162              	.LVL14:
 163 0000 70B5     		push	{r4, r5, r6, lr}
 164              		.cfi_def_cfa_offset 16
 165              		.cfi_offset 4, -16
 166              		.cfi_offset 5, -12
 167              		.cfi_offset 6, -8
 168              		.cfi_offset 14, -4
 169 0002 94B0     		sub	sp, sp, #80
 170              		.cfi_def_cfa_offset 96
 171 0004 0C46     		mov	r4, r1
ARM GAS  C:\Users\minime\AppData\Local\Temp\ccVB7fer.s 			page 8


 127:main.c        ****     
 172              		.loc 1 127 0
 173 0006 0146     		mov	r1, r0
 174              	.LVL15:
 175 0008 04A8     		add	r0, sp, #16
 176              	.LVL16:
 177 000a FFF7FEFF 		bl	sprintf
 178              	.LVL17:
 129:main.c        ****     {
 179              		.loc 1 129 0
 180 000e 0222     		movs	r2, #2
 181 0010 3549     		ldr	r1, .L18+8
 182 0012 04A8     		add	r0, sp, #16
 183 0014 FFF7FEFF 		bl	strncmp
 184              	.LVL18:
 185 0018 38B9     		cbnz	r0, .L10
 131:main.c        ****        
 186              		.loc 1 131 0
 187 001a FFF7FEFF 		bl	StartAnalogOut
 188              	.LVL19:
 133:main.c        ****         
 189              		.loc 1 133 0
 190 001e 334B     		ldr	r3, .L18+12
 191 0020 1A88     		ldrh	r2, [r3]	@ unaligned
 192 0022 9B78     		ldrb	r3, [r3, #2]	@ zero_extendqisi2
 193 0024 2280     		strh	r2, [r4]	@ unaligned
 194 0026 A370     		strb	r3, [r4, #2]
 135:main.c        ****     }
 195              		.loc 1 135 0
 196 0028 56E0     		b	.L11
 197              	.L10:
 137:main.c        ****     {
 198              		.loc 1 137 0
 199 002a 0322     		movs	r2, #3
 200 002c 3049     		ldr	r1, .L18+16
 201 002e 04A8     		add	r0, sp, #16
 202 0030 FFF7FEFF 		bl	strncmp
 203              	.LVL20:
 204 0034 38B9     		cbnz	r0, .L12
 139:main.c        ****        
 205              		.loc 1 139 0
 206 0036 FFF7FEFF 		bl	StopAnalogOut
 207              	.LVL21:
 141:main.c        ****         return TRUE;
 208              		.loc 1 141 0
 209 003a 2C4B     		ldr	r3, .L18+12
 210 003c 1A88     		ldrh	r2, [r3]	@ unaligned
 211 003e 9B78     		ldrb	r3, [r3, #2]	@ zero_extendqisi2
 212 0040 2280     		strh	r2, [r4]	@ unaligned
 213 0042 A370     		strb	r3, [r4, #2]
 142:main.c        ****     }
 214              		.loc 1 142 0
 215 0044 48E0     		b	.L11
 216              	.L12:
 144:main.c        ****     {
 217              		.loc 1 144 0
 218 0046 0222     		movs	r2, #2
ARM GAS  C:\Users\minime\AppData\Local\Temp\ccVB7fer.s 			page 9


 219 0048 2A49     		ldr	r1, .L18+20
 220 004a 04A8     		add	r0, sp, #16
 221 004c FFF7FEFF 		bl	strncmp
 222              	.LVL22:
 223 0050 C0B9     		cbnz	r0, .L13
 224              	.LVL23:
 225              	.LBB2:
 150:main.c        ****         
 226              		.loc 1 150 0
 227 0052 FFF7FEFF 		bl	ReadVoltage
 228              	.LVL24:
 229 0056 0646     		mov	r6, r0
 230              	.LVL25:
 153:main.c        ****         sprintf(VoltChar,"%d", test1);
 231              		.loc 1 153 0
 232 0058 21A3     		adr	r3, .L18
 233 005a D3E90023 		ldrd	r2, [r3]
 234 005e 2649     		ldr	r1, .L18+24
 235 0060 6846     		mov	r0, sp
 236 0062 FFF7FEFF 		bl	sprintf
 237              	.LVL26:
 154:main.c        ****         
 238              		.loc 1 154 0
 239 0066 254D     		ldr	r5, .L18+28
 240 0068 40F65D52 		movw	r2, #3421
 241 006c 2946     		mov	r1, r5
 242 006e 6846     		mov	r0, sp
 243 0070 FFF7FEFF 		bl	sprintf
 244              	.LVL27:
 156:main.c        ****       //  sprintf((char *)response,"%d", Volt);
 245              		.loc 1 156 0
 246 0074 3246     		mov	r2, r6
 247 0076 2946     		mov	r1, r5
 248 0078 2046     		mov	r0, r4
 249 007a FFF7FEFF 		bl	sprintf
 250              	.LVL28:
 159:main.c        ****         
 251              		.loc 1 159 0
 252 007e FFF7FEFF 		bl	ReadVoltage
 253              	.LVL29:
 254 0082 29E0     		b	.L11
 255              	.LVL30:
 256              	.L13:
 257              	.LBE2:
 163:main.c        ****     {
 258              		.loc 1 163 0
 259 0084 9DF81030 		ldrb	r3, [sp, #16]	@ zero_extendqisi2
 260 0088 462B     		cmp	r3, #70
 261 008a 20D1     		bne	.L14
 262              	.LVL31:
 263              	.LBB3:
 169:main.c        ****         frq_char[1] = cmdstring[2];
 264              		.loc 1 169 0
 265 008c 9DF81130 		ldrb	r3, [sp, #17]	@ zero_extendqisi2
 266 0090 8DF80030 		strb	r3, [sp]
 170:main.c        ****          frq_char[2] = '\0';
 267              		.loc 1 170 0
ARM GAS  C:\Users\minime\AppData\Local\Temp\ccVB7fer.s 			page 10


 268 0094 9DF81230 		ldrb	r3, [sp, #18]	@ zero_extendqisi2
 269 0098 8DF80130 		strb	r3, [sp, #1]
 171:main.c        ****         
 270              		.loc 1 171 0
 271 009c 0023     		movs	r3, #0
 272 009e 8DF80230 		strb	r3, [sp, #2]
 173:main.c        ****         
 273              		.loc 1 173 0
 274 00a2 6846     		mov	r0, sp
 275 00a4 FFF7FEFF 		bl	atoi
 276              	.LVL32:
 277 00a8 C0B2     		uxtb	r0, r0
 278              	.LVL33:
 175:main.c        ****         {
 279              		.loc 1 175 0
 280 00aa 431E     		subs	r3, r0, #1
 281 00ac DBB2     		uxtb	r3, r3
 282 00ae 092B     		cmp	r3, #9
 283 00b0 07D8     		bhi	.L15
 178:main.c        ****             sprintf((char*)response,"OK");
 284              		.loc 1 178 0
 285 00b2 FFF7FEFF 		bl	SetFreq
 286              	.LVL34:
 179:main.c        ****             return TRUE;
 287              		.loc 1 179 0
 288 00b6 0D4B     		ldr	r3, .L18+12
 289 00b8 1A88     		ldrh	r2, [r3]	@ unaligned
 290 00ba 9B78     		ldrb	r3, [r3, #2]	@ zero_extendqisi2
 291 00bc 2280     		strh	r2, [r4]	@ unaligned
 292 00be A370     		strb	r3, [r4, #2]
 180:main.c        ****         }
 293              		.loc 1 180 0
 294 00c0 0AE0     		b	.L11
 295              	.LVL35:
 296              	.L15:
 184:main.c        ****         }
 297              		.loc 1 184 0
 298 00c2 0F4B     		ldr	r3, .L18+32
 299 00c4 1A88     		ldrh	r2, [r3]	@ unaligned
 300 00c6 9B78     		ldrb	r3, [r3, #2]	@ zero_extendqisi2
 301 00c8 2280     		strh	r2, [r4]	@ unaligned
 302 00ca A370     		strb	r3, [r4, #2]
 186:main.c        ****     }
 303              		.loc 1 186 0
 304 00cc 04E0     		b	.L11
 305              	.LVL36:
 306              	.L14:
 307              	.LBE3:
 191:main.c        ****         return TRUE;
 308              		.loc 1 191 0
 309 00ce 0C4B     		ldr	r3, .L18+32
 310 00d0 1A88     		ldrh	r2, [r3]	@ unaligned
 311 00d2 9B78     		ldrb	r3, [r3, #2]	@ zero_extendqisi2
 312 00d4 2280     		strh	r2, [r4]	@ unaligned
 313 00d6 A370     		strb	r3, [r4, #2]
 314              	.L11:
 196:main.c        **** 
ARM GAS  C:\Users\minime\AppData\Local\Temp\ccVB7fer.s 			page 11


 315              		.loc 1 196 0 discriminator 1
 316 00d8 0120     		movs	r0, #1
 317 00da 14B0     		add	sp, sp, #80
 318              		.cfi_def_cfa_offset 16
 319              		@ sp needed
 320 00dc 70BD     		pop	{r4, r5, r6, pc}
 321              	.LVL37:
 322              	.L19:
 323 00de 00BF     		.align	3
 324              	.L18:
 325 00e0 000000E0 		.word	-536870912
 326 00e4 61210940 		.word	1074340193
 327 00e8 00000000 		.word	.LC0
 328 00ec 04000000 		.word	.LC1
 329 00f0 08000000 		.word	.LC2
 330 00f4 0C000000 		.word	.LC3
 331 00f8 10000000 		.word	.LC4
 332 00fc 14000000 		.word	.LC5
 333 0100 18000000 		.word	.LC6
 334              		.cfi_endproc
 335              	.LFE65:
 336              		.size	ProcessCommand, .-ProcessCommand
 337              		.section	.text.main,"ax",%progbits
 338              		.align	2
 339              		.global	main
 340              		.thumb
 341              		.thumb_func
 342              		.type	main, %function
 343              	main:
 344              	.LFB64:
  39:main.c        ****     CyGlobalIntEnable; /* Enable global interrupts. */
 345              		.loc 1 39 0
 346              		.cfi_startproc
 347              		@ args = 0, pretend = 0, frame = 128
 348              		@ frame_needed = 0, uses_anonymous_args = 0
 349 0000 00B5     		push	{lr}
 350              		.cfi_def_cfa_offset 4
 351              		.cfi_offset 14, -4
 352 0002 A1B0     		sub	sp, sp, #132
 353              		.cfi_def_cfa_offset 136
  40:main.c        **** 
 354              		.loc 1 40 0
 355              		.syntax unified
 356              	@ 40 "main.c" 1
 357 0004 62B6     		CPSIE   i
 358              	@ 0 "" 2
 359              	.LVL38:
  50:main.c        ****     while( 0 == USBCOMM_GetConfiguration()) // make sure the USB is Conf
 360              		.loc 1 50 0
 361              		.thumb
 362              		.syntax unified
 363 0006 0121     		movs	r1, #1
 364 0008 0020     		movs	r0, #0
 365 000a FFF7FEFF 		bl	USBCOMM_Start
 366              	.LVL39:
 367              	.L21:
  51:main.c        ****         {
ARM GAS  C:\Users\minime\AppData\Local\Temp\ccVB7fer.s 			page 12


 368              		.loc 1 51 0 discriminator 1
 369 000e FFF7FEFF 		bl	USBCOMM_GetConfiguration
 370              	.LVL40:
 371 0012 0028     		cmp	r0, #0
 372 0014 FBD0     		beq	.L21
  56:main.c        ****        
 373              		.loc 1 56 0
 374 0016 0220     		movs	r0, #2
 375 0018 FFF7FEFF 		bl	USBCOMM_EnableOutEP
 376              	.LVL41:
 377              	.L23:
  66:main.c        ****             if(0 != USBCOMM_GetConfiguration())
 378              		.loc 1 66 0
 379 001c FFF7FEFF 		bl	USBCOMM_IsConfigurationChanged
 380              	.LVL42:
 381 0020 28B1     		cbz	r0, .L22
  67:main.c        ****             {
 382              		.loc 1 67 0
 383 0022 FFF7FEFF 		bl	USBCOMM_GetConfiguration
 384              	.LVL43:
 385 0026 10B1     		cbz	r0, .L22
  69:main.c        ****                
 386              		.loc 1 69 0
 387 0028 0220     		movs	r0, #2
 388 002a FFF7FEFF 		bl	USBCOMM_EnableOutEP
 389              	.LVL44:
 390              	.L22:
  73:main.c        ****         {
 391              		.loc 1 73 0
 392 002e FFF7FEFF 		bl	USBCOMM_GetConfiguration
 393              	.LVL45:
 394 0032 0028     		cmp	r0, #0
 395 0034 F2D0     		beq	.L23
  75:main.c        ****             {
 396              		.loc 1 75 0
 397 0036 0220     		movs	r0, #2
 398 0038 FFF7FEFF 		bl	USBCOMM_GetEPState
 399              	.LVL46:
 400 003c 0128     		cmp	r0, #1
 401 003e EDD1     		bne	.L23
  77:main.c        ****                 if( OUTBufferCount != 0)
 402              		.loc 1 77 0
 403 0040 0220     		movs	r0, #2
 404 0042 FFF7FEFF 		bl	USBCOMM_GetEPCount
 405              	.LVL47:
  78:main.c        ****                 {
 406              		.loc 1 78 0
 407 0046 0246     		mov	r2, r0
 408 0048 0028     		cmp	r0, #0
 409 004a E7D0     		beq	.L23
  82:main.c        ****                     USBCOMM_EnableOutEP(EP_OUT_BULK); 
 410              		.loc 1 82 0
 411 004c 10A9     		add	r1, sp, #64
 412 004e 0220     		movs	r0, #2
 413              	.LVL48:
 414 0050 FFF7FEFF 		bl	USBCOMM_ReadOutEP
 415              	.LVL49:
ARM GAS  C:\Users\minime\AppData\Local\Temp\ccVB7fer.s 			page 13


  83:main.c        ****                     ProcessCommand(OUTBuffer, INBuffer);
 416              		.loc 1 83 0
 417 0054 0220     		movs	r0, #2
 418 0056 FFF7FEFF 		bl	USBCOMM_EnableOutEP
 419              	.LVL50:
  84:main.c        ****                  
 420              		.loc 1 84 0
 421 005a 6946     		mov	r1, sp
 422 005c 10A8     		add	r0, sp, #64
 423 005e FFF7FEFF 		bl	ProcessCommand
 424              	.LVL51:
 425              	.L26:
  86:main.c        ****                     {
 426              		.loc 1 86 0 discriminator 1
 427 0062 0120     		movs	r0, #1
 428 0064 FFF7FEFF 		bl	USBCOMM_GetEPState
 429              	.LVL52:
 430 0068 0128     		cmp	r0, #1
 431 006a FAD1     		bne	.L26
  89:main.c        ****                 }
 432              		.loc 1 89 0
 433 006c 4022     		movs	r2, #64
 434 006e 6946     		mov	r1, sp
 435 0070 FFF7FEFF 		bl	USBCOMM_LoadInEP
 436              	.LVL53:
 437 0074 D2E7     		b	.L23
 438              		.cfi_endproc
 439              	.LFE64:
 440              		.size	main, .-main
 441 0076 00BF     		.section	.rodata.str1.4,"aMS",%progbits,1
 442              		.align	2
 443              	.LC0:
 444 0000 534100   		.ascii	"SA\000"
 445 0003 00       		.space	1
 446              	.LC1:
 447 0004 4F4B00   		.ascii	"OK\000"
 448 0007 00       		.space	1
 449              	.LC2:
 450 0008 53545000 		.ascii	"STP\000"
 451              	.LC3:
 452 000c 525600   		.ascii	"RV\000"
 453 000f 00       		.space	1
 454              	.LC4:
 455 0010 256600   		.ascii	"%f\000"
 456 0013 00       		.space	1
 457              	.LC5:
 458 0014 256400   		.ascii	"%d\000"
 459 0017 00       		.space	1
 460              	.LC6:
 461 0018 4E4700   		.ascii	"NG\000"
 462              		.text
 463              	.Letext0:
 464              		.file 2 "c:\\program files (x86)\\cypress\\psoc creator\\4.2\\psoc creator\\import\\gnu\\arm\\5.4.
 465              		.file 3 "c:\\program files (x86)\\cypress\\psoc creator\\4.2\\psoc creator\\import\\gnu\\arm\\5.4.
 466              		.file 4 "Generated_Source\\PSoC5/cytypes.h"
 467              		.file 5 "Generated_Source\\PSoC5/WaveGen.h"
 468              		.file 6 "Generated_Source\\PSoC5/AnalogClock.h"
ARM GAS  C:\Users\minime\AppData\Local\Temp\ccVB7fer.s 			page 14


 469              		.file 7 "Generated_Source\\PSoC5/WaveFormReader.h"
 470              		.file 8 "c:\\program files (x86)\\cypress\\psoc creator\\4.2\\psoc creator\\import\\gnu\\arm\\5.4.
 471              		.file 9 "c:\\program files (x86)\\cypress\\psoc creator\\4.2\\psoc creator\\import\\gnu\\arm\\5.4.
 472              		.file 10 "c:\\program files (x86)\\cypress\\psoc creator\\4.2\\psoc creator\\import\\gnu\\arm\\5.4
 473              		.file 11 "Generated_Source\\PSoC5/USBCOMM.h"
 474              		.file 12 "Generated_Source\\PSoC5/core_cm3.h"
 475              		.section	.debug_info,"",%progbits
 476              	.Ldebug_info0:
 477 0000 46060000 		.4byte	0x646
 478 0004 0400     		.2byte	0x4
 479 0006 00000000 		.4byte	.Ldebug_abbrev0
 480 000a 04       		.byte	0x4
 481 000b 01       		.uleb128 0x1
 482 000c 5D030000 		.4byte	.LASF59
 483 0010 0C       		.byte	0xc
 484 0011 CC020000 		.4byte	.LASF60
 485 0015 59010000 		.4byte	.LASF61
 486 0019 00000000 		.4byte	.Ldebug_ranges0+0
 487 001d 00000000 		.4byte	0
 488 0021 00000000 		.4byte	.Ldebug_line0
 489 0025 02       		.uleb128 0x2
 490 0026 08       		.byte	0x8
 491 0027 04       		.byte	0x4
 492 0028 E5020000 		.4byte	.LASF0
 493 002c 02       		.uleb128 0x2
 494 002d 01       		.byte	0x1
 495 002e 06       		.byte	0x6
 496 002f E8010000 		.4byte	.LASF1
 497 0033 02       		.uleb128 0x2
 498 0034 01       		.byte	0x1
 499 0035 08       		.byte	0x8
 500 0036 D2010000 		.4byte	.LASF2
 501 003a 02       		.uleb128 0x2
 502 003b 02       		.byte	0x2
 503 003c 05       		.byte	0x5
 504 003d 0F000000 		.4byte	.LASF3
 505 0041 02       		.uleb128 0x2
 506 0042 02       		.byte	0x2
 507 0043 07       		.byte	0x7
 508 0044 31020000 		.4byte	.LASF4
 509 0048 03       		.uleb128 0x3
 510 0049 14030000 		.4byte	.LASF10
 511 004d 02       		.byte	0x2
 512 004e 3F       		.byte	0x3f
 513 004f 53000000 		.4byte	0x53
 514 0053 02       		.uleb128 0x2
 515 0054 04       		.byte	0x4
 516 0055 05       		.byte	0x5
 517 0056 0D010000 		.4byte	.LASF5
 518 005a 02       		.uleb128 0x2
 519 005b 04       		.byte	0x4
 520 005c 07       		.byte	0x7
 521 005d D3020000 		.4byte	.LASF6
 522 0061 02       		.uleb128 0x2
 523 0062 08       		.byte	0x8
 524 0063 05       		.byte	0x5
 525 0064 F2000000 		.4byte	.LASF7
ARM GAS  C:\Users\minime\AppData\Local\Temp\ccVB7fer.s 			page 15


 526 0068 02       		.uleb128 0x2
 527 0069 08       		.byte	0x8
 528 006a 07       		.byte	0x7
 529 006b F4010000 		.4byte	.LASF8
 530 006f 04       		.uleb128 0x4
 531 0070 04       		.byte	0x4
 532 0071 05       		.byte	0x5
 533 0072 696E7400 		.ascii	"int\000"
 534 0076 02       		.uleb128 0x2
 535 0077 04       		.byte	0x4
 536 0078 07       		.byte	0x7
 537 0079 0B020000 		.4byte	.LASF9
 538 007d 03       		.uleb128 0x3
 539 007e 7F020000 		.4byte	.LASF11
 540 0082 03       		.byte	0x3
 541 0083 2C       		.byte	0x2c
 542 0084 48000000 		.4byte	0x48
 543 0088 05       		.uleb128 0x5
 544 0089 9D000000 		.4byte	.LASF12
 545 008d 04       		.byte	0x4
 546 008e E401     		.2byte	0x1e4
 547 0090 33000000 		.4byte	0x33
 548 0094 05       		.uleb128 0x5
 549 0095 85000000 		.4byte	.LASF13
 550 0099 04       		.byte	0x4
 551 009a E501     		.2byte	0x1e5
 552 009c 41000000 		.4byte	0x41
 553 00a0 05       		.uleb128 0x5
 554 00a1 97000000 		.4byte	.LASF14
 555 00a5 04       		.byte	0x4
 556 00a6 E801     		.2byte	0x1e8
 557 00a8 3A000000 		.4byte	0x3a
 558 00ac 02       		.uleb128 0x2
 559 00ad 04       		.byte	0x4
 560 00ae 04       		.byte	0x4
 561 00af C8000000 		.4byte	.LASF15
 562 00b3 02       		.uleb128 0x2
 563 00b4 01       		.byte	0x1
 564 00b5 08       		.byte	0x8
 565 00b6 4C020000 		.4byte	.LASF16
 566 00ba 02       		.uleb128 0x2
 567 00bb 08       		.byte	0x8
 568 00bc 04       		.byte	0x4
 569 00bd B8010000 		.4byte	.LASF17
 570 00c1 02       		.uleb128 0x2
 571 00c2 04       		.byte	0x4
 572 00c3 07       		.byte	0x7
 573 00c4 19000000 		.4byte	.LASF18
 574 00c8 06       		.uleb128 0x6
 575 00c9 00000000 		.4byte	.LASF20
 576 00cd 01       		.byte	0x1
 577 00ce C6       		.byte	0xc6
 578 00cf 06010000 		.4byte	0x106
 579 00d3 00000000 		.4byte	.LFB66
 580 00d7 16000000 		.4byte	.LFE66-.LFB66
 581 00db 01       		.uleb128 0x1
 582 00dc 9C       		.byte	0x9c
ARM GAS  C:\Users\minime\AppData\Local\Temp\ccVB7fer.s 			page 16


 583 00dd 06010000 		.4byte	0x106
 584 00e1 07       		.uleb128 0x7
 585 00e2 06000000 		.4byte	.LVL0
 586 00e6 65050000 		.4byte	0x565
 587 00ea 07       		.uleb128 0x7
 588 00eb 0A000000 		.4byte	.LVL1
 589 00ef 70050000 		.4byte	0x570
 590 00f3 07       		.uleb128 0x7
 591 00f4 0E000000 		.4byte	.LVL2
 592 00f8 7B050000 		.4byte	0x57b
 593 00fc 07       		.uleb128 0x7
 594 00fd 12000000 		.4byte	.LVL3
 595 0101 86050000 		.4byte	0x586
 596 0105 00       		.byte	0
 597 0106 02       		.uleb128 0x2
 598 0107 01       		.byte	0x1
 599 0108 02       		.byte	0x2
 600 0109 99020000 		.4byte	.LASF19
 601 010d 06       		.uleb128 0x6
 602 010e 77000000 		.4byte	.LASF21
 603 0112 01       		.byte	0x1
 604 0113 D0       		.byte	0xd0
 605 0114 06010000 		.4byte	0x106
 606 0118 00000000 		.4byte	.LFB67
 607 011c 0A000000 		.4byte	.LFE67-.LFB67
 608 0120 01       		.uleb128 0x1
 609 0121 9C       		.byte	0x9c
 610 0122 30010000 		.4byte	0x130
 611 0126 07       		.uleb128 0x7
 612 0127 06000000 		.4byte	.LVL4
 613 012b 91050000 		.4byte	0x591
 614 012f 00       		.byte	0
 615 0130 08       		.uleb128 0x8
 616 0131 39010000 		.4byte	.LASF25
 617 0135 01       		.byte	0x1
 618 0136 D5       		.byte	0xd5
 619 0137 06010000 		.4byte	0x106
 620 013b 00000000 		.4byte	.LFB68
 621 013f 18000000 		.4byte	.LFE68-.LFB68
 622 0143 01       		.uleb128 0x1
 623 0144 9C       		.byte	0x9c
 624 0145 84010000 		.4byte	0x184
 625 0149 09       		.uleb128 0x9
 626 014a ED000000 		.4byte	.LASF27
 627 014e 01       		.byte	0x1
 628 014f D5       		.byte	0xd5
 629 0150 88000000 		.4byte	0x88
 630 0154 00000000 		.4byte	.LLST0
 631 0158 0A       		.uleb128 0xa
 632 0159 8C000000 		.4byte	.LASF22
 633 015d 01       		.byte	0x1
 634 015e D8       		.byte	0xd8
 635 015f 94000000 		.4byte	0x94
 636 0163 C05D     		.2byte	0x5dc0
 637 0165 0B       		.uleb128 0xb
 638 0166 21020000 		.4byte	.LASF23
 639 016a 01       		.byte	0x1
ARM GAS  C:\Users\minime\AppData\Local\Temp\ccVB7fer.s 			page 17


 640 016b D9       		.byte	0xd9
 641 016c 94000000 		.4byte	0x94
 642 0170 21000000 		.4byte	.LLST1
 643 0174 0C       		.uleb128 0xc
 644 0175 14000000 		.4byte	.LVL10
 645 0179 9C050000 		.4byte	0x59c
 646 017d 0D       		.uleb128 0xd
 647 017e 01       		.uleb128 0x1
 648 017f 51       		.byte	0x51
 649 0180 01       		.uleb128 0x1
 650 0181 31       		.byte	0x31
 651 0182 00       		.byte	0
 652 0183 00       		.byte	0
 653 0184 06       		.uleb128 0x6
 654 0185 4B000000 		.4byte	.LASF24
 655 0189 01       		.byte	0x1
 656 018a DD       		.byte	0xdd
 657 018b A0000000 		.4byte	0xa0
 658 018f 00000000 		.4byte	.LFB69
 659 0193 12000000 		.4byte	.LFE69-.LFB69
 660 0197 01       		.uleb128 0x1
 661 0198 9C       		.byte	0x9c
 662 0199 DD010000 		.4byte	0x1dd
 663 019d 0E       		.uleb128 0xe
 664 019e 72657300 		.ascii	"res\000"
 665 01a2 01       		.byte	0x1
 666 01a3 E0       		.byte	0xe0
 667 01a4 A0000000 		.4byte	0xa0
 668 01a8 41000000 		.4byte	.LLST2
 669 01ac 0F       		.uleb128 0xf
 670 01ad 6600     		.ascii	"f\000"
 671 01af 01       		.byte	0x1
 672 01b0 E1       		.byte	0xe1
 673 01b1 A0000000 		.4byte	0xa0
 674 01b5 01       		.uleb128 0x1
 675 01b6 50       		.byte	0x50
 676 01b7 10       		.uleb128 0x10
 677 01b8 08000000 		.4byte	.LVL11
 678 01bc A7050000 		.4byte	0x5a7
 679 01c0 CA010000 		.4byte	0x1ca
 680 01c4 0D       		.uleb128 0xd
 681 01c5 01       		.uleb128 0x1
 682 01c6 50       		.byte	0x50
 683 01c7 01       		.uleb128 0x1
 684 01c8 30       		.byte	0x30
 685 01c9 00       		.byte	0
 686 01ca 07       		.uleb128 0x7
 687 01cb 0C000000 		.4byte	.LVL12
 688 01cf B2050000 		.4byte	0x5b2
 689 01d3 07       		.uleb128 0x7
 690 01d4 10000000 		.4byte	.LVL13
 691 01d8 BD050000 		.4byte	0x5bd
 692 01dc 00       		.byte	0
 693 01dd 08       		.uleb128 0x8
 694 01de 41030000 		.4byte	.LASF26
 695 01e2 01       		.byte	0x1
 696 01e3 67       		.byte	0x67
ARM GAS  C:\Users\minime\AppData\Local\Temp\ccVB7fer.s 			page 18


 697 01e4 06010000 		.4byte	0x106
 698 01e8 00000000 		.4byte	.LFB65
 699 01ec 04010000 		.4byte	.LFE65-.LFB65
 700 01f0 01       		.uleb128 0x1
 701 01f1 9C       		.byte	0x9c
 702 01f2 CE030000 		.4byte	0x3ce
 703 01f6 09       		.uleb128 0x9
 704 01f7 44020000 		.4byte	.LASF28
 705 01fb 01       		.byte	0x1
 706 01fc 67       		.byte	0x67
 707 01fd CE030000 		.4byte	0x3ce
 708 0201 54000000 		.4byte	.LLST3
 709 0205 09       		.uleb128 0x9
 710 0206 EC020000 		.4byte	.LASF29
 711 020a 01       		.byte	0x1
 712 020b 67       		.byte	0x67
 713 020c CE030000 		.4byte	0x3ce
 714 0210 80000000 		.4byte	.LLST4
 715 0214 11       		.uleb128 0x11
 716 0215 00040000 		.4byte	.LASF30
 717 0219 01       		.byte	0x1
 718 021a 7E       		.byte	0x7e
 719 021b D4030000 		.4byte	0x3d4
 720 021f 03       		.uleb128 0x3
 721 0220 91       		.byte	0x91
 722 0221 B07F     		.sleb128 -80
 723 0223 12       		.uleb128 0x12
 724 0224 52000000 		.4byte	.LBB2
 725 0228 32000000 		.4byte	.LBE2-.LBB2
 726 022c F1020000 		.4byte	0x2f1
 727 0230 0B       		.uleb128 0xb
 728 0231 41010000 		.4byte	.LASF31
 729 0235 01       		.byte	0x1
 730 0236 92       		.byte	0x92
 731 0237 A0000000 		.4byte	0xa0
 732 023b AC000000 		.4byte	.LLST5
 733 023f 0B       		.uleb128 0xb
 734 0240 A8020000 		.4byte	.LASF32
 735 0244 01       		.byte	0x1
 736 0245 93       		.byte	0x93
 737 0246 AC000000 		.4byte	0xac
 738 024a CB000000 		.4byte	.LLST6
 739 024e 0B       		.uleb128 0xb
 740 024f A3000000 		.4byte	.LASF33
 741 0253 01       		.byte	0x1
 742 0254 94       		.byte	0x94
 743 0255 6F000000 		.4byte	0x6f
 744 0259 E3000000 		.4byte	.LLST7
 745 025d 11       		.uleb128 0x11
 746 025e 18020000 		.4byte	.LASF34
 747 0262 01       		.byte	0x1
 748 0263 95       		.byte	0x95
 749 0264 E4030000 		.4byte	0x3e4
 750 0268 03       		.uleb128 0x3
 751 0269 91       		.byte	0x91
 752 026a A07F     		.sleb128 -96
 753 026c 07       		.uleb128 0x7
ARM GAS  C:\Users\minime\AppData\Local\Temp\ccVB7fer.s 			page 19


 754 026d 56000000 		.4byte	.LVL24
 755 0271 84010000 		.4byte	0x184
 756 0275 10       		.uleb128 0x10
 757 0276 66000000 		.4byte	.LVL26
 758 027a C8050000 		.4byte	0x5c8
 759 027e A6020000 		.4byte	0x2a6
 760 0282 0D       		.uleb128 0xd
 761 0283 01       		.uleb128 0x1
 762 0284 50       		.byte	0x50
 763 0285 02       		.uleb128 0x2
 764 0286 7D       		.byte	0x7d
 765 0287 00       		.sleb128 0
 766 0288 0D       		.uleb128 0xd
 767 0289 01       		.uleb128 0x1
 768 028a 51       		.byte	0x51
 769 028b 05       		.uleb128 0x5
 770 028c 03       		.byte	0x3
 771 028d 10000000 		.4byte	.LC4
 772 0291 0D       		.uleb128 0xd
 773 0292 06       		.uleb128 0x6
 774 0293 52       		.byte	0x52
 775 0294 93       		.byte	0x93
 776 0295 04       		.uleb128 0x4
 777 0296 53       		.byte	0x53
 778 0297 93       		.byte	0x93
 779 0298 04       		.uleb128 0x4
 780 0299 0B       		.uleb128 0xb
 781 029a F4       		.byte	0xf4
 782 029b 25       		.uleb128 0x25
 783 029c 08       		.byte	0x8
 784 029d 000000E0 		.4byte	0xe0000000
 785 02a1 61210940 		.4byte	0x40092161
 786 02a5 00       		.byte	0
 787 02a6 10       		.uleb128 0x10
 788 02a7 74000000 		.4byte	.LVL27
 789 02ab C8050000 		.4byte	0x5c8
 790 02af C7020000 		.4byte	0x2c7
 791 02b3 0D       		.uleb128 0xd
 792 02b4 01       		.uleb128 0x1
 793 02b5 50       		.byte	0x50
 794 02b6 02       		.uleb128 0x2
 795 02b7 7D       		.byte	0x7d
 796 02b8 00       		.sleb128 0
 797 02b9 0D       		.uleb128 0xd
 798 02ba 01       		.uleb128 0x1
 799 02bb 51       		.byte	0x51
 800 02bc 02       		.uleb128 0x2
 801 02bd 75       		.byte	0x75
 802 02be 00       		.sleb128 0
 803 02bf 0D       		.uleb128 0xd
 804 02c0 01       		.uleb128 0x1
 805 02c1 52       		.byte	0x52
 806 02c2 03       		.uleb128 0x3
 807 02c3 0A       		.byte	0xa
 808 02c4 5D0D     		.2byte	0xd5d
 809 02c6 00       		.byte	0
 810 02c7 10       		.uleb128 0x10
ARM GAS  C:\Users\minime\AppData\Local\Temp\ccVB7fer.s 			page 20


 811 02c8 7E000000 		.4byte	.LVL28
 812 02cc C8050000 		.4byte	0x5c8
 813 02d0 E7020000 		.4byte	0x2e7
 814 02d4 0D       		.uleb128 0xd
 815 02d5 01       		.uleb128 0x1
 816 02d6 50       		.byte	0x50
 817 02d7 02       		.uleb128 0x2
 818 02d8 74       		.byte	0x74
 819 02d9 00       		.sleb128 0
 820 02da 0D       		.uleb128 0xd
 821 02db 01       		.uleb128 0x1
 822 02dc 51       		.byte	0x51
 823 02dd 02       		.uleb128 0x2
 824 02de 75       		.byte	0x75
 825 02df 00       		.sleb128 0
 826 02e0 0D       		.uleb128 0xd
 827 02e1 01       		.uleb128 0x1
 828 02e2 52       		.byte	0x52
 829 02e3 02       		.uleb128 0x2
 830 02e4 76       		.byte	0x76
 831 02e5 00       		.sleb128 0
 832 02e6 00       		.byte	0
 833 02e7 07       		.uleb128 0x7
 834 02e8 82000000 		.4byte	.LVL29
 835 02ec 84010000 		.4byte	0x184
 836 02f0 00       		.byte	0
 837 02f1 12       		.uleb128 0x12
 838 02f2 8C000000 		.4byte	.LBB3
 839 02f6 42000000 		.4byte	.LBE3-.LBB3
 840 02fa 3A030000 		.4byte	0x33a
 841 02fe 11       		.uleb128 0x11
 842 02ff 28020000 		.4byte	.LASF35
 843 0303 01       		.byte	0x1
 844 0304 A6       		.byte	0xa6
 845 0305 F4030000 		.4byte	0x3f4
 846 0309 03       		.uleb128 0x3
 847 030a 91       		.byte	0x91
 848 030b A07F     		.sleb128 -96
 849 030d 0B       		.uleb128 0xb
 850 030e ED000000 		.4byte	.LASF27
 851 0312 01       		.byte	0x1
 852 0313 A7       		.byte	0xa7
 853 0314 88000000 		.4byte	0x88
 854 0318 F9000000 		.4byte	.LLST8
 855 031c 10       		.uleb128 0x10
 856 031d A8000000 		.4byte	.LVL32
 857 0321 D3050000 		.4byte	0x5d3
 858 0325 30030000 		.4byte	0x330
 859 0329 0D       		.uleb128 0xd
 860 032a 01       		.uleb128 0x1
 861 032b 50       		.byte	0x50
 862 032c 02       		.uleb128 0x2
 863 032d 7D       		.byte	0x7d
 864 032e 00       		.sleb128 0
 865 032f 00       		.byte	0
 866 0330 07       		.uleb128 0x7
 867 0331 B6000000 		.4byte	.LVL34
ARM GAS  C:\Users\minime\AppData\Local\Temp\ccVB7fer.s 			page 21


 868 0335 30010000 		.4byte	0x130
 869 0339 00       		.byte	0
 870 033a 10       		.uleb128 0x10
 871 033b 0E000000 		.4byte	.LVL17
 872 033f C8050000 		.4byte	0x5c8
 873 0343 56030000 		.4byte	0x356
 874 0347 0D       		.uleb128 0xd
 875 0348 01       		.uleb128 0x1
 876 0349 50       		.byte	0x50
 877 034a 03       		.uleb128 0x3
 878 034b 91       		.byte	0x91
 879 034c B07F     		.sleb128 -80
 880 034e 0D       		.uleb128 0xd
 881 034f 01       		.uleb128 0x1
 882 0350 51       		.byte	0x51
 883 0351 03       		.uleb128 0x3
 884 0352 F3       		.byte	0xf3
 885 0353 01       		.uleb128 0x1
 886 0354 50       		.byte	0x50
 887 0355 00       		.byte	0
 888 0356 10       		.uleb128 0x10
 889 0357 18000000 		.4byte	.LVL18
 890 035b DE050000 		.4byte	0x5de
 891 035f 79030000 		.4byte	0x379
 892 0363 0D       		.uleb128 0xd
 893 0364 01       		.uleb128 0x1
 894 0365 50       		.byte	0x50
 895 0366 03       		.uleb128 0x3
 896 0367 91       		.byte	0x91
 897 0368 B07F     		.sleb128 -80
 898 036a 0D       		.uleb128 0xd
 899 036b 01       		.uleb128 0x1
 900 036c 51       		.byte	0x51
 901 036d 05       		.uleb128 0x5
 902 036e 03       		.byte	0x3
 903 036f 00000000 		.4byte	.LC0
 904 0373 0D       		.uleb128 0xd
 905 0374 01       		.uleb128 0x1
 906 0375 52       		.byte	0x52
 907 0376 01       		.uleb128 0x1
 908 0377 32       		.byte	0x32
 909 0378 00       		.byte	0
 910 0379 07       		.uleb128 0x7
 911 037a 1E000000 		.4byte	.LVL19
 912 037e C8000000 		.4byte	0xc8
 913 0382 10       		.uleb128 0x10
 914 0383 34000000 		.4byte	.LVL20
 915 0387 DE050000 		.4byte	0x5de
 916 038b A5030000 		.4byte	0x3a5
 917 038f 0D       		.uleb128 0xd
 918 0390 01       		.uleb128 0x1
 919 0391 50       		.byte	0x50
 920 0392 03       		.uleb128 0x3
 921 0393 91       		.byte	0x91
 922 0394 B07F     		.sleb128 -80
 923 0396 0D       		.uleb128 0xd
 924 0397 01       		.uleb128 0x1
ARM GAS  C:\Users\minime\AppData\Local\Temp\ccVB7fer.s 			page 22


 925 0398 51       		.byte	0x51
 926 0399 05       		.uleb128 0x5
 927 039a 03       		.byte	0x3
 928 039b 08000000 		.4byte	.LC2
 929 039f 0D       		.uleb128 0xd
 930 03a0 01       		.uleb128 0x1
 931 03a1 52       		.byte	0x52
 932 03a2 01       		.uleb128 0x1
 933 03a3 33       		.byte	0x33
 934 03a4 00       		.byte	0
 935 03a5 07       		.uleb128 0x7
 936 03a6 3A000000 		.4byte	.LVL21
 937 03aa 0D010000 		.4byte	0x10d
 938 03ae 0C       		.uleb128 0xc
 939 03af 50000000 		.4byte	.LVL22
 940 03b3 DE050000 		.4byte	0x5de
 941 03b7 0D       		.uleb128 0xd
 942 03b8 01       		.uleb128 0x1
 943 03b9 50       		.byte	0x50
 944 03ba 03       		.uleb128 0x3
 945 03bb 91       		.byte	0x91
 946 03bc B07F     		.sleb128 -80
 947 03be 0D       		.uleb128 0xd
 948 03bf 01       		.uleb128 0x1
 949 03c0 51       		.byte	0x51
 950 03c1 05       		.uleb128 0x5
 951 03c2 03       		.byte	0x3
 952 03c3 0C000000 		.4byte	.LC3
 953 03c7 0D       		.uleb128 0xd
 954 03c8 01       		.uleb128 0x1
 955 03c9 52       		.byte	0x52
 956 03ca 01       		.uleb128 0x1
 957 03cb 32       		.byte	0x32
 958 03cc 00       		.byte	0
 959 03cd 00       		.byte	0
 960 03ce 13       		.uleb128 0x13
 961 03cf 04       		.byte	0x4
 962 03d0 88000000 		.4byte	0x88
 963 03d4 14       		.uleb128 0x14
 964 03d5 B3000000 		.4byte	0xb3
 965 03d9 E4030000 		.4byte	0x3e4
 966 03dd 15       		.uleb128 0x15
 967 03de C1000000 		.4byte	0xc1
 968 03e2 3F       		.byte	0x3f
 969 03e3 00       		.byte	0
 970 03e4 14       		.uleb128 0x14
 971 03e5 B3000000 		.4byte	0xb3
 972 03e9 F4030000 		.4byte	0x3f4
 973 03ed 15       		.uleb128 0x15
 974 03ee C1000000 		.4byte	0xc1
 975 03f2 0F       		.byte	0xf
 976 03f3 00       		.byte	0
 977 03f4 14       		.uleb128 0x14
 978 03f5 B3000000 		.4byte	0xb3
 979 03f9 04040000 		.4byte	0x404
 980 03fd 15       		.uleb128 0x15
 981 03fe C1000000 		.4byte	0xc1
ARM GAS  C:\Users\minime\AppData\Local\Temp\ccVB7fer.s 			page 23


 982 0402 02       		.byte	0x2
 983 0403 00       		.byte	0
 984 0404 16       		.uleb128 0x16
 985 0405 57000000 		.4byte	.LASF62
 986 0409 01       		.byte	0x1
 987 040a 26       		.byte	0x26
 988 040b 6F000000 		.4byte	0x6f
 989 040f 00000000 		.4byte	.LFB64
 990 0413 76000000 		.4byte	.LFE64-.LFB64
 991 0417 01       		.uleb128 0x1
 992 0418 9C       		.byte	0x9c
 993 0419 44050000 		.4byte	0x544
 994 041d 11       		.uleb128 0x11
 995 041e 37030000 		.4byte	.LASF36
 996 0422 01       		.byte	0x1
 997 0423 2B       		.byte	0x2b
 998 0424 44050000 		.4byte	0x544
 999 0428 03       		.uleb128 0x3
 1000 0429 91       		.byte	0x91
 1001 042a B87F     		.sleb128 -72
 1002 042c 0B       		.uleb128 0xb
 1003 042d 16010000 		.4byte	.LASF37
 1004 0431 01       		.byte	0x1
 1005 0432 2C       		.byte	0x2c
 1006 0433 94000000 		.4byte	0x94
 1007 0437 23010000 		.4byte	.LLST9
 1008 043b 11       		.uleb128 0x11
 1009 043c 9F020000 		.4byte	.LASF38
 1010 0440 01       		.byte	0x1
 1011 0441 2D       		.byte	0x2d
 1012 0442 44050000 		.4byte	0x544
 1013 0446 03       		.uleb128 0x3
 1014 0447 91       		.byte	0x91
 1015 0448 F87E     		.sleb128 -136
 1016 044a 10       		.uleb128 0x10
 1017 044b 0E000000 		.4byte	.LVL39
 1018 044f E9050000 		.4byte	0x5e9
 1019 0453 62040000 		.4byte	0x462
 1020 0457 0D       		.uleb128 0xd
 1021 0458 01       		.uleb128 0x1
 1022 0459 50       		.byte	0x50
 1023 045a 01       		.uleb128 0x1
 1024 045b 30       		.byte	0x30
 1025 045c 0D       		.uleb128 0xd
 1026 045d 01       		.uleb128 0x1
 1027 045e 51       		.byte	0x51
 1028 045f 01       		.uleb128 0x1
 1029 0460 31       		.byte	0x31
 1030 0461 00       		.byte	0
 1031 0462 07       		.uleb128 0x7
 1032 0463 12000000 		.4byte	.LVL40
 1033 0467 F5050000 		.4byte	0x5f5
 1034 046b 10       		.uleb128 0x10
 1035 046c 1C000000 		.4byte	.LVL41
 1036 0470 01060000 		.4byte	0x601
 1037 0474 7E040000 		.4byte	0x47e
 1038 0478 0D       		.uleb128 0xd
ARM GAS  C:\Users\minime\AppData\Local\Temp\ccVB7fer.s 			page 24


 1039 0479 01       		.uleb128 0x1
 1040 047a 50       		.byte	0x50
 1041 047b 01       		.uleb128 0x1
 1042 047c 32       		.byte	0x32
 1043 047d 00       		.byte	0
 1044 047e 07       		.uleb128 0x7
 1045 047f 20000000 		.4byte	.LVL42
 1046 0483 0D060000 		.4byte	0x60d
 1047 0487 07       		.uleb128 0x7
 1048 0488 26000000 		.4byte	.LVL43
 1049 048c F5050000 		.4byte	0x5f5
 1050 0490 10       		.uleb128 0x10
 1051 0491 2E000000 		.4byte	.LVL44
 1052 0495 01060000 		.4byte	0x601
 1053 0499 A3040000 		.4byte	0x4a3
 1054 049d 0D       		.uleb128 0xd
 1055 049e 01       		.uleb128 0x1
 1056 049f 50       		.byte	0x50
 1057 04a0 01       		.uleb128 0x1
 1058 04a1 32       		.byte	0x32
 1059 04a2 00       		.byte	0
 1060 04a3 07       		.uleb128 0x7
 1061 04a4 32000000 		.4byte	.LVL45
 1062 04a8 F5050000 		.4byte	0x5f5
 1063 04ac 10       		.uleb128 0x10
 1064 04ad 3C000000 		.4byte	.LVL46
 1065 04b1 19060000 		.4byte	0x619
 1066 04b5 BF040000 		.4byte	0x4bf
 1067 04b9 0D       		.uleb128 0xd
 1068 04ba 01       		.uleb128 0x1
 1069 04bb 50       		.byte	0x50
 1070 04bc 01       		.uleb128 0x1
 1071 04bd 32       		.byte	0x32
 1072 04be 00       		.byte	0
 1073 04bf 10       		.uleb128 0x10
 1074 04c0 46000000 		.4byte	.LVL47
 1075 04c4 25060000 		.4byte	0x625
 1076 04c8 D2040000 		.4byte	0x4d2
 1077 04cc 0D       		.uleb128 0xd
 1078 04cd 01       		.uleb128 0x1
 1079 04ce 50       		.byte	0x50
 1080 04cf 01       		.uleb128 0x1
 1081 04d0 32       		.byte	0x32
 1082 04d1 00       		.byte	0
 1083 04d2 10       		.uleb128 0x10
 1084 04d3 54000000 		.4byte	.LVL49
 1085 04d7 31060000 		.4byte	0x631
 1086 04db EC040000 		.4byte	0x4ec
 1087 04df 0D       		.uleb128 0xd
 1088 04e0 01       		.uleb128 0x1
 1089 04e1 50       		.byte	0x50
 1090 04e2 01       		.uleb128 0x1
 1091 04e3 32       		.byte	0x32
 1092 04e4 0D       		.uleb128 0xd
 1093 04e5 01       		.uleb128 0x1
 1094 04e6 51       		.byte	0x51
 1095 04e7 03       		.uleb128 0x3
ARM GAS  C:\Users\minime\AppData\Local\Temp\ccVB7fer.s 			page 25


 1096 04e8 91       		.byte	0x91
 1097 04e9 B87F     		.sleb128 -72
 1098 04eb 00       		.byte	0
 1099 04ec 10       		.uleb128 0x10
 1100 04ed 5A000000 		.4byte	.LVL50
 1101 04f1 01060000 		.4byte	0x601
 1102 04f5 FF040000 		.4byte	0x4ff
 1103 04f9 0D       		.uleb128 0xd
 1104 04fa 01       		.uleb128 0x1
 1105 04fb 50       		.byte	0x50
 1106 04fc 01       		.uleb128 0x1
 1107 04fd 32       		.byte	0x32
 1108 04fe 00       		.byte	0
 1109 04ff 10       		.uleb128 0x10
 1110 0500 62000000 		.4byte	.LVL51
 1111 0504 DD010000 		.4byte	0x1dd
 1112 0508 1A050000 		.4byte	0x51a
 1113 050c 0D       		.uleb128 0xd
 1114 050d 01       		.uleb128 0x1
 1115 050e 50       		.byte	0x50
 1116 050f 03       		.uleb128 0x3
 1117 0510 91       		.byte	0x91
 1118 0511 B87F     		.sleb128 -72
 1119 0513 0D       		.uleb128 0xd
 1120 0514 01       		.uleb128 0x1
 1121 0515 51       		.byte	0x51
 1122 0516 02       		.uleb128 0x2
 1123 0517 7D       		.byte	0x7d
 1124 0518 00       		.sleb128 0
 1125 0519 00       		.byte	0
 1126 051a 10       		.uleb128 0x10
 1127 051b 68000000 		.4byte	.LVL52
 1128 051f 19060000 		.4byte	0x619
 1129 0523 2D050000 		.4byte	0x52d
 1130 0527 0D       		.uleb128 0xd
 1131 0528 01       		.uleb128 0x1
 1132 0529 50       		.byte	0x50
 1133 052a 01       		.uleb128 0x1
 1134 052b 31       		.byte	0x31
 1135 052c 00       		.byte	0
 1136 052d 0C       		.uleb128 0xc
 1137 052e 74000000 		.4byte	.LVL53
 1138 0532 3D060000 		.4byte	0x63d
 1139 0536 0D       		.uleb128 0xd
 1140 0537 01       		.uleb128 0x1
 1141 0538 51       		.byte	0x51
 1142 0539 02       		.uleb128 0x2
 1143 053a 7D       		.byte	0x7d
 1144 053b 00       		.sleb128 0
 1145 053c 0D       		.uleb128 0xd
 1146 053d 01       		.uleb128 0x1
 1147 053e 52       		.byte	0x52
 1148 053f 02       		.uleb128 0x2
 1149 0540 08       		.byte	0x8
 1150 0541 40       		.byte	0x40
 1151 0542 00       		.byte	0
 1152 0543 00       		.byte	0
ARM GAS  C:\Users\minime\AppData\Local\Temp\ccVB7fer.s 			page 26


 1153 0544 14       		.uleb128 0x14
 1154 0545 88000000 		.4byte	0x88
 1155 0549 54050000 		.4byte	0x554
 1156 054d 15       		.uleb128 0x15
 1157 054e C1000000 		.4byte	0xc1
 1158 0552 3F       		.byte	0x3f
 1159 0553 00       		.byte	0
 1160 0554 17       		.uleb128 0x17
 1161 0555 50030000 		.4byte	.LASF63
 1162 0559 0C       		.byte	0xc
 1163 055a 1207     		.2byte	0x712
 1164 055c 60050000 		.4byte	0x560
 1165 0560 18       		.uleb128 0x18
 1166 0561 7D000000 		.4byte	0x7d
 1167 0565 19       		.uleb128 0x19
 1168 0566 3D000000 		.4byte	.LASF39
 1169 056a 3D000000 		.4byte	.LASF39
 1170 056e 05       		.byte	0x5
 1171 056f 67       		.byte	0x67
 1172 0570 19       		.uleb128 0x19
 1173 0571 87020000 		.4byte	.LASF40
 1174 0575 87020000 		.4byte	.LASF40
 1175 0579 06       		.byte	0x6
 1176 057a 27       		.byte	0x27
 1177 057b 19       		.uleb128 0x19
 1178 057c EB030000 		.4byte	.LASF41
 1179 0580 EB030000 		.4byte	.LASF41
 1180 0584 07       		.byte	0x7
 1181 0585 34       		.byte	0x34
 1182 0586 19       		.uleb128 0x19
 1183 0587 51020000 		.4byte	.LASF42
 1184 058b 51020000 		.4byte	.LASF42
 1185 058f 07       		.byte	0x7
 1186 0590 D1       		.byte	0xd1
 1187 0591 19       		.uleb128 0x19
 1188 0592 00010000 		.4byte	.LASF43
 1189 0596 00010000 		.4byte	.LASF43
 1190 059a 05       		.byte	0x5
 1191 059b 6C       		.byte	0x6c
 1192 059c 19       		.uleb128 0x19
 1193 059d A9000000 		.4byte	.LASF44
 1194 05a1 A9000000 		.4byte	.LASF44
 1195 05a5 06       		.byte	0x6
 1196 05a6 2F       		.byte	0x2f
 1197 05a7 19       		.uleb128 0x19
 1198 05a8 AD020000 		.4byte	.LASF45
 1199 05ac AD020000 		.4byte	.LASF45
 1200 05b0 07       		.byte	0x7
 1201 05b1 39       		.byte	0x39
 1202 05b2 19       		.uleb128 0x19
 1203 05b3 22000000 		.4byte	.LASF46
 1204 05b7 22000000 		.4byte	.LASF46
 1205 05bb 07       		.byte	0x7
 1206 05bc 3B       		.byte	0x3b
 1207 05bd 19       		.uleb128 0x19
 1208 05be CE000000 		.4byte	.LASF47
 1209 05c2 CE000000 		.4byte	.LASF47
ARM GAS  C:\Users\minime\AppData\Local\Temp\ccVB7fer.s 			page 27


 1210 05c6 07       		.byte	0x7
 1211 05c7 3F       		.byte	0x3f
 1212 05c8 19       		.uleb128 0x19
 1213 05c9 E0010000 		.4byte	.LASF48
 1214 05cd E0010000 		.4byte	.LASF48
 1215 05d1 08       		.byte	0x8
 1216 05d2 E7       		.byte	0xe7
 1217 05d3 19       		.uleb128 0x19
 1218 05d4 B3010000 		.4byte	.LASF49
 1219 05d8 B3010000 		.4byte	.LASF49
 1220 05dc 09       		.byte	0x9
 1221 05dd 4D       		.byte	0x4d
 1222 05de 19       		.uleb128 0x19
 1223 05df 6F000000 		.4byte	.LASF50
 1224 05e3 6F000000 		.4byte	.LASF50
 1225 05e7 0A       		.byte	0xa
 1226 05e8 23       		.byte	0x23
 1227 05e9 1A       		.uleb128 0x1a
 1228 05ea C4010000 		.4byte	.LASF51
 1229 05ee C4010000 		.4byte	.LASF51
 1230 05f2 0B       		.byte	0xb
 1231 05f3 2901     		.2byte	0x129
 1232 05f5 1A       		.uleb128 0x1a
 1233 05f6 1E030000 		.4byte	.LASF52
 1234 05fa 1E030000 		.4byte	.LASF52
 1235 05fe 0B       		.byte	0xb
 1236 05ff 2C01     		.2byte	0x12c
 1237 0601 1A       		.uleb128 0x1a
 1238 0602 25010000 		.4byte	.LASF53
 1239 0606 25010000 		.4byte	.LASF53
 1240 060a 0B       		.byte	0xb
 1241 060b 3501     		.2byte	0x135
 1242 060d 1A       		.uleb128 0x1a
 1243 060e F5020000 		.4byte	.LASF54
 1244 0612 F5020000 		.4byte	.LASF54
 1245 0616 0B       		.byte	0xb
 1246 0617 2D01     		.2byte	0x12d
 1247 0619 1A       		.uleb128 0x1a
 1248 061a 46010000 		.4byte	.LASF55
 1249 061e 46010000 		.4byte	.LASF55
 1250 0622 0B       		.byte	0xb
 1251 0623 2F01     		.2byte	0x12f
 1252 0625 1A       		.uleb128 0x1a
 1253 0626 5C000000 		.4byte	.LASF56
 1254 062a 5C000000 		.4byte	.LASF56
 1255 062e 0B       		.byte	0xb
 1256 062f 3001     		.2byte	0x130
 1257 0631 1A       		.uleb128 0x1a
 1258 0632 6D020000 		.4byte	.LASF57
 1259 0636 6D020000 		.4byte	.LASF57
 1260 063a 0B       		.byte	0xb
 1261 063b 3301     		.2byte	0x133
 1262 063d 1A       		.uleb128 0x1a
 1263 063e 0A040000 		.4byte	.LASF58
 1264 0642 0A040000 		.4byte	.LASF58
 1265 0646 0B       		.byte	0xb
 1266 0647 3101     		.2byte	0x131
ARM GAS  C:\Users\minime\AppData\Local\Temp\ccVB7fer.s 			page 28


 1267 0649 00       		.byte	0
 1268              		.section	.debug_abbrev,"",%progbits
 1269              	.Ldebug_abbrev0:
 1270 0000 01       		.uleb128 0x1
 1271 0001 11       		.uleb128 0x11
 1272 0002 01       		.byte	0x1
 1273 0003 25       		.uleb128 0x25
 1274 0004 0E       		.uleb128 0xe
 1275 0005 13       		.uleb128 0x13
 1276 0006 0B       		.uleb128 0xb
 1277 0007 03       		.uleb128 0x3
 1278 0008 0E       		.uleb128 0xe
 1279 0009 1B       		.uleb128 0x1b
 1280 000a 0E       		.uleb128 0xe
 1281 000b 55       		.uleb128 0x55
 1282 000c 17       		.uleb128 0x17
 1283 000d 11       		.uleb128 0x11
 1284 000e 01       		.uleb128 0x1
 1285 000f 10       		.uleb128 0x10
 1286 0010 17       		.uleb128 0x17
 1287 0011 00       		.byte	0
 1288 0012 00       		.byte	0
 1289 0013 02       		.uleb128 0x2
 1290 0014 24       		.uleb128 0x24
 1291 0015 00       		.byte	0
 1292 0016 0B       		.uleb128 0xb
 1293 0017 0B       		.uleb128 0xb
 1294 0018 3E       		.uleb128 0x3e
 1295 0019 0B       		.uleb128 0xb
 1296 001a 03       		.uleb128 0x3
 1297 001b 0E       		.uleb128 0xe
 1298 001c 00       		.byte	0
 1299 001d 00       		.byte	0
 1300 001e 03       		.uleb128 0x3
 1301 001f 16       		.uleb128 0x16
 1302 0020 00       		.byte	0
 1303 0021 03       		.uleb128 0x3
 1304 0022 0E       		.uleb128 0xe
 1305 0023 3A       		.uleb128 0x3a
 1306 0024 0B       		.uleb128 0xb
 1307 0025 3B       		.uleb128 0x3b
 1308 0026 0B       		.uleb128 0xb
 1309 0027 49       		.uleb128 0x49
 1310 0028 13       		.uleb128 0x13
 1311 0029 00       		.byte	0
 1312 002a 00       		.byte	0
 1313 002b 04       		.uleb128 0x4
 1314 002c 24       		.uleb128 0x24
 1315 002d 00       		.byte	0
 1316 002e 0B       		.uleb128 0xb
 1317 002f 0B       		.uleb128 0xb
 1318 0030 3E       		.uleb128 0x3e
 1319 0031 0B       		.uleb128 0xb
 1320 0032 03       		.uleb128 0x3
 1321 0033 08       		.uleb128 0x8
 1322 0034 00       		.byte	0
 1323 0035 00       		.byte	0
ARM GAS  C:\Users\minime\AppData\Local\Temp\ccVB7fer.s 			page 29


 1324 0036 05       		.uleb128 0x5
 1325 0037 16       		.uleb128 0x16
 1326 0038 00       		.byte	0
 1327 0039 03       		.uleb128 0x3
 1328 003a 0E       		.uleb128 0xe
 1329 003b 3A       		.uleb128 0x3a
 1330 003c 0B       		.uleb128 0xb
 1331 003d 3B       		.uleb128 0x3b
 1332 003e 05       		.uleb128 0x5
 1333 003f 49       		.uleb128 0x49
 1334 0040 13       		.uleb128 0x13
 1335 0041 00       		.byte	0
 1336 0042 00       		.byte	0
 1337 0043 06       		.uleb128 0x6
 1338 0044 2E       		.uleb128 0x2e
 1339 0045 01       		.byte	0x1
 1340 0046 3F       		.uleb128 0x3f
 1341 0047 19       		.uleb128 0x19
 1342 0048 03       		.uleb128 0x3
 1343 0049 0E       		.uleb128 0xe
 1344 004a 3A       		.uleb128 0x3a
 1345 004b 0B       		.uleb128 0xb
 1346 004c 3B       		.uleb128 0x3b
 1347 004d 0B       		.uleb128 0xb
 1348 004e 49       		.uleb128 0x49
 1349 004f 13       		.uleb128 0x13
 1350 0050 11       		.uleb128 0x11
 1351 0051 01       		.uleb128 0x1
 1352 0052 12       		.uleb128 0x12
 1353 0053 06       		.uleb128 0x6
 1354 0054 40       		.uleb128 0x40
 1355 0055 18       		.uleb128 0x18
 1356 0056 9742     		.uleb128 0x2117
 1357 0058 19       		.uleb128 0x19
 1358 0059 01       		.uleb128 0x1
 1359 005a 13       		.uleb128 0x13
 1360 005b 00       		.byte	0
 1361 005c 00       		.byte	0
 1362 005d 07       		.uleb128 0x7
 1363 005e 898201   		.uleb128 0x4109
 1364 0061 00       		.byte	0
 1365 0062 11       		.uleb128 0x11
 1366 0063 01       		.uleb128 0x1
 1367 0064 31       		.uleb128 0x31
 1368 0065 13       		.uleb128 0x13
 1369 0066 00       		.byte	0
 1370 0067 00       		.byte	0
 1371 0068 08       		.uleb128 0x8
 1372 0069 2E       		.uleb128 0x2e
 1373 006a 01       		.byte	0x1
 1374 006b 3F       		.uleb128 0x3f
 1375 006c 19       		.uleb128 0x19
 1376 006d 03       		.uleb128 0x3
 1377 006e 0E       		.uleb128 0xe
 1378 006f 3A       		.uleb128 0x3a
 1379 0070 0B       		.uleb128 0xb
 1380 0071 3B       		.uleb128 0x3b
ARM GAS  C:\Users\minime\AppData\Local\Temp\ccVB7fer.s 			page 30


 1381 0072 0B       		.uleb128 0xb
 1382 0073 27       		.uleb128 0x27
 1383 0074 19       		.uleb128 0x19
 1384 0075 49       		.uleb128 0x49
 1385 0076 13       		.uleb128 0x13
 1386 0077 11       		.uleb128 0x11
 1387 0078 01       		.uleb128 0x1
 1388 0079 12       		.uleb128 0x12
 1389 007a 06       		.uleb128 0x6
 1390 007b 40       		.uleb128 0x40
 1391 007c 18       		.uleb128 0x18
 1392 007d 9742     		.uleb128 0x2117
 1393 007f 19       		.uleb128 0x19
 1394 0080 01       		.uleb128 0x1
 1395 0081 13       		.uleb128 0x13
 1396 0082 00       		.byte	0
 1397 0083 00       		.byte	0
 1398 0084 09       		.uleb128 0x9
 1399 0085 05       		.uleb128 0x5
 1400 0086 00       		.byte	0
 1401 0087 03       		.uleb128 0x3
 1402 0088 0E       		.uleb128 0xe
 1403 0089 3A       		.uleb128 0x3a
 1404 008a 0B       		.uleb128 0xb
 1405 008b 3B       		.uleb128 0x3b
 1406 008c 0B       		.uleb128 0xb
 1407 008d 49       		.uleb128 0x49
 1408 008e 13       		.uleb128 0x13
 1409 008f 02       		.uleb128 0x2
 1410 0090 17       		.uleb128 0x17
 1411 0091 00       		.byte	0
 1412 0092 00       		.byte	0
 1413 0093 0A       		.uleb128 0xa
 1414 0094 34       		.uleb128 0x34
 1415 0095 00       		.byte	0
 1416 0096 03       		.uleb128 0x3
 1417 0097 0E       		.uleb128 0xe
 1418 0098 3A       		.uleb128 0x3a
 1419 0099 0B       		.uleb128 0xb
 1420 009a 3B       		.uleb128 0x3b
 1421 009b 0B       		.uleb128 0xb
 1422 009c 49       		.uleb128 0x49
 1423 009d 13       		.uleb128 0x13
 1424 009e 1C       		.uleb128 0x1c
 1425 009f 05       		.uleb128 0x5
 1426 00a0 00       		.byte	0
 1427 00a1 00       		.byte	0
 1428 00a2 0B       		.uleb128 0xb
 1429 00a3 34       		.uleb128 0x34
 1430 00a4 00       		.byte	0
 1431 00a5 03       		.uleb128 0x3
 1432 00a6 0E       		.uleb128 0xe
 1433 00a7 3A       		.uleb128 0x3a
 1434 00a8 0B       		.uleb128 0xb
 1435 00a9 3B       		.uleb128 0x3b
 1436 00aa 0B       		.uleb128 0xb
 1437 00ab 49       		.uleb128 0x49
ARM GAS  C:\Users\minime\AppData\Local\Temp\ccVB7fer.s 			page 31


 1438 00ac 13       		.uleb128 0x13
 1439 00ad 02       		.uleb128 0x2
 1440 00ae 17       		.uleb128 0x17
 1441 00af 00       		.byte	0
 1442 00b0 00       		.byte	0
 1443 00b1 0C       		.uleb128 0xc
 1444 00b2 898201   		.uleb128 0x4109
 1445 00b5 01       		.byte	0x1
 1446 00b6 11       		.uleb128 0x11
 1447 00b7 01       		.uleb128 0x1
 1448 00b8 31       		.uleb128 0x31
 1449 00b9 13       		.uleb128 0x13
 1450 00ba 00       		.byte	0
 1451 00bb 00       		.byte	0
 1452 00bc 0D       		.uleb128 0xd
 1453 00bd 8A8201   		.uleb128 0x410a
 1454 00c0 00       		.byte	0
 1455 00c1 02       		.uleb128 0x2
 1456 00c2 18       		.uleb128 0x18
 1457 00c3 9142     		.uleb128 0x2111
 1458 00c5 18       		.uleb128 0x18
 1459 00c6 00       		.byte	0
 1460 00c7 00       		.byte	0
 1461 00c8 0E       		.uleb128 0xe
 1462 00c9 34       		.uleb128 0x34
 1463 00ca 00       		.byte	0
 1464 00cb 03       		.uleb128 0x3
 1465 00cc 08       		.uleb128 0x8
 1466 00cd 3A       		.uleb128 0x3a
 1467 00ce 0B       		.uleb128 0xb
 1468 00cf 3B       		.uleb128 0x3b
 1469 00d0 0B       		.uleb128 0xb
 1470 00d1 49       		.uleb128 0x49
 1471 00d2 13       		.uleb128 0x13
 1472 00d3 02       		.uleb128 0x2
 1473 00d4 17       		.uleb128 0x17
 1474 00d5 00       		.byte	0
 1475 00d6 00       		.byte	0
 1476 00d7 0F       		.uleb128 0xf
 1477 00d8 34       		.uleb128 0x34
 1478 00d9 00       		.byte	0
 1479 00da 03       		.uleb128 0x3
 1480 00db 08       		.uleb128 0x8
 1481 00dc 3A       		.uleb128 0x3a
 1482 00dd 0B       		.uleb128 0xb
 1483 00de 3B       		.uleb128 0x3b
 1484 00df 0B       		.uleb128 0xb
 1485 00e0 49       		.uleb128 0x49
 1486 00e1 13       		.uleb128 0x13
 1487 00e2 02       		.uleb128 0x2
 1488 00e3 18       		.uleb128 0x18
 1489 00e4 00       		.byte	0
 1490 00e5 00       		.byte	0
 1491 00e6 10       		.uleb128 0x10
 1492 00e7 898201   		.uleb128 0x4109
 1493 00ea 01       		.byte	0x1
 1494 00eb 11       		.uleb128 0x11
ARM GAS  C:\Users\minime\AppData\Local\Temp\ccVB7fer.s 			page 32


 1495 00ec 01       		.uleb128 0x1
 1496 00ed 31       		.uleb128 0x31
 1497 00ee 13       		.uleb128 0x13
 1498 00ef 01       		.uleb128 0x1
 1499 00f0 13       		.uleb128 0x13
 1500 00f1 00       		.byte	0
 1501 00f2 00       		.byte	0
 1502 00f3 11       		.uleb128 0x11
 1503 00f4 34       		.uleb128 0x34
 1504 00f5 00       		.byte	0
 1505 00f6 03       		.uleb128 0x3
 1506 00f7 0E       		.uleb128 0xe
 1507 00f8 3A       		.uleb128 0x3a
 1508 00f9 0B       		.uleb128 0xb
 1509 00fa 3B       		.uleb128 0x3b
 1510 00fb 0B       		.uleb128 0xb
 1511 00fc 49       		.uleb128 0x49
 1512 00fd 13       		.uleb128 0x13
 1513 00fe 02       		.uleb128 0x2
 1514 00ff 18       		.uleb128 0x18
 1515 0100 00       		.byte	0
 1516 0101 00       		.byte	0
 1517 0102 12       		.uleb128 0x12
 1518 0103 0B       		.uleb128 0xb
 1519 0104 01       		.byte	0x1
 1520 0105 11       		.uleb128 0x11
 1521 0106 01       		.uleb128 0x1
 1522 0107 12       		.uleb128 0x12
 1523 0108 06       		.uleb128 0x6
 1524 0109 01       		.uleb128 0x1
 1525 010a 13       		.uleb128 0x13
 1526 010b 00       		.byte	0
 1527 010c 00       		.byte	0
 1528 010d 13       		.uleb128 0x13
 1529 010e 0F       		.uleb128 0xf
 1530 010f 00       		.byte	0
 1531 0110 0B       		.uleb128 0xb
 1532 0111 0B       		.uleb128 0xb
 1533 0112 49       		.uleb128 0x49
 1534 0113 13       		.uleb128 0x13
 1535 0114 00       		.byte	0
 1536 0115 00       		.byte	0
 1537 0116 14       		.uleb128 0x14
 1538 0117 01       		.uleb128 0x1
 1539 0118 01       		.byte	0x1
 1540 0119 49       		.uleb128 0x49
 1541 011a 13       		.uleb128 0x13
 1542 011b 01       		.uleb128 0x1
 1543 011c 13       		.uleb128 0x13
 1544 011d 00       		.byte	0
 1545 011e 00       		.byte	0
 1546 011f 15       		.uleb128 0x15
 1547 0120 21       		.uleb128 0x21
 1548 0121 00       		.byte	0
 1549 0122 49       		.uleb128 0x49
 1550 0123 13       		.uleb128 0x13
 1551 0124 2F       		.uleb128 0x2f
ARM GAS  C:\Users\minime\AppData\Local\Temp\ccVB7fer.s 			page 33


 1552 0125 0B       		.uleb128 0xb
 1553 0126 00       		.byte	0
 1554 0127 00       		.byte	0
 1555 0128 16       		.uleb128 0x16
 1556 0129 2E       		.uleb128 0x2e
 1557 012a 01       		.byte	0x1
 1558 012b 3F       		.uleb128 0x3f
 1559 012c 19       		.uleb128 0x19
 1560 012d 03       		.uleb128 0x3
 1561 012e 0E       		.uleb128 0xe
 1562 012f 3A       		.uleb128 0x3a
 1563 0130 0B       		.uleb128 0xb
 1564 0131 3B       		.uleb128 0x3b
 1565 0132 0B       		.uleb128 0xb
 1566 0133 27       		.uleb128 0x27
 1567 0134 19       		.uleb128 0x19
 1568 0135 49       		.uleb128 0x49
 1569 0136 13       		.uleb128 0x13
 1570 0137 8701     		.uleb128 0x87
 1571 0139 19       		.uleb128 0x19
 1572 013a 11       		.uleb128 0x11
 1573 013b 01       		.uleb128 0x1
 1574 013c 12       		.uleb128 0x12
 1575 013d 06       		.uleb128 0x6
 1576 013e 40       		.uleb128 0x40
 1577 013f 18       		.uleb128 0x18
 1578 0140 9742     		.uleb128 0x2117
 1579 0142 19       		.uleb128 0x19
 1580 0143 01       		.uleb128 0x1
 1581 0144 13       		.uleb128 0x13
 1582 0145 00       		.byte	0
 1583 0146 00       		.byte	0
 1584 0147 17       		.uleb128 0x17
 1585 0148 34       		.uleb128 0x34
 1586 0149 00       		.byte	0
 1587 014a 03       		.uleb128 0x3
 1588 014b 0E       		.uleb128 0xe
 1589 014c 3A       		.uleb128 0x3a
 1590 014d 0B       		.uleb128 0xb
 1591 014e 3B       		.uleb128 0x3b
 1592 014f 05       		.uleb128 0x5
 1593 0150 49       		.uleb128 0x49
 1594 0151 13       		.uleb128 0x13
 1595 0152 3F       		.uleb128 0x3f
 1596 0153 19       		.uleb128 0x19
 1597 0154 3C       		.uleb128 0x3c
 1598 0155 19       		.uleb128 0x19
 1599 0156 00       		.byte	0
 1600 0157 00       		.byte	0
 1601 0158 18       		.uleb128 0x18
 1602 0159 35       		.uleb128 0x35
 1603 015a 00       		.byte	0
 1604 015b 49       		.uleb128 0x49
 1605 015c 13       		.uleb128 0x13
 1606 015d 00       		.byte	0
 1607 015e 00       		.byte	0
 1608 015f 19       		.uleb128 0x19
ARM GAS  C:\Users\minime\AppData\Local\Temp\ccVB7fer.s 			page 34


 1609 0160 2E       		.uleb128 0x2e
 1610 0161 00       		.byte	0
 1611 0162 3F       		.uleb128 0x3f
 1612 0163 19       		.uleb128 0x19
 1613 0164 3C       		.uleb128 0x3c
 1614 0165 19       		.uleb128 0x19
 1615 0166 6E       		.uleb128 0x6e
 1616 0167 0E       		.uleb128 0xe
 1617 0168 03       		.uleb128 0x3
 1618 0169 0E       		.uleb128 0xe
 1619 016a 3A       		.uleb128 0x3a
 1620 016b 0B       		.uleb128 0xb
 1621 016c 3B       		.uleb128 0x3b
 1622 016d 0B       		.uleb128 0xb
 1623 016e 00       		.byte	0
 1624 016f 00       		.byte	0
 1625 0170 1A       		.uleb128 0x1a
 1626 0171 2E       		.uleb128 0x2e
 1627 0172 00       		.byte	0
 1628 0173 3F       		.uleb128 0x3f
 1629 0174 19       		.uleb128 0x19
 1630 0175 3C       		.uleb128 0x3c
 1631 0176 19       		.uleb128 0x19
 1632 0177 6E       		.uleb128 0x6e
 1633 0178 0E       		.uleb128 0xe
 1634 0179 03       		.uleb128 0x3
 1635 017a 0E       		.uleb128 0xe
 1636 017b 3A       		.uleb128 0x3a
 1637 017c 0B       		.uleb128 0xb
 1638 017d 3B       		.uleb128 0x3b
 1639 017e 05       		.uleb128 0x5
 1640 017f 00       		.byte	0
 1641 0180 00       		.byte	0
 1642 0181 00       		.byte	0
 1643              		.section	.debug_loc,"",%progbits
 1644              	.Ldebug_loc0:
 1645              	.LLST0:
 1646 0000 00000000 		.4byte	.LVL5
 1647 0004 0A000000 		.4byte	.LVL7
 1648 0008 0100     		.2byte	0x1
 1649 000a 50       		.byte	0x50
 1650 000b 0A000000 		.4byte	.LVL7
 1651 000f 18000000 		.4byte	.LFE68
 1652 0013 0400     		.2byte	0x4
 1653 0015 F3       		.byte	0xf3
 1654 0016 01       		.uleb128 0x1
 1655 0017 50       		.byte	0x50
 1656 0018 9F       		.byte	0x9f
 1657 0019 00000000 		.4byte	0
 1658 001d 00000000 		.4byte	0
 1659              	.LLST1:
 1660 0021 0A000000 		.4byte	.LVL7
 1661 0025 0C000000 		.4byte	.LVL8
 1662 0029 0100     		.2byte	0x1
 1663 002b 50       		.byte	0x50
 1664 002c 0C000000 		.4byte	.LVL8
 1665 0030 10000000 		.4byte	.LVL9
ARM GAS  C:\Users\minime\AppData\Local\Temp\ccVB7fer.s 			page 35


 1666 0034 0300     		.2byte	0x3
 1667 0036 70       		.byte	0x70
 1668 0037 01       		.sleb128 1
 1669 0038 9F       		.byte	0x9f
 1670 0039 00000000 		.4byte	0
 1671 003d 00000000 		.4byte	0
 1672              	.LLST2:
 1673 0041 0C000000 		.4byte	.LVL12
 1674 0045 0F000000 		.4byte	.LVL13-1
 1675 0049 0100     		.2byte	0x1
 1676 004b 50       		.byte	0x50
 1677 004c 00000000 		.4byte	0
 1678 0050 00000000 		.4byte	0
 1679              	.LLST3:
 1680 0054 00000000 		.4byte	.LVL14
 1681 0058 0A000000 		.4byte	.LVL16
 1682 005c 0100     		.2byte	0x1
 1683 005e 50       		.byte	0x50
 1684 005f 0A000000 		.4byte	.LVL16
 1685 0063 0D000000 		.4byte	.LVL17-1
 1686 0067 0100     		.2byte	0x1
 1687 0069 51       		.byte	0x51
 1688 006a 0D000000 		.4byte	.LVL17-1
 1689 006e 04010000 		.4byte	.LFE65
 1690 0072 0400     		.2byte	0x4
 1691 0074 F3       		.byte	0xf3
 1692 0075 01       		.uleb128 0x1
 1693 0076 50       		.byte	0x50
 1694 0077 9F       		.byte	0x9f
 1695 0078 00000000 		.4byte	0
 1696 007c 00000000 		.4byte	0
 1697              	.LLST4:
 1698 0080 00000000 		.4byte	.LVL14
 1699 0084 08000000 		.4byte	.LVL15
 1700 0088 0100     		.2byte	0x1
 1701 008a 51       		.byte	0x51
 1702 008b 08000000 		.4byte	.LVL15
 1703 008f DE000000 		.4byte	.LVL37
 1704 0093 0100     		.2byte	0x1
 1705 0095 54       		.byte	0x54
 1706 0096 DE000000 		.4byte	.LVL37
 1707 009a 04010000 		.4byte	.LFE65
 1708 009e 0400     		.2byte	0x4
 1709 00a0 F3       		.byte	0xf3
 1710 00a1 01       		.uleb128 0x1
 1711 00a2 51       		.byte	0x51
 1712 00a3 9F       		.byte	0x9f
 1713 00a4 00000000 		.4byte	0
 1714 00a8 00000000 		.4byte	0
 1715              	.LLST5:
 1716 00ac 52000000 		.4byte	.LVL23
 1717 00b0 58000000 		.4byte	.LVL25
 1718 00b4 0200     		.2byte	0x2
 1719 00b6 30       		.byte	0x30
 1720 00b7 9F       		.byte	0x9f
 1721 00b8 58000000 		.4byte	.LVL25
 1722 00bc 82000000 		.4byte	.LVL29
ARM GAS  C:\Users\minime\AppData\Local\Temp\ccVB7fer.s 			page 36


 1723 00c0 0100     		.2byte	0x1
 1724 00c2 56       		.byte	0x56
 1725 00c3 00000000 		.4byte	0
 1726 00c7 00000000 		.4byte	0
 1727              	.LLST6:
 1728 00cb 52000000 		.4byte	.LVL23
 1729 00cf 84000000 		.4byte	.LVL30
 1730 00d3 0600     		.2byte	0x6
 1731 00d5 9E       		.byte	0x9e
 1732 00d6 04       		.uleb128 0x4
 1733 00d7 0F0B4940 		.4byte	0x40490b0f
 1734 00db 00000000 		.4byte	0
 1735 00df 00000000 		.4byte	0
 1736              	.LLST7:
 1737 00e3 52000000 		.4byte	.LVL23
 1738 00e7 84000000 		.4byte	.LVL30
 1739 00eb 0400     		.2byte	0x4
 1740 00ed 0A       		.byte	0xa
 1741 00ee 5D0D     		.2byte	0xd5d
 1742 00f0 9F       		.byte	0x9f
 1743 00f1 00000000 		.4byte	0
 1744 00f5 00000000 		.4byte	0
 1745              	.LLST8:
 1746 00f9 8C000000 		.4byte	.LVL31
 1747 00fd AA000000 		.4byte	.LVL33
 1748 0101 0200     		.2byte	0x2
 1749 0103 30       		.byte	0x30
 1750 0104 9F       		.byte	0x9f
 1751 0105 AA000000 		.4byte	.LVL33
 1752 0109 B5000000 		.4byte	.LVL34-1
 1753 010d 0100     		.2byte	0x1
 1754 010f 50       		.byte	0x50
 1755 0110 C2000000 		.4byte	.LVL35
 1756 0114 CE000000 		.4byte	.LVL36
 1757 0118 0100     		.2byte	0x1
 1758 011a 50       		.byte	0x50
 1759 011b 00000000 		.4byte	0
 1760 011f 00000000 		.4byte	0
 1761              	.LLST9:
 1762 0123 06000000 		.4byte	.LVL38
 1763 0127 1C000000 		.4byte	.LVL41
 1764 012b 0200     		.2byte	0x2
 1765 012d 30       		.byte	0x30
 1766 012e 9F       		.byte	0x9f
 1767 012f 46000000 		.4byte	.LVL47
 1768 0133 50000000 		.4byte	.LVL48
 1769 0137 0100     		.2byte	0x1
 1770 0139 50       		.byte	0x50
 1771 013a 00000000 		.4byte	0
 1772 013e 00000000 		.4byte	0
 1773              		.section	.debug_aranges,"",%progbits
 1774 0000 44000000 		.4byte	0x44
 1775 0004 0200     		.2byte	0x2
 1776 0006 00000000 		.4byte	.Ldebug_info0
 1777 000a 04       		.byte	0x4
 1778 000b 00       		.byte	0
 1779 000c 0000     		.2byte	0
ARM GAS  C:\Users\minime\AppData\Local\Temp\ccVB7fer.s 			page 37


 1780 000e 0000     		.2byte	0
 1781 0010 00000000 		.4byte	.LFB66
 1782 0014 16000000 		.4byte	.LFE66-.LFB66
 1783 0018 00000000 		.4byte	.LFB67
 1784 001c 0A000000 		.4byte	.LFE67-.LFB67
 1785 0020 00000000 		.4byte	.LFB68
 1786 0024 18000000 		.4byte	.LFE68-.LFB68
 1787 0028 00000000 		.4byte	.LFB69
 1788 002c 12000000 		.4byte	.LFE69-.LFB69
 1789 0030 00000000 		.4byte	.LFB65
 1790 0034 04010000 		.4byte	.LFE65-.LFB65
 1791 0038 00000000 		.4byte	.LFB64
 1792 003c 76000000 		.4byte	.LFE64-.LFB64
 1793 0040 00000000 		.4byte	0
 1794 0044 00000000 		.4byte	0
 1795              		.section	.debug_ranges,"",%progbits
 1796              	.Ldebug_ranges0:
 1797 0000 00000000 		.4byte	.LFB66
 1798 0004 16000000 		.4byte	.LFE66
 1799 0008 00000000 		.4byte	.LFB67
 1800 000c 0A000000 		.4byte	.LFE67
 1801 0010 00000000 		.4byte	.LFB68
 1802 0014 18000000 		.4byte	.LFE68
 1803 0018 00000000 		.4byte	.LFB69
 1804 001c 12000000 		.4byte	.LFE69
 1805 0020 00000000 		.4byte	.LFB65
 1806 0024 04010000 		.4byte	.LFE65
 1807 0028 00000000 		.4byte	.LFB64
 1808 002c 76000000 		.4byte	.LFE64
 1809 0030 00000000 		.4byte	0
 1810 0034 00000000 		.4byte	0
 1811              		.section	.debug_line,"",%progbits
 1812              	.Ldebug_line0:
 1813 0000 C7020000 		.section	.debug_str,"MS",%progbits,1
 1813      02001602 
 1813      00000201 
 1813      FB0E0D00 
 1813      01010101 
 1814              	.LASF20:
 1815 0000 53746172 		.ascii	"StartAnalogOut\000"
 1815      74416E61 
 1815      6C6F674F 
 1815      757400
 1816              	.LASF3:
 1817 000f 73686F72 		.ascii	"short int\000"
 1817      7420696E 
 1817      7400
 1818              	.LASF18:
 1819 0019 73697A65 		.ascii	"sizetype\000"
 1819      74797065 
 1819      00
 1820              	.LASF46:
 1821 0022 57617665 		.ascii	"WaveFormReader_GetResult16\000"
 1821      466F726D 
 1821      52656164 
 1821      65725F47 
 1821      65745265 
ARM GAS  C:\Users\minime\AppData\Local\Temp\ccVB7fer.s 			page 38


 1822              	.LASF39:
 1823 003d 57617665 		.ascii	"WaveGen_Start\000"
 1823      47656E5F 
 1823      53746172 
 1823      7400
 1824              	.LASF24:
 1825 004b 52656164 		.ascii	"ReadVoltage\000"
 1825      566F6C74 
 1825      61676500 
 1826              	.LASF62:
 1827 0057 6D61696E 		.ascii	"main\000"
 1827      00
 1828              	.LASF56:
 1829 005c 55534243 		.ascii	"USBCOMM_GetEPCount\000"
 1829      4F4D4D5F 
 1829      47657445 
 1829      50436F75 
 1829      6E7400
 1830              	.LASF50:
 1831 006f 7374726E 		.ascii	"strncmp\000"
 1831      636D7000 
 1832              	.LASF21:
 1833 0077 53746F70 		.ascii	"StopAnalogOut\000"
 1833      416E616C 
 1833      6F674F75 
 1833      7400
 1834              	.LASF13:
 1835 0085 75696E74 		.ascii	"uint16\000"
 1835      313600
 1836              	.LASF22:
 1837 008c 536F7572 		.ascii	"SourceFreq\000"
 1837      63654672 
 1837      657100
 1838              	.LASF14:
 1839 0097 696E7431 		.ascii	"int16\000"
 1839      3600
 1840              	.LASF12:
 1841 009d 75696E74 		.ascii	"uint8\000"
 1841      3800
 1842              	.LASF33:
 1843 00a3 74657374 		.ascii	"test1\000"
 1843      3100
 1844              	.LASF44:
 1845 00a9 416E616C 		.ascii	"AnalogClock_SetDividerRegister\000"
 1845      6F67436C 
 1845      6F636B5F 
 1845      53657444 
 1845      69766964 
 1846              	.LASF15:
 1847 00c8 666C6F61 		.ascii	"float\000"
 1847      7400
 1848              	.LASF47:
 1849 00ce 57617665 		.ascii	"WaveFormReader_CountsTo_mVolts\000"
 1849      466F726D 
 1849      52656164 
 1849      65725F43 
 1849      6F756E74 
ARM GAS  C:\Users\minime\AppData\Local\Temp\ccVB7fer.s 			page 39


 1850              	.LASF27:
 1851 00ed 66726571 		.ascii	"freq\000"
 1851      00
 1852              	.LASF7:
 1853 00f2 6C6F6E67 		.ascii	"long long int\000"
 1853      206C6F6E 
 1853      6720696E 
 1853      7400
 1854              	.LASF43:
 1855 0100 57617665 		.ascii	"WaveGen_Stop\000"
 1855      47656E5F 
 1855      53746F70 
 1855      00
 1856              	.LASF5:
 1857 010d 6C6F6E67 		.ascii	"long int\000"
 1857      20696E74 
 1857      00
 1858              	.LASF37:
 1859 0116 4F555442 		.ascii	"OUTBufferCount\000"
 1859      75666665 
 1859      72436F75 
 1859      6E7400
 1860              	.LASF53:
 1861 0125 55534243 		.ascii	"USBCOMM_EnableOutEP\000"
 1861      4F4D4D5F 
 1861      456E6162 
 1861      6C654F75 
 1861      74455000 
 1862              	.LASF25:
 1863 0139 53657446 		.ascii	"SetFreq\000"
 1863      72657100 
 1864              	.LASF31:
 1865 0141 566F6C74 		.ascii	"Volt\000"
 1865      00
 1866              	.LASF55:
 1867 0146 55534243 		.ascii	"USBCOMM_GetEPState\000"
 1867      4F4D4D5F 
 1867      47657445 
 1867      50537461 
 1867      746500
 1868              	.LASF61:
 1869 0159 433A5C55 		.ascii	"C:\\Users\\minime\\Downloads\\Rosendyne\\PSoC Creat"
 1869      73657273 
 1869      5C6D696E 
 1869      696D655C 
 1869      446F776E 
 1870 0187 6F725C57 		.ascii	"or\\Workspace01\\SinOutputWithReporting.cydsn\000"
 1870      6F726B73 
 1870      70616365 
 1870      30315C53 
 1870      696E4F75 
 1871              	.LASF49:
 1872 01b3 61746F69 		.ascii	"atoi\000"
 1872      00
 1873              	.LASF17:
 1874 01b8 6C6F6E67 		.ascii	"long double\000"
 1874      20646F75 
ARM GAS  C:\Users\minime\AppData\Local\Temp\ccVB7fer.s 			page 40


 1874      626C6500 
 1875              	.LASF51:
 1876 01c4 55534243 		.ascii	"USBCOMM_Start\000"
 1876      4F4D4D5F 
 1876      53746172 
 1876      7400
 1877              	.LASF2:
 1878 01d2 756E7369 		.ascii	"unsigned char\000"
 1878      676E6564 
 1878      20636861 
 1878      7200
 1879              	.LASF48:
 1880 01e0 73707269 		.ascii	"sprintf\000"
 1880      6E746600 
 1881              	.LASF1:
 1882 01e8 7369676E 		.ascii	"signed char\000"
 1882      65642063 
 1882      68617200 
 1883              	.LASF8:
 1884 01f4 6C6F6E67 		.ascii	"long long unsigned int\000"
 1884      206C6F6E 
 1884      6720756E 
 1884      7369676E 
 1884      65642069 
 1885              	.LASF9:
 1886 020b 756E7369 		.ascii	"unsigned int\000"
 1886      676E6564 
 1886      20696E74 
 1886      00
 1887              	.LASF34:
 1888 0218 566F6C74 		.ascii	"VoltChar\000"
 1888      43686172 
 1888      00
 1889              	.LASF23:
 1890 0221 436C6B44 		.ascii	"ClkDiv\000"
 1890      697600
 1891              	.LASF35:
 1892 0228 6672715F 		.ascii	"frq_char\000"
 1892      63686172 
 1892      00
 1893              	.LASF4:
 1894 0231 73686F72 		.ascii	"short unsigned int\000"
 1894      7420756E 
 1894      7369676E 
 1894      65642069 
 1894      6E7400
 1895              	.LASF28:
 1896 0244 436F6D6D 		.ascii	"Command\000"
 1896      616E6400 
 1897              	.LASF16:
 1898 024c 63686172 		.ascii	"char\000"
 1898      00
 1899              	.LASF42:
 1900 0251 57617665 		.ascii	"WaveFormReader_StartConvert\000"
 1900      466F726D 
 1900      52656164 
 1900      65725F53 
ARM GAS  C:\Users\minime\AppData\Local\Temp\ccVB7fer.s 			page 41


 1900      74617274 
 1901              	.LASF57:
 1902 026d 55534243 		.ascii	"USBCOMM_ReadOutEP\000"
 1902      4F4D4D5F 
 1902      52656164 
 1902      4F757445 
 1902      5000
 1903              	.LASF11:
 1904 027f 696E7433 		.ascii	"int32_t\000"
 1904      325F7400 
 1905              	.LASF40:
 1906 0287 416E616C 		.ascii	"AnalogClock_Start\000"
 1906      6F67436C 
 1906      6F636B5F 
 1906      53746172 
 1906      7400
 1907              	.LASF19:
 1908 0299 5F426F6F 		.ascii	"_Bool\000"
 1908      6C00
 1909              	.LASF38:
 1910 029f 494E4275 		.ascii	"INBuffer\000"
 1910      66666572 
 1910      00
 1911              	.LASF32:
 1912 02a8 74657374 		.ascii	"test\000"
 1912      00
 1913              	.LASF45:
 1914 02ad 57617665 		.ascii	"WaveFormReader_IsEndConversion\000"
 1914      466F726D 
 1914      52656164 
 1914      65725F49 
 1914      73456E64 
 1915              	.LASF60:
 1916 02cc 6D61696E 		.ascii	"main.c\000"
 1916      2E6300
 1917              	.LASF6:
 1918 02d3 6C6F6E67 		.ascii	"long unsigned int\000"
 1918      20756E73 
 1918      69676E65 
 1918      6420696E 
 1918      7400
 1919              	.LASF0:
 1920 02e5 646F7562 		.ascii	"double\000"
 1920      6C6500
 1921              	.LASF29:
 1922 02ec 72657370 		.ascii	"response\000"
 1922      6F6E7365 
 1922      00
 1923              	.LASF54:
 1924 02f5 55534243 		.ascii	"USBCOMM_IsConfigurationChanged\000"
 1924      4F4D4D5F 
 1924      4973436F 
 1924      6E666967 
 1924      75726174 
 1925              	.LASF10:
 1926 0314 5F5F696E 		.ascii	"__int32_t\000"
 1926      7433325F 
ARM GAS  C:\Users\minime\AppData\Local\Temp\ccVB7fer.s 			page 42


 1926      7400
 1927              	.LASF52:
 1928 031e 55534243 		.ascii	"USBCOMM_GetConfiguration\000"
 1928      4F4D4D5F 
 1928      47657443 
 1928      6F6E6669 
 1928      67757261 
 1929              	.LASF36:
 1930 0337 4F555442 		.ascii	"OUTBuffer\000"
 1930      75666665 
 1930      7200
 1931              	.LASF26:
 1932 0341 50726F63 		.ascii	"ProcessCommand\000"
 1932      65737343 
 1932      6F6D6D61 
 1932      6E6400
 1933              	.LASF63:
 1934 0350 49544D5F 		.ascii	"ITM_RxBuffer\000"
 1934      52784275 
 1934      66666572 
 1934      00
 1935              	.LASF59:
 1936 035d 474E5520 		.ascii	"GNU C11 5.4.1 20160609 (release) [ARM/embedded-5-br"
 1936      43313120 
 1936      352E342E 
 1936      31203230 
 1936      31363036 
 1937 0390 616E6368 		.ascii	"anch revision 237715] -mcpu=cortex-m3 -mthumb -g -O"
 1937      20726576 
 1937      6973696F 
 1937      6E203233 
 1937      37373135 
 1938 03c3 67202D66 		.ascii	"g -ffunction-sections -ffat-lto-objects\000"
 1938      66756E63 
 1938      74696F6E 
 1938      2D736563 
 1938      74696F6E 
 1939              	.LASF41:
 1940 03eb 57617665 		.ascii	"WaveFormReader_Start\000"
 1940      466F726D 
 1940      52656164 
 1940      65725F53 
 1940      74617274 
 1941              	.LASF30:
 1942 0400 636D6473 		.ascii	"cmdstring\000"
 1942      7472696E 
 1942      6700
 1943              	.LASF58:
 1944 040a 55534243 		.ascii	"USBCOMM_LoadInEP\000"
 1944      4F4D4D5F 
 1944      4C6F6164 
 1944      496E4550 
 1944      00
 1945              		.ident	"GCC: (GNU Tools for ARM Embedded Processors) 5.4.1 20160609 (release) [ARM/embedded-5-bran
