ARM GAS  C:\Users\minime\AppData\Local\Temp\ccmp4dCg.s 			page 1


   1              		.syntax unified
   2              		.cpu cortex-m3
   3              		.fpu softvfp
   4              		.eabi_attribute 20, 1
   5              		.eabi_attribute 21, 1
   6              		.eabi_attribute 23, 3
   7              		.eabi_attribute 24, 1
   8              		.eabi_attribute 25, 1
   9              		.eabi_attribute 26, 1
  10              		.eabi_attribute 30, 1
  11              		.eabi_attribute 34, 1
  12              		.eabi_attribute 18, 4
  13              		.thumb
  14              		.syntax unified
  15              		.file	"USBCOMM_descr.c"
  16              		.text
  17              	.Ltext0:
  18              		.cfi_sections	.debug_frame
  19              		.comm	USBCOMM_idSerialNumberStringDescriptor,34,4
  20              		.global	USBCOMM_TABLE
  21              		.global	USBCOMM_DEVICE0_TABLE
  22              		.global	USBCOMM_DEVICE0_CONFIGURATION0_TABLE
  23              		.global	USBCOMM_DEVICE0_CONFIGURATION0_INTERFACE_CLASS
  24              		.global	USBCOMM_DEVICE0_CONFIGURATION0_EP_SETTINGS_TABLE
  25              		.global	USBCOMM_SN_STRING_DESCRIPTOR
  26              		.global	USBCOMM_STRING_DESCRIPTORS
  27              		.global	USBCOMM_DEVICE0_CONFIGURATION0_DESCR
  28              		.global	USBCOMM_DEVICE0_DESCR
  29              		.section	.rodata
  30              		.align	2
  31              		.type	USBCOMM_TABLE, %object
  32              		.size	USBCOMM_TABLE, 8
  33              	USBCOMM_TABLE:
  34 0000 01       		.byte	1
  35 0001 000000   		.space	3
  36 0004 00000000 		.word	USBCOMM_DEVICE0_TABLE
  37              		.type	USBCOMM_DEVICE0_TABLE, %object
  38              		.size	USBCOMM_DEVICE0_TABLE, 24
  39              	USBCOMM_DEVICE0_TABLE:
  40 0008 01       		.byte	1
  41 0009 000000   		.space	3
  42 000c 00000000 		.word	USBCOMM_DEVICE0_DESCR
  43 0010 00       		.byte	0
  44 0011 000000   		.space	3
  45 0014 00000000 		.word	0
  46 0018 01       		.byte	1
  47 0019 000000   		.space	3
  48 001c 00000000 		.word	USBCOMM_DEVICE0_CONFIGURATION0_TABLE
  49              		.type	USBCOMM_DEVICE0_CONFIGURATION0_TABLE, %object
  50              		.size	USBCOMM_DEVICE0_CONFIGURATION0_TABLE, 32
  51              	USBCOMM_DEVICE0_CONFIGURATION0_TABLE:
  52 0020 01       		.byte	1
  53 0021 000000   		.space	3
  54 0024 00000000 		.word	USBCOMM_DEVICE0_CONFIGURATION0_DESCR
  55 0028 02       		.byte	2
  56 0029 000000   		.space	3
  57 002c 00000000 		.word	USBCOMM_DEVICE0_CONFIGURATION0_EP_SETTINGS_TABLE
ARM GAS  C:\Users\minime\AppData\Local\Temp\ccmp4dCg.s 			page 2


  58 0030 00       		.byte	0
  59 0031 000000   		.space	3
  60 0034 00000000 		.word	0
  61 0038 00       		.byte	0
  62 0039 000000   		.space	3
  63 003c 00000000 		.word	USBCOMM_DEVICE0_CONFIGURATION0_INTERFACE_CLASS
  64              		.type	USBCOMM_DEVICE0_CONFIGURATION0_INTERFACE_CLASS, %object
  65              		.size	USBCOMM_DEVICE0_CONFIGURATION0_INTERFACE_CLASS, 1
  66              	USBCOMM_DEVICE0_CONFIGURATION0_INTERFACE_CLASS:
  67 0040 00       		.space	1
  68 0041 000000   		.space	3
  69              		.type	USBCOMM_DEVICE0_CONFIGURATION0_EP_SETTINGS_TABLE, %object
  70              		.size	USBCOMM_DEVICE0_CONFIGURATION0_EP_SETTINGS_TABLE, 16
  71              	USBCOMM_DEVICE0_CONFIGURATION0_EP_SETTINGS_TABLE:
  72 0044 00       		.byte	0
  73 0045 00       		.byte	0
  74 0046 81       		.byte	-127
  75 0047 02       		.byte	2
  76 0048 4000     		.short	64
  77 004a 00       		.byte	0
  78 004b 00       		.space	1
  79 004c 00       		.byte	0
  80 004d 00       		.byte	0
  81 004e 02       		.byte	2
  82 004f 02       		.byte	2
  83 0050 4000     		.short	64
  84 0052 00       		.byte	0
  85 0053 00       		.space	1
  86              		.type	USBCOMM_SN_STRING_DESCRIPTOR, %object
  87              		.size	USBCOMM_SN_STRING_DESCRIPTOR, 2
  88              	USBCOMM_SN_STRING_DESCRIPTOR:
  89 0054 02       		.byte	2
  90 0055 03       		.byte	3
  91 0056 0000     		.space	2
  92              		.type	USBCOMM_STRING_DESCRIPTORS, %object
  93              		.size	USBCOMM_STRING_DESCRIPTORS, 211
  94              	USBCOMM_STRING_DESCRIPTORS:
  95 0058 04       		.byte	4
  96 0059 03       		.byte	3
  97 005a 09       		.byte	9
  98 005b 04       		.byte	4
  99 005c 2C       		.byte	44
 100 005d 03       		.byte	3
 101 005e 43       		.byte	67
 102 005f 00       		.byte	0
 103 0060 79       		.byte	121
 104 0061 00       		.byte	0
 105 0062 70       		.byte	112
 106 0063 00       		.byte	0
 107 0064 72       		.byte	114
 108 0065 00       		.byte	0
 109 0066 65       		.byte	101
 110 0067 00       		.byte	0
 111 0068 73       		.byte	115
 112 0069 00       		.byte	0
 113 006a 73       		.byte	115
 114 006b 00       		.byte	0
ARM GAS  C:\Users\minime\AppData\Local\Temp\ccmp4dCg.s 			page 3


 115 006c 20       		.byte	32
 116 006d 00       		.byte	0
 117 006e 53       		.byte	83
 118 006f 00       		.byte	0
 119 0070 65       		.byte	101
 120 0071 00       		.byte	0
 121 0072 6D       		.byte	109
 122 0073 00       		.byte	0
 123 0074 69       		.byte	105
 124 0075 00       		.byte	0
 125 0076 63       		.byte	99
 126 0077 00       		.byte	0
 127 0078 6F       		.byte	111
 128 0079 00       		.byte	0
 129 007a 6E       		.byte	110
 130 007b 00       		.byte	0
 131 007c 64       		.byte	100
 132 007d 00       		.byte	0
 133 007e 75       		.byte	117
 134 007f 00       		.byte	0
 135 0080 63       		.byte	99
 136 0081 00       		.byte	0
 137 0082 74       		.byte	116
 138 0083 00       		.byte	0
 139 0084 6F       		.byte	111
 140 0085 00       		.byte	0
 141 0086 72       		.byte	114
 142 0087 00       		.byte	0
 143 0088 10       		.byte	16
 144 0089 03       		.byte	3
 145 008a 55       		.byte	85
 146 008b 00       		.byte	0
 147 008c 53       		.byte	83
 148 008d 00       		.byte	0
 149 008e 42       		.byte	66
 150 008f 00       		.byte	0
 151 0090 55       		.byte	85
 152 0091 00       		.byte	0
 153 0092 41       		.byte	65
 154 0093 00       		.byte	0
 155 0094 52       		.byte	82
 156 0095 00       		.byte	0
 157 0096 54       		.byte	84
 158 0097 00       		.byte	0
 159 0098 38       		.byte	56
 160 0099 03       		.byte	3
 161 009a 43       		.byte	67
 162 009b 00       		.byte	0
 163 009c 44       		.byte	68
 164 009d 00       		.byte	0
 165 009e 43       		.byte	67
 166 009f 00       		.byte	0
 167 00a0 20       		.byte	32
 168 00a1 00       		.byte	0
 169 00a2 43       		.byte	67
 170 00a3 00       		.byte	0
 171 00a4 6F       		.byte	111
ARM GAS  C:\Users\minime\AppData\Local\Temp\ccmp4dCg.s 			page 4


 172 00a5 00       		.byte	0
 173 00a6 6D       		.byte	109
 174 00a7 00       		.byte	0
 175 00a8 6D       		.byte	109
 176 00a9 00       		.byte	0
 177 00aa 75       		.byte	117
 178 00ab 00       		.byte	0
 179 00ac 6E       		.byte	110
 180 00ad 00       		.byte	0
 181 00ae 69       		.byte	105
 182 00af 00       		.byte	0
 183 00b0 63       		.byte	99
 184 00b1 00       		.byte	0
 185 00b2 61       		.byte	97
 186 00b3 00       		.byte	0
 187 00b4 74       		.byte	116
 188 00b5 00       		.byte	0
 189 00b6 69       		.byte	105
 190 00b7 00       		.byte	0
 191 00b8 6F       		.byte	111
 192 00b9 00       		.byte	0
 193 00ba 6E       		.byte	110
 194 00bb 00       		.byte	0
 195 00bc 20       		.byte	32
 196 00bd 00       		.byte	0
 197 00be 49       		.byte	73
 198 00bf 00       		.byte	0
 199 00c0 6E       		.byte	110
 200 00c1 00       		.byte	0
 201 00c2 74       		.byte	116
 202 00c3 00       		.byte	0
 203 00c4 65       		.byte	101
 204 00c5 00       		.byte	0
 205 00c6 72       		.byte	114
 206 00c7 00       		.byte	0
 207 00c8 66       		.byte	102
 208 00c9 00       		.byte	0
 209 00ca 61       		.byte	97
 210 00cb 00       		.byte	0
 211 00cc 63       		.byte	99
 212 00cd 00       		.byte	0
 213 00ce 65       		.byte	101
 214 00cf 00       		.byte	0
 215 00d0 26       		.byte	38
 216 00d1 03       		.byte	3
 217 00d2 43       		.byte	67
 218 00d3 00       		.byte	0
 219 00d4 44       		.byte	68
 220 00d5 00       		.byte	0
 221 00d6 43       		.byte	67
 222 00d7 00       		.byte	0
 223 00d8 20       		.byte	32
 224 00d9 00       		.byte	0
 225 00da 44       		.byte	68
 226 00db 00       		.byte	0
 227 00dc 61       		.byte	97
 228 00dd 00       		.byte	0
ARM GAS  C:\Users\minime\AppData\Local\Temp\ccmp4dCg.s 			page 5


 229 00de 74       		.byte	116
 230 00df 00       		.byte	0
 231 00e0 61       		.byte	97
 232 00e1 00       		.byte	0
 233 00e2 20       		.byte	32
 234 00e3 00       		.byte	0
 235 00e4 49       		.byte	73
 236 00e5 00       		.byte	0
 237 00e6 6E       		.byte	110
 238 00e7 00       		.byte	0
 239 00e8 74       		.byte	116
 240 00e9 00       		.byte	0
 241 00ea 65       		.byte	101
 242 00eb 00       		.byte	0
 243 00ec 72       		.byte	114
 244 00ed 00       		.byte	0
 245 00ee 66       		.byte	102
 246 00ef 00       		.byte	0
 247 00f0 61       		.byte	97
 248 00f1 00       		.byte	0
 249 00f2 63       		.byte	99
 250 00f3 00       		.byte	0
 251 00f4 65       		.byte	101
 252 00f5 00       		.byte	0
 253 00f6 0C       		.byte	12
 254 00f7 03       		.byte	3
 255 00f8 52       		.byte	82
 256 00f9 00       		.byte	0
 257 00fa 54       		.byte	84
 258 00fb 00       		.byte	0
 259 00fc 5F       		.byte	95
 260 00fd 00       		.byte	0
 261 00fe 41       		.byte	65
 262 00ff 00       		.byte	0
 263 0100 44       		.byte	68
 264 0101 00       		.byte	0
 265 0102 10       		.byte	16
 266 0103 03       		.byte	3
 267 0104 55       		.byte	85
 268 0105 00       		.byte	0
 269 0106 53       		.byte	83
 270 0107 00       		.byte	0
 271 0108 42       		.byte	66
 272 0109 00       		.byte	0
 273 010a 43       		.byte	67
 274 010b 00       		.byte	0
 275 010c 4F       		.byte	79
 276 010d 00       		.byte	0
 277 010e 4D       		.byte	77
 278 010f 00       		.byte	0
 279 0110 4D       		.byte	77
 280 0111 00       		.byte	0
 281 0112 18       		.byte	24
 282 0113 03       		.byte	3
 283 0114 57       		.byte	87
 284 0115 00       		.byte	0
 285 0116 61       		.byte	97
ARM GAS  C:\Users\minime\AppData\Local\Temp\ccmp4dCg.s 			page 6


 286 0117 00       		.byte	0
 287 0118 76       		.byte	118
 288 0119 00       		.byte	0
 289 011a 65       		.byte	101
 290 011b 00       		.byte	0
 291 011c 46       		.byte	70
 292 011d 00       		.byte	0
 293 011e 6F       		.byte	111
 294 011f 00       		.byte	0
 295 0120 72       		.byte	114
 296 0121 00       		.byte	0
 297 0122 6D       		.byte	109
 298 0123 00       		.byte	0
 299 0124 47       		.byte	71
 300 0125 00       		.byte	0
 301 0126 65       		.byte	101
 302 0127 00       		.byte	0
 303 0128 6E       		.byte	110
 304 0129 00       		.byte	0
 305 012a 00       		.byte	0
 306 012b 00       		.space	1
 307              		.type	USBCOMM_DEVICE0_CONFIGURATION0_DESCR, %object
 308              		.size	USBCOMM_DEVICE0_CONFIGURATION0_DESCR, 32
 309              	USBCOMM_DEVICE0_CONFIGURATION0_DESCR:
 310 012c 09       		.byte	9
 311 012d 02       		.byte	2
 312 012e 20       		.byte	32
 313 012f 00       		.byte	0
 314 0130 01       		.byte	1
 315 0131 01       		.byte	1
 316 0132 03       		.byte	3
 317 0133 80       		.byte	-128
 318 0134 32       		.byte	50
 319 0135 09       		.byte	9
 320 0136 04       		.byte	4
 321 0137 00       		.byte	0
 322 0138 00       		.byte	0
 323 0139 02       		.byte	2
 324 013a 00       		.byte	0
 325 013b 00       		.byte	0
 326 013c 00       		.byte	0
 327 013d 06       		.byte	6
 328 013e 07       		.byte	7
 329 013f 05       		.byte	5
 330 0140 81       		.byte	-127
 331 0141 02       		.byte	2
 332 0142 40       		.byte	64
 333 0143 00       		.byte	0
 334 0144 00       		.byte	0
 335 0145 07       		.byte	7
 336 0146 05       		.byte	5
 337 0147 02       		.byte	2
 338 0148 02       		.byte	2
 339 0149 40       		.byte	64
 340 014a 00       		.byte	0
 341 014b 00       		.byte	0
 342              		.type	USBCOMM_DEVICE0_DESCR, %object
ARM GAS  C:\Users\minime\AppData\Local\Temp\ccmp4dCg.s 			page 7


 343              		.size	USBCOMM_DEVICE0_DESCR, 18
 344              	USBCOMM_DEVICE0_DESCR:
 345 014c 12       		.byte	18
 346 014d 01       		.byte	1
 347 014e 00       		.byte	0
 348 014f 02       		.byte	2
 349 0150 02       		.byte	2
 350 0151 00       		.byte	0
 351 0152 00       		.byte	0
 352 0153 08       		.byte	8
 353 0154 B4       		.byte	-76
 354 0155 04       		.byte	4
 355 0156 32       		.byte	50
 356 0157 F2       		.byte	-14
 357 0158 01       		.byte	1
 358 0159 00       		.byte	0
 359 015a 01       		.byte	1
 360 015b 07       		.byte	7
 361 015c 80       		.byte	-128
 362 015d 01       		.byte	1
 363              		.text
 364              	.Letext0:
 365              		.file 1 "Generated_Source\\PSoC5\\cytypes.h"
 366              		.file 2 "Generated_Source\\PSoC5\\USBCOMM.h"
 367              		.file 3 "Generated_Source\\PSoC5\\USBCOMM_descr.c"
 368              		.section	.debug_info,"",%progbits
 369              	.Ldebug_info0:
 370 0000 AF020000 		.4byte	0x2af
 371 0004 0400     		.2byte	0x4
 372 0006 00000000 		.4byte	.Ldebug_abbrev0
 373 000a 04       		.byte	0x4
 374 000b 01       		.uleb128 0x1
 375 000c 3B010000 		.4byte	.LASF35
 376 0010 0C       		.byte	0xc
 377 0011 28030000 		.4byte	.LASF36
 378 0015 2F000000 		.4byte	.LASF37
 379 0019 00000000 		.4byte	.Ldebug_line0
 380 001d 02       		.uleb128 0x2
 381 001e 01       		.byte	0x1
 382 001f 06       		.byte	0x6
 383 0020 1C030000 		.4byte	.LASF0
 384 0024 02       		.uleb128 0x2
 385 0025 01       		.byte	0x1
 386 0026 08       		.byte	0x8
 387 0027 EB010000 		.4byte	.LASF1
 388 002b 02       		.uleb128 0x2
 389 002c 02       		.byte	0x2
 390 002d 05       		.byte	0x5
 391 002e ED020000 		.4byte	.LASF2
 392 0032 02       		.uleb128 0x2
 393 0033 02       		.byte	0x2
 394 0034 07       		.byte	0x7
 395 0035 89000000 		.4byte	.LASF3
 396 0039 02       		.uleb128 0x2
 397 003a 04       		.byte	0x4
 398 003b 05       		.byte	0x5
 399 003c 07030000 		.4byte	.LASF4
ARM GAS  C:\Users\minime\AppData\Local\Temp\ccmp4dCg.s 			page 8


 400 0040 02       		.uleb128 0x2
 401 0041 04       		.byte	0x4
 402 0042 07       		.byte	0x7
 403 0043 D4010000 		.4byte	.LASF5
 404 0047 02       		.uleb128 0x2
 405 0048 08       		.byte	0x8
 406 0049 05       		.byte	0x5
 407 004a B9020000 		.4byte	.LASF6
 408 004e 02       		.uleb128 0x2
 409 004f 08       		.byte	0x8
 410 0050 07       		.byte	0x7
 411 0051 77020000 		.4byte	.LASF7
 412 0055 03       		.uleb128 0x3
 413 0056 04       		.byte	0x4
 414 0057 05       		.byte	0x5
 415 0058 696E7400 		.ascii	"int\000"
 416 005c 02       		.uleb128 0x2
 417 005d 04       		.byte	0x4
 418 005e 07       		.byte	0x7
 419 005f 54020000 		.4byte	.LASF8
 420 0063 04       		.uleb128 0x4
 421 0064 F7020000 		.4byte	.LASF9
 422 0068 01       		.byte	0x1
 423 0069 E401     		.2byte	0x1e4
 424 006b 24000000 		.4byte	0x24
 425 006f 04       		.uleb128 0x4
 426 0070 4D020000 		.4byte	.LASF10
 427 0074 01       		.byte	0x1
 428 0075 E501     		.2byte	0x1e5
 429 0077 32000000 		.4byte	0x32
 430 007b 02       		.uleb128 0x2
 431 007c 04       		.byte	0x4
 432 007d 04       		.byte	0x4
 433 007e E8000000 		.4byte	.LASF11
 434 0082 02       		.uleb128 0x2
 435 0083 08       		.byte	0x8
 436 0084 04       		.byte	0x4
 437 0085 15020000 		.4byte	.LASF12
 438 0089 02       		.uleb128 0x2
 439 008a 01       		.byte	0x1
 440 008b 08       		.byte	0x8
 441 008c C7020000 		.4byte	.LASF13
 442 0090 02       		.uleb128 0x2
 443 0091 08       		.byte	0x8
 444 0092 04       		.byte	0x4
 445 0093 10030000 		.4byte	.LASF14
 446 0097 02       		.uleb128 0x2
 447 0098 04       		.byte	0x4
 448 0099 07       		.byte	0x7
 449 009a 95020000 		.4byte	.LASF15
 450 009e 05       		.uleb128 0x5
 451 009f 08       		.byte	0x8
 452 00a0 02       		.byte	0x2
 453 00a1 99       		.byte	0x99
 454 00a2 EF000000 		.4byte	0xef
 455 00a6 06       		.uleb128 0x6
 456 00a7 FD020000 		.4byte	.LASF16
ARM GAS  C:\Users\minime\AppData\Local\Temp\ccmp4dCg.s 			page 9


 457 00ab 02       		.byte	0x2
 458 00ac 9B       		.byte	0x9b
 459 00ad 63000000 		.4byte	0x63
 460 00b1 00       		.byte	0
 461 00b2 06       		.uleb128 0x6
 462 00b3 0B010000 		.4byte	.LASF17
 463 00b7 02       		.byte	0x2
 464 00b8 9C       		.byte	0x9c
 465 00b9 63000000 		.4byte	0x63
 466 00bd 01       		.byte	0x1
 467 00be 06       		.uleb128 0x6
 468 00bf E6010000 		.4byte	.LASF18
 469 00c3 02       		.byte	0x2
 470 00c4 9D       		.byte	0x9d
 471 00c5 63000000 		.4byte	0x63
 472 00c9 02       		.byte	0x2
 473 00ca 06       		.uleb128 0x6
 474 00cb C9010000 		.4byte	.LASF19
 475 00cf 02       		.byte	0x2
 476 00d0 9E       		.byte	0x9e
 477 00d1 63000000 		.4byte	0x63
 478 00d5 03       		.byte	0x3
 479 00d6 06       		.uleb128 0x6
 480 00d7 E2020000 		.4byte	.LASF20
 481 00db 02       		.byte	0x2
 482 00dc 9F       		.byte	0x9f
 483 00dd 6F000000 		.4byte	0x6f
 484 00e1 04       		.byte	0x4
 485 00e2 06       		.uleb128 0x6
 486 00e3 6B030000 		.4byte	.LASF21
 487 00e7 02       		.byte	0x2
 488 00e8 A0       		.byte	0xa0
 489 00e9 63000000 		.4byte	0x63
 490 00ed 06       		.byte	0x6
 491 00ee 00       		.byte	0
 492 00ef 07       		.uleb128 0x7
 493 00f0 F9010000 		.4byte	.LASF22
 494 00f4 02       		.byte	0x2
 495 00f5 A1       		.byte	0xa1
 496 00f6 9E000000 		.4byte	0x9e
 497 00fa 05       		.uleb128 0x5
 498 00fb 08       		.byte	0x8
 499 00fc 02       		.byte	0x2
 500 00fd B0       		.byte	0xb0
 501 00fe 19010000 		.4byte	0x119
 502 0102 08       		.uleb128 0x8
 503 0103 6300     		.ascii	"c\000"
 504 0105 02       		.byte	0x2
 505 0106 B2       		.byte	0xb2
 506 0107 63000000 		.4byte	0x63
 507 010b 00       		.byte	0
 508 010c 06       		.uleb128 0x6
 509 010d 8E020000 		.4byte	.LASF23
 510 0111 02       		.byte	0x2
 511 0112 B3       		.byte	0xb3
 512 0113 19010000 		.4byte	0x119
 513 0117 04       		.byte	0x4
ARM GAS  C:\Users\minime\AppData\Local\Temp\ccmp4dCg.s 			page 10


 514 0118 00       		.byte	0
 515 0119 09       		.uleb128 0x9
 516 011a 04       		.byte	0x4
 517 011b 1F010000 		.4byte	0x11f
 518 011f 0A       		.uleb128 0xa
 519 0120 07       		.uleb128 0x7
 520 0121 4F030000 		.4byte	.LASF24
 521 0125 02       		.byte	0x2
 522 0126 B4       		.byte	0xb4
 523 0127 FA000000 		.4byte	0xfa
 524 012b 0B       		.uleb128 0xb
 525 012c 3B010000 		.4byte	0x13b
 526 0130 3B010000 		.4byte	0x13b
 527 0134 0C       		.uleb128 0xc
 528 0135 97000000 		.4byte	0x97
 529 0139 11       		.byte	0x11
 530 013a 00       		.byte	0
 531 013b 0D       		.uleb128 0xd
 532 013c 63000000 		.4byte	0x63
 533 0140 0E       		.uleb128 0xe
 534 0141 CC020000 		.4byte	.LASF25
 535 0145 03       		.byte	0x3
 536 0146 24       		.byte	0x24
 537 0147 51010000 		.4byte	0x151
 538 014b 05       		.uleb128 0x5
 539 014c 03       		.byte	0x3
 540 014d 00000000 		.4byte	USBCOMM_DEVICE0_DESCR
 541 0151 0D       		.uleb128 0xd
 542 0152 2B010000 		.4byte	0x12b
 543 0156 0B       		.uleb128 0xb
 544 0157 3B010000 		.4byte	0x13b
 545 015b 66010000 		.4byte	0x166
 546 015f 0C       		.uleb128 0xc
 547 0160 97000000 		.4byte	0x97
 548 0164 1F       		.byte	0x1f
 549 0165 00       		.byte	0
 550 0166 0E       		.uleb128 0xe
 551 0167 C3000000 		.4byte	.LASF26
 552 016b 03       		.byte	0x3
 553 016c 37       		.byte	0x37
 554 016d 77010000 		.4byte	0x177
 555 0171 05       		.uleb128 0x5
 556 0172 03       		.byte	0x3
 557 0173 00000000 		.4byte	USBCOMM_DEVICE0_CONFIGURATION0_DESCR
 558 0177 0D       		.uleb128 0xd
 559 0178 56010000 		.4byte	0x156
 560 017c 0B       		.uleb128 0xb
 561 017d 8C010000 		.4byte	0x18c
 562 0181 8C010000 		.4byte	0x18c
 563 0185 0C       		.uleb128 0xc
 564 0186 97000000 		.4byte	0x97
 565 018a 01       		.byte	0x1
 566 018b 00       		.byte	0
 567 018c 0D       		.uleb128 0xd
 568 018d EF000000 		.4byte	0xef
 569 0191 0E       		.uleb128 0xe
 570 0192 1C020000 		.4byte	.LASF27
ARM GAS  C:\Users\minime\AppData\Local\Temp\ccmp4dCg.s 			page 11


 571 0196 03       		.byte	0x3
 572 0197 BA       		.byte	0xba
 573 0198 A2010000 		.4byte	0x1a2
 574 019c 05       		.uleb128 0x5
 575 019d 03       		.byte	0x3
 576 019e 00000000 		.4byte	USBCOMM_DEVICE0_CONFIGURATION0_EP_SETTINGS_TABLE
 577 01a2 0D       		.uleb128 0xd
 578 01a3 7C010000 		.4byte	0x17c
 579 01a7 0B       		.uleb128 0xb
 580 01a8 3B010000 		.4byte	0x13b
 581 01ac B7010000 		.4byte	0x1b7
 582 01b0 0C       		.uleb128 0xc
 583 01b1 97000000 		.4byte	0x97
 584 01b5 00       		.byte	0
 585 01b6 00       		.byte	0
 586 01b7 0E       		.uleb128 0xe
 587 01b8 00000000 		.4byte	.LASF28
 588 01bc 03       		.byte	0x3
 589 01bd BF       		.byte	0xbf
 590 01be C8010000 		.4byte	0x1c8
 591 01c2 05       		.uleb128 0x5
 592 01c3 03       		.byte	0x3
 593 01c4 00000000 		.4byte	USBCOMM_DEVICE0_CONFIGURATION0_INTERFACE_CLASS
 594 01c8 0D       		.uleb128 0xd
 595 01c9 A7010000 		.4byte	0x1a7
 596 01cd 0B       		.uleb128 0xb
 597 01ce DD010000 		.4byte	0x1dd
 598 01d2 DD010000 		.4byte	0x1dd
 599 01d6 0C       		.uleb128 0xc
 600 01d7 97000000 		.4byte	0x97
 601 01db 03       		.byte	0x3
 602 01dc 00       		.byte	0
 603 01dd 0D       		.uleb128 0xd
 604 01de 20010000 		.4byte	0x120
 605 01e2 0E       		.uleb128 0xe
 606 01e3 16010000 		.4byte	.LASF29
 607 01e7 03       		.byte	0x3
 608 01e8 C7       		.byte	0xc7
 609 01e9 F3010000 		.4byte	0x1f3
 610 01ed 05       		.uleb128 0x5
 611 01ee 03       		.byte	0x3
 612 01ef 00000000 		.4byte	USBCOMM_DEVICE0_CONFIGURATION0_TABLE
 613 01f3 0D       		.uleb128 0xd
 614 01f4 CD010000 		.4byte	0x1cd
 615 01f8 0B       		.uleb128 0xb
 616 01f9 DD010000 		.4byte	0x1dd
 617 01fd 08020000 		.4byte	0x208
 618 0201 0C       		.uleb128 0xc
 619 0202 97000000 		.4byte	0x97
 620 0206 02       		.byte	0x2
 621 0207 00       		.byte	0
 622 0208 0E       		.uleb128 0xe
 623 0209 61020000 		.4byte	.LASF30
 624 020d 03       		.byte	0x3
 625 020e D1       		.byte	0xd1
 626 020f 19020000 		.4byte	0x219
 627 0213 05       		.uleb128 0x5
ARM GAS  C:\Users\minime\AppData\Local\Temp\ccmp4dCg.s 			page 12


 628 0214 03       		.byte	0x3
 629 0215 00000000 		.4byte	USBCOMM_DEVICE0_TABLE
 630 0219 0D       		.uleb128 0xd
 631 021a F8010000 		.4byte	0x1f8
 632 021e 0B       		.uleb128 0xb
 633 021f DD010000 		.4byte	0x1dd
 634 0223 2E020000 		.4byte	0x22e
 635 0227 0C       		.uleb128 0xc
 636 0228 97000000 		.4byte	0x97
 637 022c 00       		.byte	0
 638 022d 00       		.byte	0
 639 022e 0E       		.uleb128 0xe
 640 022f 5D030000 		.4byte	.LASF31
 641 0233 03       		.byte	0x3
 642 0234 D9       		.byte	0xd9
 643 0235 3F020000 		.4byte	0x23f
 644 0239 05       		.uleb128 0x5
 645 023a 03       		.byte	0x3
 646 023b 00000000 		.4byte	USBCOMM_TABLE
 647 023f 0D       		.uleb128 0xd
 648 0240 1E020000 		.4byte	0x21e
 649 0244 0B       		.uleb128 0xb
 650 0245 3B010000 		.4byte	0x13b
 651 0249 54020000 		.4byte	0x254
 652 024d 0C       		.uleb128 0xc
 653 024e 97000000 		.4byte	0x97
 654 0252 01       		.byte	0x1
 655 0253 00       		.byte	0
 656 0254 0E       		.uleb128 0xe
 657 0255 EE000000 		.4byte	.LASF32
 658 0259 03       		.byte	0x3
 659 025a AB       		.byte	0xab
 660 025b 65020000 		.4byte	0x265
 661 025f 05       		.uleb128 0x5
 662 0260 03       		.byte	0x3
 663 0261 00000000 		.4byte	USBCOMM_SN_STRING_DESCRIPTOR
 664 0265 0D       		.uleb128 0xd
 665 0266 44020000 		.4byte	0x244
 666 026a 0B       		.uleb128 0xb
 667 026b 3B010000 		.4byte	0x13b
 668 026f 7A020000 		.4byte	0x27a
 669 0273 0C       		.uleb128 0xc
 670 0274 97000000 		.4byte	0x97
 671 0278 D2       		.byte	0xd2
 672 0279 00       		.byte	0
 673 027a 0E       		.uleb128 0xe
 674 027b 9E020000 		.4byte	.LASF33
 675 027f 03       		.byte	0x3
 676 0280 63       		.byte	0x63
 677 0281 8B020000 		.4byte	0x28b
 678 0285 05       		.uleb128 0x5
 679 0286 03       		.byte	0x3
 680 0287 00000000 		.4byte	USBCOMM_STRING_DESCRIPTORS
 681 028b 0D       		.uleb128 0xd
 682 028c 6A020000 		.4byte	0x26a
 683 0290 0B       		.uleb128 0xb
 684 0291 63000000 		.4byte	0x63
ARM GAS  C:\Users\minime\AppData\Local\Temp\ccmp4dCg.s 			page 13


 685 0295 A0020000 		.4byte	0x2a0
 686 0299 0C       		.uleb128 0xc
 687 029a 97000000 		.4byte	0x97
 688 029e 21       		.byte	0x21
 689 029f 00       		.byte	0
 690 02a0 0F       		.uleb128 0xf
 691 02a1 9C000000 		.4byte	.LASF34
 692 02a5 03       		.byte	0x3
 693 02a6 0701     		.2byte	0x107
 694 02a8 90020000 		.4byte	0x290
 695 02ac 05       		.uleb128 0x5
 696 02ad 03       		.byte	0x3
 697 02ae 00000000 		.4byte	USBCOMM_idSerialNumberStringDescriptor
 698 02b2 00       		.byte	0
 699              		.section	.debug_abbrev,"",%progbits
 700              	.Ldebug_abbrev0:
 701 0000 01       		.uleb128 0x1
 702 0001 11       		.uleb128 0x11
 703 0002 01       		.byte	0x1
 704 0003 25       		.uleb128 0x25
 705 0004 0E       		.uleb128 0xe
 706 0005 13       		.uleb128 0x13
 707 0006 0B       		.uleb128 0xb
 708 0007 03       		.uleb128 0x3
 709 0008 0E       		.uleb128 0xe
 710 0009 1B       		.uleb128 0x1b
 711 000a 0E       		.uleb128 0xe
 712 000b 10       		.uleb128 0x10
 713 000c 17       		.uleb128 0x17
 714 000d 00       		.byte	0
 715 000e 00       		.byte	0
 716 000f 02       		.uleb128 0x2
 717 0010 24       		.uleb128 0x24
 718 0011 00       		.byte	0
 719 0012 0B       		.uleb128 0xb
 720 0013 0B       		.uleb128 0xb
 721 0014 3E       		.uleb128 0x3e
 722 0015 0B       		.uleb128 0xb
 723 0016 03       		.uleb128 0x3
 724 0017 0E       		.uleb128 0xe
 725 0018 00       		.byte	0
 726 0019 00       		.byte	0
 727 001a 03       		.uleb128 0x3
 728 001b 24       		.uleb128 0x24
 729 001c 00       		.byte	0
 730 001d 0B       		.uleb128 0xb
 731 001e 0B       		.uleb128 0xb
 732 001f 3E       		.uleb128 0x3e
 733 0020 0B       		.uleb128 0xb
 734 0021 03       		.uleb128 0x3
 735 0022 08       		.uleb128 0x8
 736 0023 00       		.byte	0
 737 0024 00       		.byte	0
 738 0025 04       		.uleb128 0x4
 739 0026 16       		.uleb128 0x16
 740 0027 00       		.byte	0
 741 0028 03       		.uleb128 0x3
ARM GAS  C:\Users\minime\AppData\Local\Temp\ccmp4dCg.s 			page 14


 742 0029 0E       		.uleb128 0xe
 743 002a 3A       		.uleb128 0x3a
 744 002b 0B       		.uleb128 0xb
 745 002c 3B       		.uleb128 0x3b
 746 002d 05       		.uleb128 0x5
 747 002e 49       		.uleb128 0x49
 748 002f 13       		.uleb128 0x13
 749 0030 00       		.byte	0
 750 0031 00       		.byte	0
 751 0032 05       		.uleb128 0x5
 752 0033 13       		.uleb128 0x13
 753 0034 01       		.byte	0x1
 754 0035 0B       		.uleb128 0xb
 755 0036 0B       		.uleb128 0xb
 756 0037 3A       		.uleb128 0x3a
 757 0038 0B       		.uleb128 0xb
 758 0039 3B       		.uleb128 0x3b
 759 003a 0B       		.uleb128 0xb
 760 003b 01       		.uleb128 0x1
 761 003c 13       		.uleb128 0x13
 762 003d 00       		.byte	0
 763 003e 00       		.byte	0
 764 003f 06       		.uleb128 0x6
 765 0040 0D       		.uleb128 0xd
 766 0041 00       		.byte	0
 767 0042 03       		.uleb128 0x3
 768 0043 0E       		.uleb128 0xe
 769 0044 3A       		.uleb128 0x3a
 770 0045 0B       		.uleb128 0xb
 771 0046 3B       		.uleb128 0x3b
 772 0047 0B       		.uleb128 0xb
 773 0048 49       		.uleb128 0x49
 774 0049 13       		.uleb128 0x13
 775 004a 38       		.uleb128 0x38
 776 004b 0B       		.uleb128 0xb
 777 004c 00       		.byte	0
 778 004d 00       		.byte	0
 779 004e 07       		.uleb128 0x7
 780 004f 16       		.uleb128 0x16
 781 0050 00       		.byte	0
 782 0051 03       		.uleb128 0x3
 783 0052 0E       		.uleb128 0xe
 784 0053 3A       		.uleb128 0x3a
 785 0054 0B       		.uleb128 0xb
 786 0055 3B       		.uleb128 0x3b
 787 0056 0B       		.uleb128 0xb
 788 0057 49       		.uleb128 0x49
 789 0058 13       		.uleb128 0x13
 790 0059 00       		.byte	0
 791 005a 00       		.byte	0
 792 005b 08       		.uleb128 0x8
 793 005c 0D       		.uleb128 0xd
 794 005d 00       		.byte	0
 795 005e 03       		.uleb128 0x3
 796 005f 08       		.uleb128 0x8
 797 0060 3A       		.uleb128 0x3a
 798 0061 0B       		.uleb128 0xb
ARM GAS  C:\Users\minime\AppData\Local\Temp\ccmp4dCg.s 			page 15


 799 0062 3B       		.uleb128 0x3b
 800 0063 0B       		.uleb128 0xb
 801 0064 49       		.uleb128 0x49
 802 0065 13       		.uleb128 0x13
 803 0066 38       		.uleb128 0x38
 804 0067 0B       		.uleb128 0xb
 805 0068 00       		.byte	0
 806 0069 00       		.byte	0
 807 006a 09       		.uleb128 0x9
 808 006b 0F       		.uleb128 0xf
 809 006c 00       		.byte	0
 810 006d 0B       		.uleb128 0xb
 811 006e 0B       		.uleb128 0xb
 812 006f 49       		.uleb128 0x49
 813 0070 13       		.uleb128 0x13
 814 0071 00       		.byte	0
 815 0072 00       		.byte	0
 816 0073 0A       		.uleb128 0xa
 817 0074 26       		.uleb128 0x26
 818 0075 00       		.byte	0
 819 0076 00       		.byte	0
 820 0077 00       		.byte	0
 821 0078 0B       		.uleb128 0xb
 822 0079 01       		.uleb128 0x1
 823 007a 01       		.byte	0x1
 824 007b 49       		.uleb128 0x49
 825 007c 13       		.uleb128 0x13
 826 007d 01       		.uleb128 0x1
 827 007e 13       		.uleb128 0x13
 828 007f 00       		.byte	0
 829 0080 00       		.byte	0
 830 0081 0C       		.uleb128 0xc
 831 0082 21       		.uleb128 0x21
 832 0083 00       		.byte	0
 833 0084 49       		.uleb128 0x49
 834 0085 13       		.uleb128 0x13
 835 0086 2F       		.uleb128 0x2f
 836 0087 0B       		.uleb128 0xb
 837 0088 00       		.byte	0
 838 0089 00       		.byte	0
 839 008a 0D       		.uleb128 0xd
 840 008b 26       		.uleb128 0x26
 841 008c 00       		.byte	0
 842 008d 49       		.uleb128 0x49
 843 008e 13       		.uleb128 0x13
 844 008f 00       		.byte	0
 845 0090 00       		.byte	0
 846 0091 0E       		.uleb128 0xe
 847 0092 34       		.uleb128 0x34
 848 0093 00       		.byte	0
 849 0094 03       		.uleb128 0x3
 850 0095 0E       		.uleb128 0xe
 851 0096 3A       		.uleb128 0x3a
 852 0097 0B       		.uleb128 0xb
 853 0098 3B       		.uleb128 0x3b
 854 0099 0B       		.uleb128 0xb
 855 009a 49       		.uleb128 0x49
ARM GAS  C:\Users\minime\AppData\Local\Temp\ccmp4dCg.s 			page 16


 856 009b 13       		.uleb128 0x13
 857 009c 3F       		.uleb128 0x3f
 858 009d 19       		.uleb128 0x19
 859 009e 02       		.uleb128 0x2
 860 009f 18       		.uleb128 0x18
 861 00a0 00       		.byte	0
 862 00a1 00       		.byte	0
 863 00a2 0F       		.uleb128 0xf
 864 00a3 34       		.uleb128 0x34
 865 00a4 00       		.byte	0
 866 00a5 03       		.uleb128 0x3
 867 00a6 0E       		.uleb128 0xe
 868 00a7 3A       		.uleb128 0x3a
 869 00a8 0B       		.uleb128 0xb
 870 00a9 3B       		.uleb128 0x3b
 871 00aa 05       		.uleb128 0x5
 872 00ab 49       		.uleb128 0x49
 873 00ac 13       		.uleb128 0x13
 874 00ad 3F       		.uleb128 0x3f
 875 00ae 19       		.uleb128 0x19
 876 00af 02       		.uleb128 0x2
 877 00b0 18       		.uleb128 0x18
 878 00b1 00       		.byte	0
 879 00b2 00       		.byte	0
 880 00b3 00       		.byte	0
 881              		.section	.debug_aranges,"",%progbits
 882 0000 14000000 		.4byte	0x14
 883 0004 0200     		.2byte	0x2
 884 0006 00000000 		.4byte	.Ldebug_info0
 885 000a 04       		.byte	0x4
 886 000b 00       		.byte	0
 887 000c 0000     		.2byte	0
 888 000e 0000     		.2byte	0
 889 0010 00000000 		.4byte	0
 890 0014 00000000 		.4byte	0
 891              		.section	.debug_line,"",%progbits
 892              	.Ldebug_line0:
 893 0000 5D000000 		.section	.debug_str,"MS",%progbits,1
 893      02005700 
 893      00000201 
 893      FB0E0D00 
 893      01010101 
 894              	.LASF28:
 895 0000 55534243 		.ascii	"USBCOMM_DEVICE0_CONFIGURATION0_INTERFACE_CLASS\000"
 895      4F4D4D5F 
 895      44455649 
 895      4345305F 
 895      434F4E46 
 896              	.LASF37:
 897 002f 433A5C55 		.ascii	"C:\\Users\\minime\\Downloads\\Rosendyne\\PSoC Creat"
 897      73657273 
 897      5C6D696E 
 897      696D655C 
 897      446F776E 
 898 005d 6F725C57 		.ascii	"or\\Workspace01\\SinOutputWithReporting.cydsn\000"
 898      6F726B73 
 898      70616365 
ARM GAS  C:\Users\minime\AppData\Local\Temp\ccmp4dCg.s 			page 17


 898      30315C53 
 898      696E4F75 
 899              	.LASF3:
 900 0089 73686F72 		.ascii	"short unsigned int\000"
 900      7420756E 
 900      7369676E 
 900      65642069 
 900      6E7400
 901              	.LASF34:
 902 009c 55534243 		.ascii	"USBCOMM_idSerialNumberStringDescriptor\000"
 902      4F4D4D5F 
 902      69645365 
 902      7269616C 
 902      4E756D62 
 903              	.LASF26:
 904 00c3 55534243 		.ascii	"USBCOMM_DEVICE0_CONFIGURATION0_DESCR\000"
 904      4F4D4D5F 
 904      44455649 
 904      4345305F 
 904      434F4E46 
 905              	.LASF11:
 906 00e8 666C6F61 		.ascii	"float\000"
 906      7400
 907              	.LASF32:
 908 00ee 55534243 		.ascii	"USBCOMM_SN_STRING_DESCRIPTOR\000"
 908      4F4D4D5F 
 908      534E5F53 
 908      5452494E 
 908      475F4445 
 909              	.LASF17:
 910 010b 616C7453 		.ascii	"altSetting\000"
 910      65747469 
 910      6E6700
 911              	.LASF29:
 912 0116 55534243 		.ascii	"USBCOMM_DEVICE0_CONFIGURATION0_TABLE\000"
 912      4F4D4D5F 
 912      44455649 
 912      4345305F 
 912      434F4E46 
 913              	.LASF35:
 914 013b 474E5520 		.ascii	"GNU C11 5.4.1 20160609 (release) [ARM/embedded-5-br"
 914      43313120 
 914      352E342E 
 914      31203230 
 914      31363036 
 915 016e 616E6368 		.ascii	"anch revision 237715] -mcpu=cortex-m3 -mthumb -g -O"
 915      20726576 
 915      6973696F 
 915      6E203233 
 915      37373135 
 916 01a1 67202D66 		.ascii	"g -ffunction-sections -ffat-lto-objects\000"
 916      66756E63 
 916      74696F6E 
 916      2D736563 
 916      74696F6E 
 917              	.LASF19:
 918 01c9 61747472 		.ascii	"attributes\000"
ARM GAS  C:\Users\minime\AppData\Local\Temp\ccmp4dCg.s 			page 18


 918      69627574 
 918      657300
 919              	.LASF5:
 920 01d4 6C6F6E67 		.ascii	"long unsigned int\000"
 920      20756E73 
 920      69676E65 
 920      6420696E 
 920      7400
 921              	.LASF18:
 922 01e6 61646472 		.ascii	"addr\000"
 922      00
 923              	.LASF1:
 924 01eb 756E7369 		.ascii	"unsigned char\000"
 924      676E6564 
 924      20636861 
 924      7200
 925              	.LASF22:
 926 01f9 545F5553 		.ascii	"T_USBCOMM_EP_SETTINGS_BLOCK\000"
 926      42434F4D 
 926      4D5F4550 
 926      5F534554 
 926      54494E47 
 927              	.LASF12:
 928 0215 646F7562 		.ascii	"double\000"
 928      6C6500
 929              	.LASF27:
 930 021c 55534243 		.ascii	"USBCOMM_DEVICE0_CONFIGURATION0_EP_SETTINGS_TABLE\000"
 930      4F4D4D5F 
 930      44455649 
 930      4345305F 
 930      434F4E46 
 931              	.LASF10:
 932 024d 75696E74 		.ascii	"uint16\000"
 932      313600
 933              	.LASF8:
 934 0254 756E7369 		.ascii	"unsigned int\000"
 934      676E6564 
 934      20696E74 
 934      00
 935              	.LASF30:
 936 0261 55534243 		.ascii	"USBCOMM_DEVICE0_TABLE\000"
 936      4F4D4D5F 
 936      44455649 
 936      4345305F 
 936      5441424C 
 937              	.LASF7:
 938 0277 6C6F6E67 		.ascii	"long long unsigned int\000"
 938      206C6F6E 
 938      6720756E 
 938      7369676E 
 938      65642069 
 939              	.LASF23:
 940 028e 705F6C69 		.ascii	"p_list\000"
 940      737400
 941              	.LASF15:
 942 0295 73697A65 		.ascii	"sizetype\000"
 942      74797065 
ARM GAS  C:\Users\minime\AppData\Local\Temp\ccmp4dCg.s 			page 19


 942      00
 943              	.LASF33:
 944 029e 55534243 		.ascii	"USBCOMM_STRING_DESCRIPTORS\000"
 944      4F4D4D5F 
 944      53545249 
 944      4E475F44 
 944      45534352 
 945              	.LASF6:
 946 02b9 6C6F6E67 		.ascii	"long long int\000"
 946      206C6F6E 
 946      6720696E 
 946      7400
 947              	.LASF13:
 948 02c7 63686172 		.ascii	"char\000"
 948      00
 949              	.LASF25:
 950 02cc 55534243 		.ascii	"USBCOMM_DEVICE0_DESCR\000"
 950      4F4D4D5F 
 950      44455649 
 950      4345305F 
 950      44455343 
 951              	.LASF20:
 952 02e2 62756666 		.ascii	"bufferSize\000"
 952      65725369 
 952      7A6500
 953              	.LASF2:
 954 02ed 73686F72 		.ascii	"short int\000"
 954      7420696E 
 954      7400
 955              	.LASF9:
 956 02f7 75696E74 		.ascii	"uint8\000"
 956      3800
 957              	.LASF16:
 958 02fd 696E7465 		.ascii	"interface\000"
 958      72666163 
 958      6500
 959              	.LASF4:
 960 0307 6C6F6E67 		.ascii	"long int\000"
 960      20696E74 
 960      00
 961              	.LASF14:
 962 0310 6C6F6E67 		.ascii	"long double\000"
 962      20646F75 
 962      626C6500 
 963              	.LASF0:
 964 031c 7369676E 		.ascii	"signed char\000"
 964      65642063 
 964      68617200 
 965              	.LASF36:
 966 0328 47656E65 		.ascii	"Generated_Source\\PSoC5\\USBCOMM_descr.c\000"
 966      72617465 
 966      645F536F 
 966      75726365 
 966      5C50536F 
 967              	.LASF24:
 968 034f 545F5553 		.ascii	"T_USBCOMM_LUT\000"
 968      42434F4D 
ARM GAS  C:\Users\minime\AppData\Local\Temp\ccmp4dCg.s 			page 20


 968      4D5F4C55 
 968      5400
 969              	.LASF31:
 970 035d 55534243 		.ascii	"USBCOMM_TABLE\000"
 970      4F4D4D5F 
 970      5441424C 
 970      4500
 971              	.LASF21:
 972 036b 624D6973 		.ascii	"bMisc\000"
 972      6300
 973              		.ident	"GCC: (GNU Tools for ARM Embedded Processors) 5.4.1 20160609 (release) [ARM/embedded-5-bran
