--------------- Build Started: 06/17/2021 08:07:03 Project: SinOutputWithReporting, Configuration: ARM GCC 5.4-2016-q2-update Debug ---------------
cydsfit.exe -.appdatapath "C:\Users\minime\AppData\Local\Cypress Semiconductor\PSoC Creator\4.2" -.fdsnotice -.fdswarpdepfile=warp_dependencies.txt -.fdselabdepfile=elab_dependencies.txt -.fdsbldfile=generated_files.txt -.fdsreffile=referenced_files.txt -p "C:\Users\minime\Downloads\Rosendyne\PSoC Creator\WaveGen\SinOutputWithReporting.cydsn\SinOutputWithReporting.cyprj" -d CY8C5888LTI-LP097 -s "C:\Users\minime\Downloads\Rosendyne\PSoC Creator\WaveGen\SinOutputWithReporting.cydsn\Generated_Source\PSoC5" -- -yv2 -q10 -ygs -o2 -v3 -.fftcfgtype=LE
Elaborating Design...
HDL Generation...
Synthesis...
Tech Mapping...
ADD: pft.M0040: information: The following 2 pin(s) will be assigned a location by the fitter: \WaveFormReader:Bypass(0)\, WaveFormSelect(0)
Analog Placement...
Log: apr.M0058: The analog placement iterative improvement is 39% done. (App=cydsfit)
Log: apr.M0058: The analog placement iterative improvement is 83% done. (App=cydsfit)
Analog Routing...
Analog Code Generation...
Digital Placement...
Digital Routing...
Bitstream Generation...
Bitstream Verification...
Static timing analysis...
API Generation...
Dependency Generation...
Cleanup...
The compile step is up to date, no work needs to be done.
arm-none-eabi-ar.exe -rs .\CortexM3\ARM_GCC_541\Debug\SinOutputWithReporting.a .\CortexM3\ARM_GCC_541\Debug\VAnalogOut.o .\CortexM3\ARM_GCC_541\Debug\CyDmac.o .\CortexM3\ARM_GCC_541\Debug\CyFlash.o .\CortexM3\ARM_GCC_541\Debug\CyLib.o .\CortexM3\ARM_GCC_541\Debug\cyPm.o .\CortexM3\ARM_GCC_541\Debug\CySpc.o .\CortexM3\ARM_GCC_541\Debug\cyutils.o .\CortexM3\ARM_GCC_541\Debug\cy_em_eeprom.o .\CortexM3\ARM_GCC_541\Debug\AnalogClock.o .\CortexM3\ARM_GCC_541\Debug\WaveGen.o .\CortexM3\ARM_GCC_541\Debug\WaveGen_PM.o .\CortexM3\ARM_GCC_541\Debug\WaveFormSelect.o .\CortexM3\ARM_GCC_541\Debug\WaveGen_Wave1_DMA_dma.o .\CortexM3\ARM_GCC_541\Debug\WaveGen_Wave2_DMA_dma.o .\CortexM3\ARM_GCC_541\Debug\WaveGen_VDAC8.o .\CortexM3\ARM_GCC_541\Debug\WaveGen_VDAC8_PM.o .\CortexM3\ARM_GCC_541\Debug\WaveFormReader.o .\CortexM3\ARM_GCC_541\Debug\WaveFormReader_INT.o .\CortexM3\ARM_GCC_541\Debug\WaveFormReader_PM.o .\CortexM3\ARM_GCC_541\Debug\WaveFormReader_IRQ.o .\CortexM3\ARM_GCC_541\Debug\WaveFormReader_theACLK.o .\CortexM3\ARM_GCC_541\Debug\WaveFormReader_Bypass.o .\CortexM3\ARM_GCC_541\Debug\USBCOMM.o .\CortexM3\ARM_GCC_541\Debug\USBCOMM_audio.o .\CortexM3\ARM_GCC_541\Debug\USBCOMM_boot.o .\CortexM3\ARM_GCC_541\Debug\USBCOMM_cdc.o .\CortexM3\ARM_GCC_541\Debug\USBCOMM_cls.o .\CortexM3\ARM_GCC_541\Debug\USBCOMM_descr.o .\CortexM3\ARM_GCC_541\Debug\USBCOMM_drv.o .\CortexM3\ARM_GCC_541\Debug\USBCOMM_episr.o .\CortexM3\ARM_GCC_541\Debug\USBCOMM_hid.o .\CortexM3\ARM_GCC_541\Debug\USBCOMM_pm.o .\CortexM3\ARM_GCC_541\Debug\USBCOMM_std.o .\CortexM3\ARM_GCC_541\Debug\USBCOMM_vnd.o .\CortexM3\ARM_GCC_541\Debug\USBCOMM_midi.o .\CortexM3\ARM_GCC_541\Debug\USBCOMM_msc.o .\CortexM3\ARM_GCC_541\Debug\USBCOMM_Dm.o .\CortexM3\ARM_GCC_541\Debug\USBCOMM_Dp.o .\CortexM3\ARM_GCC_541\Debug\CyBootAsmGnu.o
arm-none-eabi-ar.exe: creating .\CortexM3\ARM_GCC_541\Debug\SinOutputWithReporting.a
arm-none-eabi-gcc.exe -Wl,--start-group -o "C:\Users\minime\Downloads\Rosendyne\PSoC Creator\WaveGen\SinOutputWithReporting.cydsn\CortexM3\ARM_GCC_541\Debug\SinOutputWithReporting.elf" .\CortexM3\ARM_GCC_541\Debug\main.o .\CortexM3\ARM_GCC_541\Debug\cyfitter_cfg.o .\CortexM3\ARM_GCC_541\Debug\cymetadata.o .\CortexM3\ARM_GCC_541\Debug\Cm3Start.o .\CortexM3\ARM_GCC_541\Debug\SinOutputWithReporting.a "C:\Program Files (x86)\Cypress\PSoC Creator\4.2\PSoC Creator\psoc\content\cycomponentlibrary\CyComponentLibrary.cylib\CortexM3\ARM_GCC_541\Debug\CyComponentLibrary.a" -mcpu=cortex-m3 -mthumb -L Generated_Source\PSoC5 -Wl,-Map,.\CortexM3\ARM_GCC_541\Debug/SinOutputWithReporting.map -T Generated_Source\PSoC5\cm3gcc.ld -specs=nano.specs -Wl,--gc-sections -g -ffunction-sections -Og -ffat-lto-objects -Wl,--end-group
cyelftool.exe -C "C:\Users\minime\Downloads\Rosendyne\PSoC Creator\WaveGen\SinOutputWithReporting.cydsn\CortexM3\ARM_GCC_541\Debug\SinOutputWithReporting.elf" --flash_row_size 256 --flash_size 262144 --flash_offset 0x00000000
No ELF section .cychecksum found, creating one
Application checksum calculated and stored in ELF section .cychecksum
Checksum calculated and stored in ELF section .cymeta
cyelftool.exe -S "C:\Users\minime\Downloads\Rosendyne\PSoC Creator\WaveGen\SinOutputWithReporting.cydsn\CortexM3\ARM_GCC_541\Debug\SinOutputWithReporting.elf"
Flash used: 22620 of 262144 bytes (8.6%).
SRAM used: 2817 of 65536 bytes (4.3%). Stack: 2048 bytes. Heap: 128 bytes.
--------------- Build Succeeded: 06/17/2021 08:07:40 ---------------
