--------------- Rebuild Started: 06/16/2021 09:41:15 Project: SinOutputWithReporting, Configuration: ARM GCC 5.4-2016-q2-update Debug ---------------
Deleting file ".\CortexM3\ARM_GCC_541\Debug\main.o"
Deleting file ".\CortexM3\ARM_GCC_541\Debug\cyfitter_cfg.o"
Deleting file ".\CortexM3\ARM_GCC_541\Debug\cymetadata.o"
Deleting file ".\CortexM3\ARM_GCC_541\Debug\VAnalogOut.o"
Deleting file ".\CortexM3\ARM_GCC_541\Debug\Cm3Start.o"
Deleting file ".\CortexM3\ARM_GCC_541\Debug\CyBootAsmGnu.o"
Deleting file ".\CortexM3\ARM_GCC_541\Debug\CyDmac.o"
Deleting file ".\CortexM3\ARM_GCC_541\Debug\CyFlash.o"
Deleting file ".\CortexM3\ARM_GCC_541\Debug\CyLib.o"
Deleting file ".\CortexM3\ARM_GCC_541\Debug\cyPm.o"
Deleting file ".\CortexM3\ARM_GCC_541\Debug\CySpc.o"
Deleting file ".\CortexM3\ARM_GCC_541\Debug\cyutils.o"
Deleting file ".\CortexM3\ARM_GCC_541\Debug\cy_em_eeprom.o"
Deleting file ".\CortexM3\ARM_GCC_541\Debug\AnalogClock.o"
Deleting file ".\CortexM3\ARM_GCC_541\Debug\WaveGen.o"
Deleting file ".\CortexM3\ARM_GCC_541\Debug\WaveGen_PM.o"
Deleting file ".\CortexM3\ARM_GCC_541\Debug\WaveFormSelect.o"
Deleting file ".\CortexM3\ARM_GCC_541\Debug\WaveGen_Wave1_DMA_dma.o"
Deleting file ".\CortexM3\ARM_GCC_541\Debug\WaveGen_Wave2_DMA_dma.o"
Deleting file ".\CortexM3\ARM_GCC_541\Debug\WaveGen_VDAC8.o"
Deleting file ".\CortexM3\ARM_GCC_541\Debug\WaveGen_VDAC8_PM.o"
Deleting file ".\CortexM3\ARM_GCC_541\Debug\WaveFormReader.o"
Deleting file ".\CortexM3\ARM_GCC_541\Debug\WaveFormReader_INT.o"
Deleting file ".\CortexM3\ARM_GCC_541\Debug\WaveFormReader_PM.o"
Deleting file ".\CortexM3\ARM_GCC_541\Debug\WaveFormReader_IRQ.o"
Deleting file ".\CortexM3\ARM_GCC_541\Debug\WaveFormReader_theACLK.o"
Deleting file ".\CortexM3\ARM_GCC_541\Debug\WaveFormReader_Bypass.o"
Deleting file ".\CortexM3\ARM_GCC_541\Debug\USBCOMM.o"
Deleting file ".\CortexM3\ARM_GCC_541\Debug\USBCOMM_audio.o"
Deleting file ".\CortexM3\ARM_GCC_541\Debug\USBCOMM_boot.o"
Deleting file ".\CortexM3\ARM_GCC_541\Debug\USBCOMM_cdc.o"
Deleting file ".\CortexM3\ARM_GCC_541\Debug\USBCOMM_cls.o"
Deleting file ".\CortexM3\ARM_GCC_541\Debug\USBCOMM_descr.o"
Deleting file ".\CortexM3\ARM_GCC_541\Debug\USBCOMM_drv.o"
Deleting file ".\CortexM3\ARM_GCC_541\Debug\USBCOMM_episr.o"
Deleting file ".\CortexM3\ARM_GCC_541\Debug\USBCOMM_hid.o"
Deleting file ".\CortexM3\ARM_GCC_541\Debug\USBCOMM_pm.o"
Deleting file ".\CortexM3\ARM_GCC_541\Debug\USBCOMM_std.o"
Deleting file ".\CortexM3\ARM_GCC_541\Debug\USBCOMM_vnd.o"
Deleting file ".\CortexM3\ARM_GCC_541\Debug\USBCOMM_midi.o"
Deleting file ".\CortexM3\ARM_GCC_541\Debug\USBCOMM_msc.o"
Deleting file ".\CortexM3\ARM_GCC_541\Debug\USBCOMM_Dm.o"
Deleting file ".\CortexM3\ARM_GCC_541\Debug\USBCOMM_Dp.o"
Deleting file ".\CortexM3\ARM_GCC_541\Debug\SinOutputWithReporting.hex"
Deleting file ".\CortexM3\ARM_GCC_541\Debug\SinOutputWithReporting.elf"
Deleting file ".\CortexM3\ARM_GCC_541\Debug\SinOutputWithReporting.map"
Deleting file ".\SinOutputWithReporting.cycdx"
Deleting file ".\SinOutputWithReporting.svd"
Deleting file ".\SinOutputWithReporting.rpt"
Deleting file ".\SinOutputWithReporting_timing.html"
Deleting file ".\CortexM3\ARM_GCC_541\Debug\.deps\SOURCE_C__ARM_GCC_GENERIC.P"
Deleting file ".\CortexM3\ARM_GCC_541\Debug\.deps\SOURCE_ASM__ARM_GCC_GENERIC.P"
cydsfit.exe -.appdatapath "C:\Users\minime\AppData\Local\Cypress Semiconductor\PSoC Creator\4.2" -.fdsnotice -.fdswarpdepfile=warp_dependencies.txt -.fdselabdepfile=elab_dependencies.txt -.fdsbldfile=generated_files.txt -.fdsreffile=referenced_files.txt -p "C:\Users\minime\Downloads\Rosendyne\PSoC Creator\Workspace01\SinOutputWithReporting.cydsn\SinOutputWithReporting.cyprj" -d CY8C5888LTI-LP097 -s "C:\Users\minime\Downloads\Rosendyne\PSoC Creator\Workspace01\SinOutputWithReporting.cydsn\Generated_Source\PSoC5" -- -yv2 -q10 -ygs -o2 -v3 -.fftcfgtype=LE
Elaborating Design...
HDL Generation...
Synthesis...
Tech Mapping...
ADD: pft.M0040: information: The following 2 pin(s) will be assigned a location by the fitter: \WaveFormReader:Bypass(0)\, WaveFormSelect(0)
Analog Placement...
Log: apr.M0058: The analog placement iterative improvement is 39% done. (App=cydsfit)
Log: apr.M0058: The analog placement iterative improvement is 83% done. (App=cydsfit)
Analog Routing...
Analog Code Generation...
Digital Placement...
Digital Routing...
Bitstream Generation...
Bitstream Verification...
Static timing analysis...
API Generation...
Dependency Generation...
Cleanup...
arm-none-eabi-gcc.exe -mcpu=cortex-m3 -mthumb -I. -IGenerated_Source\PSoC5 -Wa,-alh=.\CortexM3\ARM_GCC_541\Debug/main.lst -g -D DEBUG -D CY_CORE_ID=0 -Wall -ffunction-sections -ffat-lto-objects -Og -c main.c -o .\CortexM3\ARM_GCC_541\Debug\main.o
main.c: In function 'main':
main.c:48:17: warning: variable 'z' set but not used [-Wunused-but-set-variable]
             int z ;
                 ^
arm-none-eabi-gcc.exe -mcpu=cortex-m3 -mthumb -I. -IGenerated_Source\PSoC5 -Wa,-alh=.\CortexM3\ARM_GCC_541\Debug/cyfitter_cfg.lst -g -D DEBUG -D CY_CORE_ID=0 -Wall -ffunction-sections -ffat-lto-objects -Og -c Generated_Source\PSoC5\cyfitter_cfg.c -o .\CortexM3\ARM_GCC_541\Debug\cyfitter_cfg.o
arm-none-eabi-gcc.exe -mcpu=cortex-m3 -mthumb -I. -IGenerated_Source\PSoC5 -Wa,-alh=.\CortexM3\ARM_GCC_541\Debug/cymetadata.lst -g -D DEBUG -D CY_CORE_ID=0 -Wall -ffunction-sections -ffat-lto-objects -Og -c Generated_Source\PSoC5\cymetadata.c -o .\CortexM3\ARM_GCC_541\Debug\cymetadata.o
arm-none-eabi-gcc.exe -mcpu=cortex-m3 -mthumb -I. -IGenerated_Source\PSoC5 -Wa,-alh=.\CortexM3\ARM_GCC_541\Debug/VAnalogOut.lst -g -D DEBUG -D CY_CORE_ID=0 -Wall -ffunction-sections -ffat-lto-objects -Og -c Generated_Source\PSoC5\VAnalogOut.c -o .\CortexM3\ARM_GCC_541\Debug\VAnalogOut.o
arm-none-eabi-gcc.exe -mcpu=cortex-m3 -mthumb -I. -IGenerated_Source\PSoC5 -Wa,-alh=.\CortexM3\ARM_GCC_541\Debug/Cm3Start.lst -g -D DEBUG -D CY_CORE_ID=0 -Wall -ffunction-sections -ffat-lto-objects -Og -c Generated_Source\PSoC5\Cm3Start.c -o .\CortexM3\ARM_GCC_541\Debug\Cm3Start.o
arm-none-eabi-gcc.exe -mcpu=cortex-m3 -mthumb -I. -IGenerated_Source\PSoC5 -Wa,-alh=.\CortexM3\ARM_GCC_541\Debug/CyDmac.lst -g -D DEBUG -D CY_CORE_ID=0 -Wall -ffunction-sections -ffat-lto-objects -Og -c Generated_Source\PSoC5\CyDmac.c -o .\CortexM3\ARM_GCC_541\Debug\CyDmac.o
arm-none-eabi-gcc.exe -mcpu=cortex-m3 -mthumb -I. -IGenerated_Source\PSoC5 -Wa,-alh=.\CortexM3\ARM_GCC_541\Debug/CyFlash.lst -g -D DEBUG -D CY_CORE_ID=0 -Wall -ffunction-sections -ffat-lto-objects -Og -c Generated_Source\PSoC5\CyFlash.c -o .\CortexM3\ARM_GCC_541\Debug\CyFlash.o
arm-none-eabi-gcc.exe -mcpu=cortex-m3 -mthumb -I. -IGenerated_Source\PSoC5 -Wa,-alh=.\CortexM3\ARM_GCC_541\Debug/CyLib.lst -g -D DEBUG -D CY_CORE_ID=0 -Wall -ffunction-sections -ffat-lto-objects -Og -c Generated_Source\PSoC5\CyLib.c -o .\CortexM3\ARM_GCC_541\Debug\CyLib.o
arm-none-eabi-gcc.exe -mcpu=cortex-m3 -mthumb -I. -IGenerated_Source\PSoC5 -Wa,-alh=.\CortexM3\ARM_GCC_541\Debug/cyPm.lst -g -D DEBUG -D CY_CORE_ID=0 -Wall -ffunction-sections -ffat-lto-objects -Og -c Generated_Source\PSoC5\cyPm.c -o .\CortexM3\ARM_GCC_541\Debug\cyPm.o
arm-none-eabi-gcc.exe -mcpu=cortex-m3 -mthumb -I. -IGenerated_Source\PSoC5 -Wa,-alh=.\CortexM3\ARM_GCC_541\Debug/CySpc.lst -g -D DEBUG -D CY_CORE_ID=0 -Wall -ffunction-sections -ffat-lto-objects -Og -c Generated_Source\PSoC5\CySpc.c -o .\CortexM3\ARM_GCC_541\Debug\CySpc.o
arm-none-eabi-gcc.exe -mcpu=cortex-m3 -mthumb -I. -IGenerated_Source\PSoC5 -Wa,-alh=.\CortexM3\ARM_GCC_541\Debug/cyutils.lst -g -D DEBUG -D CY_CORE_ID=0 -Wall -ffunction-sections -ffat-lto-objects -Og -c Generated_Source\PSoC5\cyutils.c -o .\CortexM3\ARM_GCC_541\Debug\cyutils.o
arm-none-eabi-gcc.exe -mcpu=cortex-m3 -mthumb -I. -IGenerated_Source\PSoC5 -Wa,-alh=.\CortexM3\ARM_GCC_541\Debug/cy_em_eeprom.lst -g -D DEBUG -D CY_CORE_ID=0 -Wall -ffunction-sections -ffat-lto-objects -Og -c Generated_Source\PSoC5\cy_em_eeprom.c -o .\CortexM3\ARM_GCC_541\Debug\cy_em_eeprom.o
arm-none-eabi-gcc.exe -mcpu=cortex-m3 -mthumb -I. -IGenerated_Source\PSoC5 -Wa,-alh=.\CortexM3\ARM_GCC_541\Debug/AnalogClock.lst -g -D DEBUG -D CY_CORE_ID=0 -Wall -ffunction-sections -ffat-lto-objects -Og -c Generated_Source\PSoC5\AnalogClock.c -o .\CortexM3\ARM_GCC_541\Debug\AnalogClock.o
arm-none-eabi-gcc.exe -mcpu=cortex-m3 -mthumb -I. -IGenerated_Source\PSoC5 -Wa,-alh=.\CortexM3\ARM_GCC_541\Debug/WaveGen.lst -g -D DEBUG -D CY_CORE_ID=0 -Wall -ffunction-sections -ffat-lto-objects -Og -c Generated_Source\PSoC5\WaveGen.c -o .\CortexM3\ARM_GCC_541\Debug\WaveGen.o
arm-none-eabi-gcc.exe -mcpu=cortex-m3 -mthumb -I. -IGenerated_Source\PSoC5 -Wa,-alh=.\CortexM3\ARM_GCC_541\Debug/WaveGen_PM.lst -g -D DEBUG -D CY_CORE_ID=0 -Wall -ffunction-sections -ffat-lto-objects -Og -c Generated_Source\PSoC5\WaveGen_PM.c -o .\CortexM3\ARM_GCC_541\Debug\WaveGen_PM.o
arm-none-eabi-gcc.exe -mcpu=cortex-m3 -mthumb -I. -IGenerated_Source\PSoC5 -Wa,-alh=.\CortexM3\ARM_GCC_541\Debug/WaveFormSelect.lst -g -D DEBUG -D CY_CORE_ID=0 -Wall -ffunction-sections -ffat-lto-objects -Og -c Generated_Source\PSoC5\WaveFormSelect.c -o .\CortexM3\ARM_GCC_541\Debug\WaveFormSelect.o
arm-none-eabi-gcc.exe -mcpu=cortex-m3 -mthumb -I. -IGenerated_Source\PSoC5 -Wa,-alh=.\CortexM3\ARM_GCC_541\Debug/WaveGen_Wave1_DMA_dma.lst -g -D DEBUG -D CY_CORE_ID=0 -Wall -ffunction-sections -ffat-lto-objects -Og -c Generated_Source\PSoC5\WaveGen_Wave1_DMA_dma.c -o .\CortexM3\ARM_GCC_541\Debug\WaveGen_Wave1_DMA_dma.o
arm-none-eabi-gcc.exe -mcpu=cortex-m3 -mthumb -I. -IGenerated_Source\PSoC5 -Wa,-alh=.\CortexM3\ARM_GCC_541\Debug/WaveGen_Wave2_DMA_dma.lst -g -D DEBUG -D CY_CORE_ID=0 -Wall -ffunction-sections -ffat-lto-objects -Og -c Generated_Source\PSoC5\WaveGen_Wave2_DMA_dma.c -o .\CortexM3\ARM_GCC_541\Debug\WaveGen_Wave2_DMA_dma.o
arm-none-eabi-gcc.exe -mcpu=cortex-m3 -mthumb -I. -IGenerated_Source\PSoC5 -Wa,-alh=.\CortexM3\ARM_GCC_541\Debug/WaveGen_VDAC8.lst -g -D DEBUG -D CY_CORE_ID=0 -Wall -ffunction-sections -ffat-lto-objects -Og -c Generated_Source\PSoC5\WaveGen_VDAC8.c -o .\CortexM3\ARM_GCC_541\Debug\WaveGen_VDAC8.o
arm-none-eabi-gcc.exe -mcpu=cortex-m3 -mthumb -I. -IGenerated_Source\PSoC5 -Wa,-alh=.\CortexM3\ARM_GCC_541\Debug/WaveGen_VDAC8_PM.lst -g -D DEBUG -D CY_CORE_ID=0 -Wall -ffunction-sections -ffat-lto-objects -Og -c Generated_Source\PSoC5\WaveGen_VDAC8_PM.c -o .\CortexM3\ARM_GCC_541\Debug\WaveGen_VDAC8_PM.o
arm-none-eabi-gcc.exe -mcpu=cortex-m3 -mthumb -I. -IGenerated_Source\PSoC5 -Wa,-alh=.\CortexM3\ARM_GCC_541\Debug/WaveFormReader.lst -g -D DEBUG -D CY_CORE_ID=0 -Wall -ffunction-sections -ffat-lto-objects -Og -c Generated_Source\PSoC5\WaveFormReader.c -o .\CortexM3\ARM_GCC_541\Debug\WaveFormReader.o
arm-none-eabi-gcc.exe -mcpu=cortex-m3 -mthumb -I. -IGenerated_Source\PSoC5 -Wa,-alh=.\CortexM3\ARM_GCC_541\Debug/WaveFormReader_INT.lst -g -D DEBUG -D CY_CORE_ID=0 -Wall -ffunction-sections -ffat-lto-objects -Og -c Generated_Source\PSoC5\WaveFormReader_INT.c -o .\CortexM3\ARM_GCC_541\Debug\WaveFormReader_INT.o
arm-none-eabi-gcc.exe -mcpu=cortex-m3 -mthumb -I. -IGenerated_Source\PSoC5 -Wa,-alh=.\CortexM3\ARM_GCC_541\Debug/WaveFormReader_PM.lst -g -D DEBUG -D CY_CORE_ID=0 -Wall -ffunction-sections -ffat-lto-objects -Og -c Generated_Source\PSoC5\WaveFormReader_PM.c -o .\CortexM3\ARM_GCC_541\Debug\WaveFormReader_PM.o
arm-none-eabi-gcc.exe -mcpu=cortex-m3 -mthumb -I. -IGenerated_Source\PSoC5 -Wa,-alh=.\CortexM3\ARM_GCC_541\Debug/WaveFormReader_IRQ.lst -g -D DEBUG -D CY_CORE_ID=0 -Wall -ffunction-sections -ffat-lto-objects -Og -c Generated_Source\PSoC5\WaveFormReader_IRQ.c -o .\CortexM3\ARM_GCC_541\Debug\WaveFormReader_IRQ.o
arm-none-eabi-gcc.exe -mcpu=cortex-m3 -mthumb -I. -IGenerated_Source\PSoC5 -Wa,-alh=.\CortexM3\ARM_GCC_541\Debug/WaveFormReader_theACLK.lst -g -D DEBUG -D CY_CORE_ID=0 -Wall -ffunction-sections -ffat-lto-objects -Og -c Generated_Source\PSoC5\WaveFormReader_theACLK.c -o .\CortexM3\ARM_GCC_541\Debug\WaveFormReader_theACLK.o
arm-none-eabi-gcc.exe -mcpu=cortex-m3 -mthumb -I. -IGenerated_Source\PSoC5 -Wa,-alh=.\CortexM3\ARM_GCC_541\Debug/WaveFormReader_Bypass.lst -g -D DEBUG -D CY_CORE_ID=0 -Wall -ffunction-sections -ffat-lto-objects -Og -c Generated_Source\PSoC5\WaveFormReader_Bypass.c -o .\CortexM3\ARM_GCC_541\Debug\WaveFormReader_Bypass.o
arm-none-eabi-gcc.exe -mcpu=cortex-m3 -mthumb -I. -IGenerated_Source\PSoC5 -Wa,-alh=.\CortexM3\ARM_GCC_541\Debug/USBCOMM.lst -g -D DEBUG -D CY_CORE_ID=0 -Wall -ffunction-sections -ffat-lto-objects -Og -c Generated_Source\PSoC5\USBCOMM.c -o .\CortexM3\ARM_GCC_541\Debug\USBCOMM.o
arm-none-eabi-gcc.exe -mcpu=cortex-m3 -mthumb -I. -IGenerated_Source\PSoC5 -Wa,-alh=.\CortexM3\ARM_GCC_541\Debug/USBCOMM_audio.lst -g -D DEBUG -D CY_CORE_ID=0 -Wall -ffunction-sections -ffat-lto-objects -Og -c Generated_Source\PSoC5\USBCOMM_audio.c -o .\CortexM3\ARM_GCC_541\Debug\USBCOMM_audio.o
arm-none-eabi-gcc.exe -mcpu=cortex-m3 -mthumb -I. -IGenerated_Source\PSoC5 -Wa,-alh=.\CortexM3\ARM_GCC_541\Debug/USBCOMM_boot.lst -g -D DEBUG -D CY_CORE_ID=0 -Wall -ffunction-sections -ffat-lto-objects -Og -c Generated_Source\PSoC5\USBCOMM_boot.c -o .\CortexM3\ARM_GCC_541\Debug\USBCOMM_boot.o
arm-none-eabi-gcc.exe -mcpu=cortex-m3 -mthumb -I. -IGenerated_Source\PSoC5 -Wa,-alh=.\CortexM3\ARM_GCC_541\Debug/USBCOMM_cdc.lst -g -D DEBUG -D CY_CORE_ID=0 -Wall -ffunction-sections -ffat-lto-objects -Og -c Generated_Source\PSoC5\USBCOMM_cdc.c -o .\CortexM3\ARM_GCC_541\Debug\USBCOMM_cdc.o
arm-none-eabi-gcc.exe -mcpu=cortex-m3 -mthumb -I. -IGenerated_Source\PSoC5 -Wa,-alh=.\CortexM3\ARM_GCC_541\Debug/USBCOMM_cls.lst -g -D DEBUG -D CY_CORE_ID=0 -Wall -ffunction-sections -ffat-lto-objects -Og -c Generated_Source\PSoC5\USBCOMM_cls.c -o .\CortexM3\ARM_GCC_541\Debug\USBCOMM_cls.o
arm-none-eabi-gcc.exe -mcpu=cortex-m3 -mthumb -I. -IGenerated_Source\PSoC5 -Wa,-alh=.\CortexM3\ARM_GCC_541\Debug/USBCOMM_descr.lst -g -D DEBUG -D CY_CORE_ID=0 -Wall -ffunction-sections -ffat-lto-objects -Og -c Generated_Source\PSoC5\USBCOMM_descr.c -o .\CortexM3\ARM_GCC_541\Debug\USBCOMM_descr.o
arm-none-eabi-gcc.exe -mcpu=cortex-m3 -mthumb -I. -IGenerated_Source\PSoC5 -Wa,-alh=.\CortexM3\ARM_GCC_541\Debug/USBCOMM_drv.lst -g -D DEBUG -D CY_CORE_ID=0 -Wall -ffunction-sections -ffat-lto-objects -Og -c Generated_Source\PSoC5\USBCOMM_drv.c -o .\CortexM3\ARM_GCC_541\Debug\USBCOMM_drv.o
arm-none-eabi-gcc.exe -mcpu=cortex-m3 -mthumb -I. -IGenerated_Source\PSoC5 -Wa,-alh=.\CortexM3\ARM_GCC_541\Debug/USBCOMM_episr.lst -g -D DEBUG -D CY_CORE_ID=0 -Wall -ffunction-sections -ffat-lto-objects -Og -c Generated_Source\PSoC5\USBCOMM_episr.c -o .\CortexM3\ARM_GCC_541\Debug\USBCOMM_episr.o
arm-none-eabi-gcc.exe -mcpu=cortex-m3 -mthumb -I. -IGenerated_Source\PSoC5 -Wa,-alh=.\CortexM3\ARM_GCC_541\Debug/USBCOMM_hid.lst -g -D DEBUG -D CY_CORE_ID=0 -Wall -ffunction-sections -ffat-lto-objects -Og -c Generated_Source\PSoC5\USBCOMM_hid.c -o .\CortexM3\ARM_GCC_541\Debug\USBCOMM_hid.o
arm-none-eabi-gcc.exe -mcpu=cortex-m3 -mthumb -I. -IGenerated_Source\PSoC5 -Wa,-alh=.\CortexM3\ARM_GCC_541\Debug/USBCOMM_pm.lst -g -D DEBUG -D CY_CORE_ID=0 -Wall -ffunction-sections -ffat-lto-objects -Og -c Generated_Source\PSoC5\USBCOMM_pm.c -o .\CortexM3\ARM_GCC_541\Debug\USBCOMM_pm.o
arm-none-eabi-gcc.exe -mcpu=cortex-m3 -mthumb -I. -IGenerated_Source\PSoC5 -Wa,-alh=.\CortexM3\ARM_GCC_541\Debug/USBCOMM_std.lst -g -D DEBUG -D CY_CORE_ID=0 -Wall -ffunction-sections -ffat-lto-objects -Og -c Generated_Source\PSoC5\USBCOMM_std.c -o .\CortexM3\ARM_GCC_541\Debug\USBCOMM_std.o
arm-none-eabi-gcc.exe -mcpu=cortex-m3 -mthumb -I. -IGenerated_Source\PSoC5 -Wa,-alh=.\CortexM3\ARM_GCC_541\Debug/USBCOMM_vnd.lst -g -D DEBUG -D CY_CORE_ID=0 -Wall -ffunction-sections -ffat-lto-objects -Og -c Generated_Source\PSoC5\USBCOMM_vnd.c -o .\CortexM3\ARM_GCC_541\Debug\USBCOMM_vnd.o
arm-none-eabi-gcc.exe -mcpu=cortex-m3 -mthumb -I. -IGenerated_Source\PSoC5 -Wa,-alh=.\CortexM3\ARM_GCC_541\Debug/USBCOMM_midi.lst -g -D DEBUG -D CY_CORE_ID=0 -Wall -ffunction-sections -ffat-lto-objects -Og -c Generated_Source\PSoC5\USBCOMM_midi.c -o .\CortexM3\ARM_GCC_541\Debug\USBCOMM_midi.o
arm-none-eabi-gcc.exe -mcpu=cortex-m3 -mthumb -I. -IGenerated_Source\PSoC5 -Wa,-alh=.\CortexM3\ARM_GCC_541\Debug/USBCOMM_msc.lst -g -D DEBUG -D CY_CORE_ID=0 -Wall -ffunction-sections -ffat-lto-objects -Og -c Generated_Source\PSoC5\USBCOMM_msc.c -o .\CortexM3\ARM_GCC_541\Debug\USBCOMM_msc.o
arm-none-eabi-gcc.exe -mcpu=cortex-m3 -mthumb -I. -IGenerated_Source\PSoC5 -Wa,-alh=.\CortexM3\ARM_GCC_541\Debug/USBCOMM_Dm.lst -g -D DEBUG -D CY_CORE_ID=0 -Wall -ffunction-sections -ffat-lto-objects -Og -c Generated_Source\PSoC5\USBCOMM_Dm.c -o .\CortexM3\ARM_GCC_541\Debug\USBCOMM_Dm.o
arm-none-eabi-gcc.exe -mcpu=cortex-m3 -mthumb -I. -IGenerated_Source\PSoC5 -Wa,-alh=.\CortexM3\ARM_GCC_541\Debug/USBCOMM_Dp.lst -g -D DEBUG -D CY_CORE_ID=0 -Wall -ffunction-sections -ffat-lto-objects -Og -c Generated_Source\PSoC5\USBCOMM_Dp.c -o .\CortexM3\ARM_GCC_541\Debug\USBCOMM_Dp.o
arm-none-eabi-as.exe -mcpu=cortex-m3 -mthumb -I. -IGenerated_Source\PSoC5 -alh=.\CortexM3\ARM_GCC_541\Debug/CyBootAsmGnu.lst -g -W -o .\CortexM3\ARM_GCC_541\Debug\CyBootAsmGnu.o Generated_Source\PSoC5\CyBootAsmGnu.s
arm-none-eabi-ar.exe -rs .\CortexM3\ARM_GCC_541\Debug\SinOutputWithReporting.a .\CortexM3\ARM_GCC_541\Debug\VAnalogOut.o .\CortexM3\ARM_GCC_541\Debug\CyDmac.o .\CortexM3\ARM_GCC_541\Debug\CyFlash.o .\CortexM3\ARM_GCC_541\Debug\CyLib.o .\CortexM3\ARM_GCC_541\Debug\cyPm.o .\CortexM3\ARM_GCC_541\Debug\CySpc.o .\CortexM3\ARM_GCC_541\Debug\cyutils.o .\CortexM3\ARM_GCC_541\Debug\cy_em_eeprom.o .\CortexM3\ARM_GCC_541\Debug\AnalogClock.o .\CortexM3\ARM_GCC_541\Debug\WaveGen.o .\CortexM3\ARM_GCC_541\Debug\WaveGen_PM.o .\CortexM3\ARM_GCC_541\Debug\WaveFormSelect.o .\CortexM3\ARM_GCC_541\Debug\WaveGen_Wave1_DMA_dma.o .\CortexM3\ARM_GCC_541\Debug\WaveGen_Wave2_DMA_dma.o .\CortexM3\ARM_GCC_541\Debug\WaveGen_VDAC8.o .\CortexM3\ARM_GCC_541\Debug\WaveGen_VDAC8_PM.o .\CortexM3\ARM_GCC_541\Debug\WaveFormReader.o .\CortexM3\ARM_GCC_541\Debug\WaveFormReader_INT.o .\CortexM3\ARM_GCC_541\Debug\WaveFormReader_PM.o .\CortexM3\ARM_GCC_541\Debug\WaveFormReader_IRQ.o .\CortexM3\ARM_GCC_541\Debug\WaveFormReader_theACLK.o .\CortexM3\ARM_GCC_541\Debug\WaveFormReader_Bypass.o .\CortexM3\ARM_GCC_541\Debug\USBCOMM.o .\CortexM3\ARM_GCC_541\Debug\USBCOMM_audio.o .\CortexM3\ARM_GCC_541\Debug\USBCOMM_boot.o .\CortexM3\ARM_GCC_541\Debug\USBCOMM_cdc.o .\CortexM3\ARM_GCC_541\Debug\USBCOMM_cls.o .\CortexM3\ARM_GCC_541\Debug\USBCOMM_descr.o .\CortexM3\ARM_GCC_541\Debug\USBCOMM_drv.o .\CortexM3\ARM_GCC_541\Debug\USBCOMM_episr.o .\CortexM3\ARM_GCC_541\Debug\USBCOMM_hid.o .\CortexM3\ARM_GCC_541\Debug\USBCOMM_pm.o .\CortexM3\ARM_GCC_541\Debug\USBCOMM_std.o .\CortexM3\ARM_GCC_541\Debug\USBCOMM_vnd.o .\CortexM3\ARM_GCC_541\Debug\USBCOMM_midi.o .\CortexM3\ARM_GCC_541\Debug\USBCOMM_msc.o .\CortexM3\ARM_GCC_541\Debug\USBCOMM_Dm.o .\CortexM3\ARM_GCC_541\Debug\USBCOMM_Dp.o .\CortexM3\ARM_GCC_541\Debug\CyBootAsmGnu.o
arm-none-eabi-ar.exe: creating .\CortexM3\ARM_GCC_541\Debug\SinOutputWithReporting.a
arm-none-eabi-gcc.exe -Wl,--start-group -o "C:\Users\minime\Downloads\Rosendyne\PSoC Creator\Workspace01\SinOutputWithReporting.cydsn\CortexM3\ARM_GCC_541\Debug\SinOutputWithReporting.elf" .\CortexM3\ARM_GCC_541\Debug\main.o .\CortexM3\ARM_GCC_541\Debug\cyfitter_cfg.o .\CortexM3\ARM_GCC_541\Debug\cymetadata.o .\CortexM3\ARM_GCC_541\Debug\Cm3Start.o .\CortexM3\ARM_GCC_541\Debug\SinOutputWithReporting.a "C:\Program Files (x86)\Cypress\PSoC Creator\4.2\PSoC Creator\psoc\content\cycomponentlibrary\CyComponentLibrary.cylib\CortexM3\ARM_GCC_541\Debug\CyComponentLibrary.a" -mcpu=cortex-m3 -mthumb -L Generated_Source\PSoC5 -Wl,-Map,.\CortexM3\ARM_GCC_541\Debug/SinOutputWithReporting.map -T Generated_Source\PSoC5\cm3gcc.ld -specs=nano.specs -Wl,--gc-sections -g -ffunction-sections -Og -ffat-lto-objects -Wl,--end-group
cyelftool.exe -C "C:\Users\minime\Downloads\Rosendyne\PSoC Creator\Workspace01\SinOutputWithReporting.cydsn\CortexM3\ARM_GCC_541\Debug\SinOutputWithReporting.elf" --flash_row_size 256 --flash_size 262144 --flash_offset 0x00000000
No ELF section .cychecksum found, creating one
Application checksum calculated and stored in ELF section .cychecksum
Checksum calculated and stored in ELF section .cymeta
cyelftool.exe -S "C:\Users\minime\Downloads\Rosendyne\PSoC Creator\Workspace01\SinOutputWithReporting.cydsn\CortexM3\ARM_GCC_541\Debug\SinOutputWithReporting.elf"
Flash used: 15768 of 262144 bytes (6.0%).
SRAM used: 2761 of 65536 bytes (4.2%). Stack: 2048 bytes. Heap: 128 bytes.
--------------- Rebuild Succeeded: 06/16/2021 09:42:13 ---------------
