Loading plugins phase: Elapsed time ==> 0s.607ms
<CYPRESSTAG name="CyDsfit arguments...">
cydsfit arguments: -.fdsnotice -.fdswarpdepfile=warp_dependencies.txt -.fdselabdepfile=elab_dependencies.txt -.fdsbldfile=generated_files.txt -.fdsreffile=referenced_files.txt -p C:\Users\minime\Downloads\Rosendyne\PSoC Creator\WaveGen\SinOutputWithReporting.cydsn\SinOutputWithReporting.cyprj -d CY8C5888LTI-LP097 -s C:\Users\minime\Downloads\Rosendyne\PSoC Creator\WaveGen\SinOutputWithReporting.cydsn\Generated_Source\PSoC5 -- -yv2 -q10 -ygs -o2 -v3 -.fftcfgtype=LE
</CYPRESSTAG>
<CYPRESSTAG name="Design elaboration results...">
</CYPRESSTAG>
Elaboration phase: Elapsed time ==> 6s.337ms
<CYPRESSTAG name="HDL generation results...">
</CYPRESSTAG>
HDL generation phase: Elapsed time ==> 0s.200ms
<CYPRESSTAG name="Synthesis results...">

     | | | | | | |
   _________________
  -|               |-
  -|               |-
  -|               |-
  -|    CYPRESS    |-
  -|               |-
  -|               |-   Warp Verilog Synthesis Compiler: Version 6.3 IR 41
  -|               |-   Copyright (C) 1991-2001 Cypress Semiconductor
   |_______________|
     | | | | | | |

======================================================================
Compiling:  SinOutputWithReporting.v
Program  :   C:\Program Files (x86)\Cypress\PSoC Creator\4.2\PSoC Creator\warp\bin\warp.exe
Options  :    -yv2 -q10 -ygs -o2 -v3 -.fftcfgtype=LE -ya -.fftprj=C:\Users\minime\Downloads\Rosendyne\PSoC Creator\WaveGen\SinOutputWithReporting.cydsn\SinOutputWithReporting.cyprj -dcpsoc3 SinOutputWithReporting.v -verilog
======================================================================

======================================================================
Compiling:  SinOutputWithReporting.v
Program  :   C:\Program Files (x86)\Cypress\PSoC Creator\4.2\PSoC Creator\warp\bin\warp.exe
Options  :    -yv2 -q10 -ygs -o2 -v3 -.fftcfgtype=LE -ya -.fftprj=C:\Users\minime\Downloads\Rosendyne\PSoC Creator\WaveGen\SinOutputWithReporting.cydsn\SinOutputWithReporting.cyprj -dcpsoc3 SinOutputWithReporting.v -verilog
======================================================================

======================================================================
Compiling:  SinOutputWithReporting.v
Program  :   vlogfe
Options  :    -yv2 -q10 -ygs -o2 -v3 -.fftcfgtype=LE -ya -.fftprj=C:\Users\minime\Downloads\Rosendyne\PSoC Creator\WaveGen\SinOutputWithReporting.cydsn\SinOutputWithReporting.cyprj -dcpsoc3 -verilog SinOutputWithReporting.v
======================================================================

vlogfe V6.3 IR 41:  Verilog parser
Thu Jun 17 08:07:14 2021


======================================================================
Compiling:  SinOutputWithReporting.v
Program  :   vpp
Options  :    -yv2 -q10 SinOutputWithReporting.v
======================================================================

vpp V6.3 IR 41:  Verilog Pre-Processor
Thu Jun 17 08:07:14 2021

Flattening file 'C:\Program Files (x86)\Cypress\PSoC Creator\4.2\PSoC Creator\psoc\content\CyPrimitives\cyprimitives.cylib\cy_virtualmux_v1_0\cy_virtualmux_v1_0.v'
Flattening file 'C:\Program Files (x86)\Cypress\PSoC Creator\4.2\PSoC Creator\psoc\content\CyPrimitives\cyprimitives.cylib\ZeroTerminal\ZeroTerminal.v'
Flattening file 'C:\Program Files (x86)\Cypress\PSoC Creator\4.2\PSoC Creator\psoc\content\CyPrimitives\cyprimitives.cylib\cy_analog_virtualmux_v1_0\cy_analog_virtualmux_v1_0.v'
Flattening file 'C:\Program Files (x86)\Cypress\PSoC Creator\4.2\PSoC Creator\psoc\content\CyPrimitives\cyprimitives.cylib\demux_v1_10\demux_v1_10.v'
Flattening file 'C:\Program Files (x86)\Cypress\PSoC Creator\4.2\PSoC Creator\psoc\content\CyPrimitives\cyprimitives.cylib\or_v1_0\or_v1_0.v'
Flattening file 'C:\Program Files (x86)\Cypress\PSoC Creator\4.2\PSoC Creator\psoc\content\CyPrimitives\cyprimitives.cylib\cydff_v1_30\cydff_v1_30.v'
Flattening file 'C:\Program Files (x86)\Cypress\PSoC Creator\4.2\PSoC Creator\psoc\content\CyPrimitives\cyprimitives.cylib\cy_vref_v1_70\cy_vref_v1_70.v'
Flattening file 'C:\Program Files (x86)\Cypress\PSoC Creator\4.2\PSoC Creator\psoc\content\CyPrimitives\cyprimitives.cylib\cy_constant_v1_0\cy_constant_v1_0.v'

vpp:  No errors.

Library 'work' => directory 'lcpsoc3'
General_symbol_table
General_symbol_table
Linking 'C:\Program Files (x86)\Cypress\PSoC Creator\4.2\PSoC Creator\warp\lib\common\std.vhd'.
Linking 'C:\Program Files (x86)\Cypress\PSoC Creator\4.2\PSoC Creator\warp\lib\common\cypress.vhd'.
Linking 'C:\Program Files (x86)\Cypress\PSoC Creator\4.2\PSoC Creator\warp\lib\common\work\cypress.vif'.
Linking 'C:\Program Files (x86)\Cypress\PSoC Creator\4.2\PSoC Creator\warp\lib\ieee\work\stdlogic.vif'.
Linking 'C:\Program Files (x86)\Cypress\PSoC Creator\4.2\PSoC Creator\warp\lib\common\stdlogic\lpmpkg.vif'.
Linking 'C:\Program Files (x86)\Cypress\PSoC Creator\4.2\PSoC Creator\warp\lib\common\stdlogic\rtlpkg.vif'.
Linking 'C:\Program Files (x86)\Cypress\PSoC Creator\4.2\PSoC Creator\warp\lib\common\stdlogic\mod_cnst.vif'.
Linking 'C:\Program Files (x86)\Cypress\PSoC Creator\4.2\PSoC Creator\warp\lib\common\stdlogic\mod_mthv.vif'.
Linking 'C:\Program Files (x86)\Cypress\PSoC Creator\4.2\PSoC Creator\warp\lib\common\stdlogic\mod_genv.vif'.
Using control file 'SinOutputWithReporting.ctl'.

vlogfe:  No errors.


======================================================================
Compiling:  SinOutputWithReporting.v
Program  :   tovif
Options  :    -yv2 -q10 -ygs -o2 -v3 -.fftcfgtype=LE -ya -.fftprj=C:\Users\minime\Downloads\Rosendyne\PSoC Creator\WaveGen\SinOutputWithReporting.cydsn\SinOutputWithReporting.cyprj -dcpsoc3 -verilog SinOutputWithReporting.v
======================================================================

tovif V6.3 IR 41:  High-level synthesis
Thu Jun 17 08:07:15 2021

Linking 'C:\Program Files (x86)\Cypress\PSoC Creator\4.2\PSoC Creator\warp\lib\common\std.vhd'.
Linking 'C:\Program Files (x86)\Cypress\PSoC Creator\4.2\PSoC Creator\warp\lib\common\cypress.vhd'.
Linking 'C:\Program Files (x86)\Cypress\PSoC Creator\4.2\PSoC Creator\warp\lib\common\work\cypress.vif'.
Linking 'C:\Program Files (x86)\Cypress\PSoC Creator\4.2\PSoC Creator\warp\lib\ieee\work\stdlogic.vif'.
Linking 'C:\Program Files (x86)\Cypress\PSoC Creator\4.2\PSoC Creator\warp\lib\common\stdlogic\lpmpkg.vif'.
Linking 'C:\Program Files (x86)\Cypress\PSoC Creator\4.2\PSoC Creator\warp\lib\common\stdlogic\rtlpkg.vif'.
Linking 'C:\Program Files (x86)\Cypress\PSoC Creator\4.2\PSoC Creator\warp\lib\common\stdlogic\mod_cnst.vif'.
Linking 'C:\Program Files (x86)\Cypress\PSoC Creator\4.2\PSoC Creator\warp\lib\common\stdlogic\mod_mthv.vif'.
Linking 'C:\Program Files (x86)\Cypress\PSoC Creator\4.2\PSoC Creator\warp\lib\common\stdlogic\mod_genv.vif'.
Linking 'C:\Users\minime\Downloads\Rosendyne\PSoC Creator\WaveGen\SinOutputWithReporting.cydsn\codegentemp\SinOutputWithReporting.ctl'.
Linking 'C:\Program Files (x86)\Cypress\PSoC Creator\4.2\PSoC Creator\psoc\content\CyPrimitives\cyprimitives.cylib\cy_virtualmux_v1_0\cy_virtualmux_v1_0.v'.
Linking 'C:\Users\minime\Downloads\Rosendyne\PSoC Creator\WaveGen\SinOutputWithReporting.cydsn\codegentemp\SinOutputWithReporting.v'.
Linking 'C:\Program Files (x86)\Cypress\PSoC Creator\4.2\PSoC Creator\psoc\content\CyPrimitives\cyprimitives.cylib\ZeroTerminal\ZeroTerminal.v'.
Linking 'C:\Program Files (x86)\Cypress\PSoC Creator\4.2\PSoC Creator\psoc\content\CyPrimitives\cyprimitives.cylib\cy_analog_virtualmux_v1_0\cy_analog_virtualmux_v1_0.v'.
Linking 'C:\Program Files (x86)\Cypress\PSoC Creator\4.2\PSoC Creator\psoc\content\CyPrimitives\cyprimitives.cylib\demux_v1_10\demux_v1_10.v'.
Linking 'C:\Program Files (x86)\Cypress\PSoC Creator\4.2\PSoC Creator\psoc\content\CyPrimitives\cyprimitives.cylib\or_v1_0\or_v1_0.v'.
Linking 'C:\Program Files (x86)\Cypress\PSoC Creator\4.2\PSoC Creator\psoc\content\CyPrimitives\cyprimitives.cylib\cydff_v1_30\cydff_v1_30.v'.
Linking 'C:\Program Files (x86)\Cypress\PSoC Creator\4.2\PSoC Creator\psoc\content\CyPrimitives\cyprimitives.cylib\cy_vref_v1_70\cy_vref_v1_70.v'.
Linking 'C:\Program Files (x86)\Cypress\PSoC Creator\4.2\PSoC Creator\psoc\content\CyPrimitives\cyprimitives.cylib\cy_constant_v1_0\cy_constant_v1_0.v'.

tovif:  No errors.


======================================================================
Compiling:  SinOutputWithReporting.v
Program  :   topld
Options  :    -yv2 -q10 -ygs -o2 -v3 -.fftcfgtype=LE -ya -.fftprj=C:\Users\minime\Downloads\Rosendyne\PSoC Creator\WaveGen\SinOutputWithReporting.cydsn\SinOutputWithReporting.cyprj -dcpsoc3 -verilog SinOutputWithReporting.v
======================================================================

topld V6.3 IR 41:  Synthesis and optimization
Thu Jun 17 08:07:15 2021

Linking 'C:\Program Files (x86)\Cypress\PSoC Creator\4.2\PSoC Creator\warp\lib\common\std.vhd'.
Linking 'C:\Program Files (x86)\Cypress\PSoC Creator\4.2\PSoC Creator\warp\lib\common\cypress.vhd'.
Linking 'C:\Program Files (x86)\Cypress\PSoC Creator\4.2\PSoC Creator\warp\lib\common\work\cypress.vif'.
Linking 'C:\Program Files (x86)\Cypress\PSoC Creator\4.2\PSoC Creator\warp\lib\ieee\work\stdlogic.vif'.
Linking 'C:\Program Files (x86)\Cypress\PSoC Creator\4.2\PSoC Creator\warp\lib\common\stdlogic\lpmpkg.vif'.
Linking 'C:\Program Files (x86)\Cypress\PSoC Creator\4.2\PSoC Creator\warp\lib\common\stdlogic\rtlpkg.vif'.
Linking 'C:\Program Files (x86)\Cypress\PSoC Creator\4.2\PSoC Creator\warp\lib\common\stdlogic\mod_cnst.vif'.
Linking 'C:\Program Files (x86)\Cypress\PSoC Creator\4.2\PSoC Creator\warp\lib\common\stdlogic\mod_mthv.vif'.
Linking 'C:\Program Files (x86)\Cypress\PSoC Creator\4.2\PSoC Creator\warp\lib\common\stdlogic\mod_genv.vif'.
Linking 'C:\Users\minime\Downloads\Rosendyne\PSoC Creator\WaveGen\SinOutputWithReporting.cydsn\codegentemp\SinOutputWithReporting.ctl'.
Linking 'C:\Program Files (x86)\Cypress\PSoC Creator\4.2\PSoC Creator\psoc\content\CyPrimitives\cyprimitives.cylib\cy_virtualmux_v1_0\cy_virtualmux_v1_0.v'.
Linking 'C:\Users\minime\Downloads\Rosendyne\PSoC Creator\WaveGen\SinOutputWithReporting.cydsn\codegentemp\SinOutputWithReporting.v'.
Linking 'C:\Program Files (x86)\Cypress\PSoC Creator\4.2\PSoC Creator\psoc\content\CyPrimitives\cyprimitives.cylib\ZeroTerminal\ZeroTerminal.v'.
Linking 'C:\Program Files (x86)\Cypress\PSoC Creator\4.2\PSoC Creator\psoc\content\CyPrimitives\cyprimitives.cylib\cy_analog_virtualmux_v1_0\cy_analog_virtualmux_v1_0.v'.
Linking 'C:\Program Files (x86)\Cypress\PSoC Creator\4.2\PSoC Creator\psoc\content\CyPrimitives\cyprimitives.cylib\demux_v1_10\demux_v1_10.v'.
Linking 'C:\Program Files (x86)\Cypress\PSoC Creator\4.2\PSoC Creator\psoc\content\CyPrimitives\cyprimitives.cylib\or_v1_0\or_v1_0.v'.
Linking 'C:\Program Files (x86)\Cypress\PSoC Creator\4.2\PSoC Creator\psoc\content\CyPrimitives\cyprimitives.cylib\cydff_v1_30\cydff_v1_30.v'.
Linking 'C:\Program Files (x86)\Cypress\PSoC Creator\4.2\PSoC Creator\psoc\content\CyPrimitives\cyprimitives.cylib\cy_vref_v1_70\cy_vref_v1_70.v'.
Linking 'C:\Program Files (x86)\Cypress\PSoC Creator\4.2\PSoC Creator\psoc\content\CyPrimitives\cyprimitives.cylib\cy_constant_v1_0\cy_constant_v1_0.v'.
Linking 'C:\Program Files (x86)\Cypress\PSoC Creator\4.2\PSoC Creator\warp\lib\lcpsoc3\stdlogic\cpsoc3.vif'.

----------------------------------------------------------
Detecting unused logic.
----------------------------------------------------------
    User names
	\USBCOMM:dma_complete_0\
	\USBCOMM:Net_1922\
	\USBCOMM:dma_complete_1\
	\USBCOMM:Net_1921\
	\USBCOMM:dma_complete_2\
	\USBCOMM:Net_1920\
	\USBCOMM:dma_complete_3\
	\USBCOMM:Net_1919\
	\USBCOMM:dma_complete_4\
	\USBCOMM:Net_1918\
	\USBCOMM:dma_complete_5\
	\USBCOMM:Net_1917\
	\USBCOMM:dma_complete_6\
	\USBCOMM:Net_1916\
	\USBCOMM:dma_complete_7\
	\USBCOMM:Net_1915\
	\WaveGen:Net_280\
	\WaveGen:Net_80\


Deleted 18 User equations/components.
Deleted 0 Synthesized equations/components.

------------------------------------------------------
Alias Detection
------------------------------------------------------
Aliasing one to \USBCOMM:tmpOE__Dm_net_0\
Aliasing \USBCOMM:tmpOE__Dp_net_0\ to \USBCOMM:tmpOE__Dm_net_0\
Aliasing tmpOE__VAnalogOut_net_0 to \USBCOMM:tmpOE__Dm_net_0\
Aliasing \WaveGen:VDAC8:Net_83\ to zero
Aliasing \WaveGen:VDAC8:Net_81\ to zero
Aliasing \WaveGen:VDAC8:Net_82\ to zero
Aliasing tmpOE__WaveFormSelect_net_0 to \USBCOMM:tmpOE__Dm_net_0\
Aliasing \WaveFormReader:vp_ctl_0\ to zero
Aliasing \WaveFormReader:vp_ctl_2\ to zero
Aliasing \WaveFormReader:vn_ctl_1\ to zero
Aliasing \WaveFormReader:vn_ctl_3\ to zero
Aliasing \WaveFormReader:vp_ctl_1\ to zero
Aliasing \WaveFormReader:vp_ctl_3\ to zero
Aliasing \WaveFormReader:vn_ctl_0\ to zero
Aliasing \WaveFormReader:vn_ctl_2\ to zero
Aliasing \WaveFormReader:soc\ to zero
Aliasing \WaveFormReader:tmpOE__Bypass_net_0\ to \USBCOMM:tmpOE__Dm_net_0\
Aliasing \WaveFormReader:Net_383\ to zero
Removing Rhs of wire one[9] = \USBCOMM:tmpOE__Dm_net_0\[3]
Removing Lhs of wire \USBCOMM:tmpOE__Dp_net_0\[12] = one[9]
Removing Lhs of wire tmpOE__VAnalogOut_net_0[65] = one[9]
Removing Rhs of wire \WaveGen:Net_183\[82] = \WaveGen:demux:tmp__demux_0_reg\[87]
Removing Rhs of wire \WaveGen:Net_107\[85] = \WaveGen:demux:tmp__demux_1_reg\[90]
Removing Rhs of wire \WaveGen:Net_134\[88] = \WaveGen:cydff_1\[101]
Removing Lhs of wire \WaveGen:Net_336\[89] = Net_34[63]
Removing Lhs of wire \WaveGen:VDAC8:Net_83\[92] = zero[4]
Removing Lhs of wire \WaveGen:VDAC8:Net_81\[93] = zero[4]
Removing Lhs of wire \WaveGen:VDAC8:Net_82\[94] = zero[4]
Removing Lhs of wire tmpOE__WaveFormSelect_net_0[104] = one[9]
Removing Lhs of wire \WaveFormReader:vp_ctl_0\[113] = zero[4]
Removing Lhs of wire \WaveFormReader:vp_ctl_2\[114] = zero[4]
Removing Lhs of wire \WaveFormReader:vn_ctl_1\[115] = zero[4]
Removing Lhs of wire \WaveFormReader:vn_ctl_3\[116] = zero[4]
Removing Lhs of wire \WaveFormReader:vp_ctl_1\[117] = zero[4]
Removing Lhs of wire \WaveFormReader:vp_ctl_3\[118] = zero[4]
Removing Lhs of wire \WaveFormReader:vn_ctl_0\[119] = zero[4]
Removing Lhs of wire \WaveFormReader:vn_ctl_2\[120] = zero[4]
Removing Rhs of wire \WaveFormReader:Net_188\[124] = \WaveFormReader:Net_221\[125]
Removing Lhs of wire \WaveFormReader:soc\[130] = zero[4]
Removing Lhs of wire \WaveFormReader:tmpOE__Bypass_net_0\[148] = one[9]
Removing Lhs of wire \WaveFormReader:Net_383\[163] = zero[4]
Removing Lhs of wire \WaveGen:cydff_1\\D\[182] = Net_33[102]

------------------------------------------------------
Aliased 0 equations, 24 wires.
------------------------------------------------------

----------------------------------------------------------
Circuit simplification
----------------------------------------------------------

Substituting virtuals - pass 1:

Note:  Expanding virtual equation for 'zero' (cost = 0):
zero <=  ('0') ;


Substituting virtuals - pass 2:


----------------------------------------------------------
Circuit simplification results:

	Expanded 1 signals.
	Turned 0 signals into soft nodes.
	Maximum default expansion cost was set at 3.
----------------------------------------------------------

------------------------------------------------------
Alias Detection
------------------------------------------------------
Removing Lhs of wire \WaveFormReader:Net_188\[124] = \WaveFormReader:Net_385\[122]

------------------------------------------------------
Aliased 0 equations, 1 wires.
------------------------------------------------------

----------------------------------------------------------
Circuit simplification
----------------------------------------------------------

Eliminating unused logic - pass 1:


Eliminating unused logic - pass 2:


Substituting virtuals - pass 1:


----------------------------------------------------------
Circuit simplification results:

	Expanded 0 signals.
	Turned 0 signals into soft nodes.
	Maximum default expansion cost was set at 3.
----------------------------------------------------------

topld:  No errors.

CYPRESS_DIR    : C:\Program Files (x86)\Cypress\PSoC Creator\4.2\PSoC Creator\warp
Warp Program   : C:\Program Files (x86)\Cypress\PSoC Creator\4.2\PSoC Creator\warp\bin\warp.exe
Warp Arguments : -yv2 -q10 -ygs -o2 -v3 -.fftcfgtype=LE -ya "-.fftprj=C:\Users\minime\Downloads\Rosendyne\PSoC Creator\WaveGen\SinOutputWithReporting.cydsn\SinOutputWithReporting.cyprj" -dcpsoc3 SinOutputWithReporting.v -verilog
</CYPRESSTAG>
Warp synthesis phase: Elapsed time ==> 2s.099ms
<CYPRESSTAG name="Fitter results...">
<CYPRESSTAG name="Fitter startup details...">
cyp3fit: V4.2.0.641, Family: PSoC3, Started at: Thursday, 17 June 2021 08:07:16
Options: -yv2 -q10 -ygs -o2 -v3 -.fftcfgtype=LE -ya -.fftprj=C:\Users\minime\Downloads\Rosendyne\PSoC Creator\WaveGen\SinOutputWithReporting.cydsn\SinOutputWithReporting.cyprj -d CY8C5888LTI-LP097 SinOutputWithReporting.v -verilog
</CYPRESSTAG>
<CYPRESSTAG name="Design parsing">
Design parsing phase: Elapsed time ==> 0s.054ms
</CYPRESSTAG>
<CYPRESSTAG name="Tech Mapping">
<CYPRESSTAG name="Initial Mapping" icon="FILE_RPT_TECHM">
<CYPRESSTAG name="Global Clock Selection" icon="FILE_RPT_TECHM">
    Analog  Clock 0: Automatic-assigning  clock 'WaveFormReader_theACLK'. Fanout=2, Signal=\WaveFormReader:Net_385\
    Digital Clock 0: Automatic-assigning  clock 'AnalogClock'. Fanout=4, Signal=Net_34
</CYPRESSTAG>
<CYPRESSTAG name="UDB Clock/Enable Remapping Results">
</CYPRESSTAG>
ADD: pft.M0040: information: The following 2 pin(s) will be assigned a location by the fitter: \WaveFormReader:Bypass(0)\, WaveFormSelect(0)


Removing unused cells resulting from optimization
Done removing unused cells.
<CYPRESSTAG name="Duplicate Macrocell detection">
</CYPRESSTAG>
</CYPRESSTAG>
<CYPRESSTAG name="Duplicate Macrocell detection">
</CYPRESSTAG>
<CYPRESSTAG name="Design Equations" icon="FILE_RPT_EQUATION">

------------------------------------------------------------
Design Equations
------------------------------------------------------------
    <CYPRESSTAG name="Pin listing">

    ------------------------------------------------------------
    Pin listing
    ------------------------------------------------------------

    Pin : Name = \USBCOMM:Dm(0)\
        Attributes:
            In Group/Port: True
            In Sync Option: AUTO
            Out Sync Option: AUTO
            Interrupt generated: False
            Interrupt mode: NONE
            Drive mode: HI_Z_ANALOG
            VTrip: EITHER
            Slew: FAST
            Input Sync needed: False
            Output Sync needed: False
            SC shield enabled: False
            POR State: ANY
            LCD Mode: COMMON
            Register Mode: RegComb
            CaSense Mode: NEITHER
            Treat as pin: True
            Is OE Registered: False
            Uses Analog: True
            Can contain Digital: False
            Is SIO: False
            SIO Output Buf: NONREGULATED
            SIO Input Buf: SINGLE_ENDED
            SIO HiFreq: LOW
            SIO Hyst: DISABLED
            SIO Vtrip: MULTIPLIER_0_5
            SIO Multiplier Index: 0
            SIO RefSel: VCC_IO
            Required Capabilities: USB_D_MINUS
            Initial Value: 0
            IO Voltage: 0
        PORT MAP (
            pa_out => \USBCOMM:Dm(0)\__PA ,
            analog_term => \USBCOMM:Net_597\ ,
            pad => \USBCOMM:Dm(0)_PAD\ );
        Properties:
        {
        }

    Pin : Name = \USBCOMM:Dp(0)\
        Attributes:
            In Group/Port: True
            In Sync Option: SYNC
            Out Sync Option: AUTO
            Interrupt generated: True
            Interrupt mode: FALLING
            Drive mode: HI_Z_ANALOG
            VTrip: CMOS
            Slew: FAST
            Input Sync needed: True
            Output Sync needed: False
            SC shield enabled: False
            POR State: ANY
            LCD Mode: COMMON
            Register Mode: RegComb
            CaSense Mode: NEITHER
            Treat as pin: False
            Is OE Registered: False
            Uses Analog: True
            Can contain Digital: True
            Is SIO: False
            SIO Output Buf: NONREGULATED
            SIO Input Buf: SINGLE_ENDED
            SIO HiFreq: LOW
            SIO Hyst: DISABLED
            SIO Vtrip: MULTIPLIER_0_5
            SIO Multiplier Index: 0
            SIO RefSel: VCC_IO
            Required Capabilities: USB_D_PLUS
            Initial Value: 1
            IO Voltage: 0
        PORT MAP (
            pa_out => \USBCOMM:Dp(0)\__PA ,
            analog_term => \USBCOMM:Net_1000\ ,
            pad => \USBCOMM:Dp(0)_PAD\ );
        Properties:
        {
        }

    Pin : Name = VAnalogOut(0)
        Attributes:
            In Group/Port: True
            In Sync Option: AUTO
            Out Sync Option: AUTO
            Interrupt generated: False
            Interrupt mode: NONE
            Drive mode: HI_Z_ANALOG
            VTrip: EITHER
            Slew: FAST
            Input Sync needed: False
            Output Sync needed: False
            SC shield enabled: False
            POR State: ANY
            LCD Mode: COMMON
            Register Mode: RegComb
            CaSense Mode: NEITHER
            Treat as pin: True
            Is OE Registered: False
            Uses Analog: True
            Can contain Digital: False
            Is SIO: False
            SIO Output Buf: NONREGULATED
            SIO Input Buf: SINGLE_ENDED
            SIO HiFreq: LOW
            SIO Hyst: DISABLED
            SIO Vtrip: MULTIPLIER_0_5
            SIO Multiplier Index: 0
            SIO RefSel: VCC_IO
            Required Capabilities: ANALOG
            Initial Value: 0
            IO Voltage: 0
        PORT MAP (
            pa_out => VAnalogOut(0)__PA ,
            analog_term => Net_30 ,
            annotation => Net_72 ,
            pad => VAnalogOut(0)_PAD );
        Properties:
        {
        }

    Pin : Name = WaveFormSelect(0)
        Attributes:
            In Group/Port: True
            In Sync Option: NOSYNC
            Out Sync Option: AUTO
            Interrupt generated: False
            Interrupt mode: NONE
            Drive mode: HI_Z_DIGITAL
            VTrip: CMOS
            Slew: FAST
            Input Sync needed: False
            Output Sync needed: False
            SC shield enabled: False
            POR State: ANY
            LCD Mode: COMMON
            Register Mode: RegComb
            CaSense Mode: NEITHER
            Treat as pin: True
            Is OE Registered: False
            Uses Analog: False
            Can contain Digital: True
            Is SIO: False
            SIO Output Buf: NONREGULATED
            SIO Input Buf: SINGLE_ENDED
            SIO HiFreq: LOW
            SIO Hyst: DISABLED
            SIO Vtrip: MULTIPLIER_0_5
            SIO Multiplier Index: 0
            SIO RefSel: VCC_IO
            Required Capabilities: DIGITAL, ROUTABLE
            Initial Value: 1
            IO Voltage: 0
        PORT MAP (
            pa_out => WaveFormSelect(0)__PA ,
            fb => Net_33 ,
            pad => WaveFormSelect(0)_PAD );

    Pin : Name = \WaveFormReader:Bypass(0)\
        Attributes:
            In Group/Port: True
            In Sync Option: AUTO
            Out Sync Option: AUTO
            Interrupt generated: False
            Interrupt mode: NONE
            Drive mode: HI_Z_ANALOG
            VTrip: EITHER
            Slew: FAST
            Input Sync needed: False
            Output Sync needed: False
            SC shield enabled: False
            POR State: ANY
            LCD Mode: COMMON
            Register Mode: RegComb
            CaSense Mode: NEITHER
            Treat as pin: True
            Is OE Registered: False
            Uses Analog: True
            Can contain Digital: False
            Is SIO: False
            SIO Output Buf: NONREGULATED
            SIO Input Buf: SINGLE_ENDED
            SIO HiFreq: LOW
            SIO Hyst: DISABLED
            SIO Vtrip: MULTIPLIER_0_5
            SIO Multiplier Index: 0
            SIO RefSel: VCC_IO
            Required Capabilities: ANALOG
            Initial Value: 0
            IO Voltage: 0
        PORT MAP (
            pa_out => \WaveFormReader:Bypass(0)\__PA ,
            analog_term => \WaveFormReader:Net_210\ ,
            pad => \WaveFormReader:Bypass(0)_PAD\ );
    </CYPRESSTAG>
    <CYPRESSTAG name="Macrocell listing" icon="FILE_RPT_EQUATION">

    ------------------------------------------------------------
    Macrocell listing
    ------------------------------------------------------------

    MacroCell: Name=\WaveGen:Net_183\, Mode=(Combinatorial)
        Total # of inputs        : 2
        Total # of product terms : 1
            Clock Enable: True
        Main Equation            : 1 pterm
        (
              !\WaveGen:Net_134\ * Net_34_local
        );
        Output = \WaveGen:Net_183\ (fanout=1)

    MacroCell: Name=\WaveGen:Net_107\, Mode=(Combinatorial)
        Total # of inputs        : 2
        Total # of product terms : 1
            Clock Enable: True
        Main Equation            : 1 pterm
        (
              \WaveGen:Net_134\ * Net_34_local
        );
        Output = \WaveGen:Net_107\ (fanout=1)

    MacroCell: Name=\WaveGen:Net_134\, Mode=(D-Register)
        Total # of inputs        : 1
        Total # of product terms : 1
        List of special equations: 
            Clock  = (Net_34) => Global
            Clock Enable: True
        Main Equation            : 1 pterm
        (
              Net_33
        );
        Output = \WaveGen:Net_134\ (fanout=2)
    </CYPRESSTAG>
    <CYPRESSTAG name="Datapath listing">
    </CYPRESSTAG>
    <CYPRESSTAG name="Status register listing">
    </CYPRESSTAG>
    <CYPRESSTAG name="StatusI register listing">
    </CYPRESSTAG>
    <CYPRESSTAG name="Sync listing">
    </CYPRESSTAG>
    <CYPRESSTAG name="Control register listing">
    </CYPRESSTAG>
    <CYPRESSTAG name="Count7 listing">
    </CYPRESSTAG>
    <CYPRESSTAG name="DRQ listing">

    ------------------------------------------------------------
    DRQ listing
    ------------------------------------------------------------

    drqcell: Name =\WaveGen:Wave1_DMA\
        PORT MAP (
            dmareq => \WaveGen:Net_183\ ,
            termin => zero ,
            termout => Net_35 );
        Properties:
        {
            drq_type = "10"
            num_tds = 0
        }

    drqcell: Name =\WaveGen:Wave2_DMA\
        PORT MAP (
            dmareq => \WaveGen:Net_107\ ,
            termin => zero ,
            termout => Net_36 );
        Properties:
        {
            drq_type = "10"
            num_tds = 0
        }
    </CYPRESSTAG>
    <CYPRESSTAG name="Interrupt listing">

    ------------------------------------------------------------
    Interrupt listing
    ------------------------------------------------------------

    interrupt: Name =\USBCOMM:dp_int\
        PORT MAP (
            interrupt => \USBCOMM:Net_1010\ );
        Properties:
        {
            int_type = "10"
            is_nmi = 0
        }

    interrupt: Name =\USBCOMM:ep_2\
        PORT MAP (
            interrupt => \USBCOMM:ep_int_2\ );
        Properties:
        {
            int_type = "10"
            is_nmi = 0
        }

    interrupt: Name =\USBCOMM:ep_1\
        PORT MAP (
            interrupt => \USBCOMM:ep_int_1\ );
        Properties:
        {
            int_type = "10"
            is_nmi = 0
        }

    interrupt: Name =\USBCOMM:ep_0\
        PORT MAP (
            interrupt => \USBCOMM:ep_int_0\ );
        Properties:
        {
            int_type = "10"
            is_nmi = 0
        }

    interrupt: Name =\USBCOMM:bus_reset\
        PORT MAP (
            interrupt => \USBCOMM:Net_1876\ );
        Properties:
        {
            int_type = "10"
            is_nmi = 0
        }

    interrupt: Name =\USBCOMM:arb_int\
        PORT MAP (
            interrupt => \USBCOMM:Net_1889\ );
        Properties:
        {
            int_type = "10"
            is_nmi = 0
        }

    interrupt: Name =\USBCOMM:sof_int\
        PORT MAP (
            interrupt => Net_1 );
        Properties:
        {
            int_type = "10"
            is_nmi = 0
        }

    interrupt: Name =\WaveFormReader:IRQ\
        PORT MAP (
            interrupt => Net_47 );
        Properties:
        {
            int_type = "10"
            is_nmi = 0
        }
    </CYPRESSTAG>
</CYPRESSTAG>
<CYPRESSTAG name="Technology mapping summary" expanded>

------------------------------------------------------------
Technology mapping summary
------------------------------------------------------------

Resource Type                 : Used : Free :  Max :  % Used
============================================================
Digital Clocks                :    1 :    7 :    8 : 12.50 %
Analog Clocks                 :    1 :    3 :    4 : 25.00 %
CapSense Buffers              :    0 :    2 :    2 :  0.00 %
Digital Filter Block          :    0 :    1 :    1 :  0.00 %
Interrupts                    :    8 :   24 :   32 : 25.00 %
IO                            :    8 :   40 :   48 : 16.67 %
Segment LCD                   :    0 :    1 :    1 :  0.00 %
CAN 2.0b                      :    0 :    1 :    1 :  0.00 %
I2C                           :    0 :    1 :    1 :  0.00 %
USB                           :    1 :    0 :    1 : 100.00 %
DMA Channels                  :    2 :   22 :   24 :  8.33 %
Timer                         :    0 :    4 :    4 :  0.00 %
UDB                           :      :      :      :        
  Macrocells                  :    3 :  189 :  192 :  1.56 %
  Unique P-terms              :    3 :  381 :  384 :  0.78 %
  Total P-terms               :    3 :      :      :        
  Datapath Cells              :    0 :   24 :   24 :  0.00 %
  Status Cells                :    0 :   24 :   24 :  0.00 %
  Control Cells               :    0 :   24 :   24 :  0.00 %
Opamp                         :    0 :    4 :    4 :  0.00 %
Comparator                    :    0 :    4 :    4 :  0.00 %
Delta-Sigma ADC               :    0 :    1 :    1 :  0.00 %
LPF                           :    0 :    2 :    2 :  0.00 %
SAR ADC                       :    1 :    1 :    2 : 50.00 %
Analog (SC/CT) Blocks         :    0 :    4 :    4 :  0.00 %
DAC                           :      :      :      :        
  VIDAC                       :    1 :    3 :    4 : 25.00 %
</CYPRESSTAG>
Technology Mapping: Elapsed time ==> 0s.155ms
Tech Mapping phase: Elapsed time ==> 0s.402ms
</CYPRESSTAG>
<CYPRESSTAG name="Analog Placement">
Initial Analog Placement Results:
IO_0@[IOP=(0)][IoId=(0)] : VAnalogOut(0) (fixed)
IO_7@[IOP=(15)][IoId=(7)] : \USBCOMM:Dm(0)\ (fixed)
IO_6@[IOP=(15)][IoId=(6)] : \USBCOMM:Dp(0)\ (fixed)
USB[0]@[FFB(USB,0)] : \USBCOMM:USB\
SAR[1]@[FFB(SAR,1)] : \WaveFormReader:ADC_SAR\ (SAR-ExtVref)
IO_2@[IOP=(0)][IoId=(2)] : \WaveFormReader:Bypass(0)\ (SAR-ExtVref)
Vref[13]@[FFB(Vref,13)] : \WaveFormReader:vRef_Vdda_1\
VIDAC[3]@[FFB(VIDAC,3)] : \WaveGen:VDAC8:viDAC8\
Log: apr.M0058: The analog placement iterative improvement is 39% done. (App=cydsfit)
Log: apr.M0058: The analog placement iterative improvement is 83% done. (App=cydsfit)
Analog Placement Results:
IO_0@[IOP=(0)][IoId=(0)] : VAnalogOut(0) (fixed)
IO_7@[IOP=(15)][IoId=(7)] : \USBCOMM:Dm(0)\ (fixed)
IO_6@[IOP=(15)][IoId=(6)] : \USBCOMM:Dp(0)\ (fixed)
USB[0]@[FFB(USB,0)] : \USBCOMM:USB\
SAR[1]@[FFB(SAR,1)] : \WaveFormReader:ADC_SAR\ (SAR-ExtVref)
IO_2@[IOP=(0)][IoId=(2)] : \WaveFormReader:Bypass(0)\ (SAR-ExtVref)
Vref[13]@[FFB(Vref,13)] : \WaveFormReader:vRef_Vdda_1\
VIDAC[3]@[FFB(VIDAC,3)] : \WaveGen:VDAC8:viDAC8\

Analog Placement phase: Elapsed time ==> 1s.549ms
</CYPRESSTAG>
<CYPRESSTAG name="Analog Routing">
Analog Routing phase: Elapsed time ==> 0s.006ms
</CYPRESSTAG>
<CYPRESSTAG name="Analog Code Generation">
============ Analog Final Answer Routes ============
Dump of CyAnalogRoutingResultsDB
Map of net to items {
  Net: Net_30 {
    vidac_3_vout
    agr4_x_vidac_3_vout
    agr4
    agl4_x_agr4
    agl4
    agl4_x_p0_0
    p0_0
    agr4_x_sar_1_vplus
    sar_1_vplus
  }
  Net: \WaveFormReader:Net_126\ {
    sar_1_vrefhi
    sar_1_vminus_x_sar_1_vrefhi
    sar_1_vminus
  }
  Net: \WaveFormReader:Net_210\ {
    p0_2
    p0_2_exvref
  }
  Net: \WaveFormReader:Net_235\ {
    common_sar_vref_vdda/2
    common_sar_vref_vdda/2_x_sar_1_vref_vdda_vdda_2
    sar_1_vref_vdda_vdda_2
    sar_1_vref_x_sar_1_vref_vdda_vdda_2
    sar_1_vref
  }
  Net: \WaveGen:VDAC8:Net_77\ {
  }
}
Map of item to net {
  vidac_3_vout                                     -> Net_30
  agr4_x_vidac_3_vout                              -> Net_30
  agr4                                             -> Net_30
  agl4_x_agr4                                      -> Net_30
  agl4                                             -> Net_30
  agl4_x_p0_0                                      -> Net_30
  p0_0                                             -> Net_30
  agr4_x_sar_1_vplus                               -> Net_30
  sar_1_vplus                                      -> Net_30
  sar_1_vrefhi                                     -> \WaveFormReader:Net_126\
  sar_1_vminus_x_sar_1_vrefhi                      -> \WaveFormReader:Net_126\
  sar_1_vminus                                     -> \WaveFormReader:Net_126\
  p0_2                                             -> \WaveFormReader:Net_210\
  p0_2_exvref                                      -> \WaveFormReader:Net_210\
  common_sar_vref_vdda/2                           -> \WaveFormReader:Net_235\
  common_sar_vref_vdda/2_x_sar_1_vref_vdda_vdda_2  -> \WaveFormReader:Net_235\
  sar_1_vref_vdda_vdda_2                           -> \WaveFormReader:Net_235\
  sar_1_vref_x_sar_1_vref_vdda_vdda_2              -> \WaveFormReader:Net_235\
  sar_1_vref                                       -> \WaveFormReader:Net_235\
}
Mux Info {
}
Dump of CyP35AnalogRoutingResultsDB
IsVddaHalfUsedForComp = False
IsVddaHalfUsedForSar0 = False
IsVddaHalfUsedForSar1 = True
Analog Code Generation phase: Elapsed time ==> 0s.617ms
</CYPRESSTAG>
<CYPRESSTAG name="Digital Placement">
<CYPRESSTAG name="Detailed placement messages">
I2076: Total run-time: 1.4 sec.

</CYPRESSTAG>
<CYPRESSTAG name="PLD Packing">
<CYPRESSTAG name="PLD Packing Summary" expanded>

------------------------------------------------------------
PLD Packing Summary
------------------------------------------------------------
            Resource Type : Used : Free :  Max :  % Used
    ====================================================
                     PLDs :    1 :   47 :   48 :   2.08%

<CYPRESSTAG name="PLD Statistics">

        PLD Resource Type :     Average/LAB
    =======================================
                   Inputs :            3.00
                   Pterms :            3.00
               Macrocells :            3.00
</CYPRESSTAG>
<CYPRESSTAG name="Packed PLD Contents">
Packed PLD Contents not displayed at this verbose level.</CYPRESSTAG>
</CYPRESSTAG>
PLD Packing: Elapsed time ==> 0s.003ms
</CYPRESSTAG>
<CYPRESSTAG name="Partitioning">
<CYPRESSTAG name="Initial Partitioning Summary">
Initial Partitioning Summary not displayed at this verbose level.</CYPRESSTAG>
<CYPRESSTAG name="Final Partitioning Summary">
Final Partitioning Summary not displayed at this verbose level.</CYPRESSTAG>
Partitioning: Elapsed time ==> 0s.030ms
</CYPRESSTAG>
<CYPRESSTAG name="Final Placement Summary">

------------------------------------------------------------
Final Placement Summary
------------------------------------------------------------

       Resource Type :      Count : Avg Inputs : Avg Outputs
    ========================================================
                 UDB :          1 :       3.00 :       3.00
<CYPRESSTAG name="Final Placement Details">
<CYPRESSTAG name="Component Details">

------------------------------------------------------------
Component Placement Details
------------------------------------------------------------
UDB [UDB=(0,0)] is empty.
UDB [UDB=(0,1)] is empty.
UDB [UDB=(0,2)] is empty.
UDB [UDB=(0,3)] is empty.
UDB [UDB=(0,4)] is empty.
UDB [UDB=(0,5)] is empty.
UDB [UDB=(1,0)] is empty.
UDB [UDB=(1,1)] is empty.
UDB [UDB=(1,2)] is empty.
UDB [UDB=(1,3)] is empty.
UDB [UDB=(1,4)] is empty.
UDB [UDB=(1,5)] is empty.
UDB [UDB=(2,0)] is empty.
UDB [UDB=(2,1)] is empty.
UDB [UDB=(2,2)] is empty.
UDB [UDB=(2,3)] is empty.
UDB [UDB=(2,4)] is empty.
UDB [UDB=(2,5)] is empty.
UDB [UDB=(3,0)] is empty.
UDB [UDB=(3,1)] is empty.
UDB [UDB=(3,2)] is empty.
UDB [UDB=(3,3)] is empty.
UDB [UDB=(3,4)] contents:
LAB@[UDB=(3,4)][LB=0] #macrocells=3, #inputs=3, #pterms=3
{
    [McSlotId=0]:     MacroCell: Name=\WaveGen:Net_107\, Mode=(Combinatorial) @ [UDB=(3,4)][LB=0][MC=0]
        Total # of inputs        : 2
        Total # of product terms : 1
            Clock Enable: True
        Main Equation            : 1 pterm
        (
              \WaveGen:Net_134\ * Net_34_local
        );
        Output = \WaveGen:Net_107\ (fanout=1)
        Properties               : 
        {
        }

    [McSlotId=1]:     MacroCell: Name=\WaveGen:Net_134\, Mode=(D-Register) @ [UDB=(3,4)][LB=0][MC=1]
        Total # of inputs        : 1
        Total # of product terms : 1
        List of special equations: 
            Clock  = (Net_34) => Global
            Clock Enable: True
        Main Equation            : 1 pterm
        (
              Net_33
        );
        Output = \WaveGen:Net_134\ (fanout=2)
        Properties               : 
        {
        }

    [McSlotId=2]:     MacroCell: Name=\WaveGen:Net_183\, Mode=(Combinatorial) @ [UDB=(3,4)][LB=0][MC=2]
        Total # of inputs        : 2
        Total # of product terms : 1
            Clock Enable: True
        Main Equation            : 1 pterm
        (
              !\WaveGen:Net_134\ * Net_34_local
        );
        Output = \WaveGen:Net_183\ (fanout=1)
        Properties               : 
        {
        }

    [McSlotId=3]: (empty)
}

UDB [UDB=(3,5)] is empty.
Intr container @ [IntrContainer=(0)]: 
  Intr@ [IntrContainer=(0)][IntrId=(0)] 
    interrupt: Name =\USBCOMM:ep_1\
        PORT MAP (
            interrupt => \USBCOMM:ep_int_1\ );
        Properties:
        {
            int_type = "10"
            is_nmi = 0
        }
  Intr@ [IntrContainer=(0)][IntrId=(1)] 
    interrupt: Name =\USBCOMM:ep_2\
        PORT MAP (
            interrupt => \USBCOMM:ep_int_2\ );
        Properties:
        {
            int_type = "10"
            is_nmi = 0
        }
  Intr@ [IntrContainer=(0)][IntrId=(2)] 
    interrupt: Name =\WaveFormReader:IRQ\
        PORT MAP (
            interrupt => Net_47 );
        Properties:
        {
            int_type = "10"
            is_nmi = 0
        }
  Intr@ [IntrContainer=(0)][IntrId=(12)] 
    interrupt: Name =\USBCOMM:dp_int\
        PORT MAP (
            interrupt => \USBCOMM:Net_1010\ );
        Properties:
        {
            int_type = "10"
            is_nmi = 0
        }
  Intr@ [IntrContainer=(0)][IntrId=(21)] 
    interrupt: Name =\USBCOMM:sof_int\
        PORT MAP (
            interrupt => Net_1 );
        Properties:
        {
            int_type = "10"
            is_nmi = 0
        }
  Intr@ [IntrContainer=(0)][IntrId=(22)] 
    interrupt: Name =\USBCOMM:arb_int\
        PORT MAP (
            interrupt => \USBCOMM:Net_1889\ );
        Properties:
        {
            int_type = "10"
            is_nmi = 0
        }
  Intr@ [IntrContainer=(0)][IntrId=(23)] 
    interrupt: Name =\USBCOMM:bus_reset\
        PORT MAP (
            interrupt => \USBCOMM:Net_1876\ );
        Properties:
        {
            int_type = "10"
            is_nmi = 0
        }
  Intr@ [IntrContainer=(0)][IntrId=(24)] 
    interrupt: Name =\USBCOMM:ep_0\
        PORT MAP (
            interrupt => \USBCOMM:ep_int_0\ );
        Properties:
        {
            int_type = "10"
            is_nmi = 0
        }
Drq container @ [DrqContainer=(0)]: 
  Dma@ [DrqContainer=(0)][DrqId=(0)] 
    drqcell: Name =\WaveGen:Wave1_DMA\
        PORT MAP (
            dmareq => \WaveGen:Net_183\ ,
            termin => zero ,
            termout => Net_35 );
        Properties:
        {
            drq_type = "10"
            num_tds = 0
        }
  Dma@ [DrqContainer=(0)][DrqId=(1)] 
    drqcell: Name =\WaveGen:Wave2_DMA\
        PORT MAP (
            dmareq => \WaveGen:Net_107\ ,
            termin => zero ,
            termout => Net_36 );
        Properties:
        {
            drq_type = "10"
            num_tds = 0
        }
Port 0 contains the following IO cells:
[IoId=0]: 
Pin : Name = VAnalogOut(0)
    Attributes:
        In Group/Port: True
        In Sync Option: AUTO
        Out Sync Option: AUTO
        Interrupt generated: False
        Interrupt mode: NONE
        Drive mode: HI_Z_ANALOG
        VTrip: EITHER
        Slew: FAST
        Input Sync needed: False
        Output Sync needed: False
        SC shield enabled: False
        POR State: ANY
        LCD Mode: COMMON
        Register Mode: RegComb
        CaSense Mode: NEITHER
        Treat as pin: True
        Is OE Registered: False
        Uses Analog: True
        Can contain Digital: False
        Is SIO: False
        SIO Output Buf: NONREGULATED
        SIO Input Buf: SINGLE_ENDED
        SIO HiFreq: LOW
        SIO Hyst: DISABLED
        SIO Vtrip: MULTIPLIER_0_5
        SIO Multiplier Index: 0
        SIO RefSel: VCC_IO
        Required Capabilities: ANALOG
        Initial Value: 0
        IO Voltage: 0
    PORT MAP (
        pa_out => VAnalogOut(0)__PA ,
        analog_term => Net_30 ,
        annotation => Net_72 ,
        pad => VAnalogOut(0)_PAD );
    Properties:
    {
    }

[IoId=1]: 
Pin : Name = WaveFormSelect(0)
    Attributes:
        In Group/Port: True
        In Sync Option: NOSYNC
        Out Sync Option: AUTO
        Interrupt generated: False
        Interrupt mode: NONE
        Drive mode: HI_Z_DIGITAL
        VTrip: CMOS
        Slew: FAST
        Input Sync needed: False
        Output Sync needed: False
        SC shield enabled: False
        POR State: ANY
        LCD Mode: COMMON
        Register Mode: RegComb
        CaSense Mode: NEITHER
        Treat as pin: True
        Is OE Registered: False
        Uses Analog: False
        Can contain Digital: True
        Is SIO: False
        SIO Output Buf: NONREGULATED
        SIO Input Buf: SINGLE_ENDED
        SIO HiFreq: LOW
        SIO Hyst: DISABLED
        SIO Vtrip: MULTIPLIER_0_5
        SIO Multiplier Index: 0
        SIO RefSel: VCC_IO
        Required Capabilities: DIGITAL, ROUTABLE
        Initial Value: 1
        IO Voltage: 0
    PORT MAP (
        pa_out => WaveFormSelect(0)__PA ,
        fb => Net_33 ,
        pad => WaveFormSelect(0)_PAD );
    Properties:
    {
    }

[IoId=2]: 
Pin : Name = \WaveFormReader:Bypass(0)\
    Attributes:
        In Group/Port: True
        In Sync Option: AUTO
        Out Sync Option: AUTO
        Interrupt generated: False
        Interrupt mode: NONE
        Drive mode: HI_Z_ANALOG
        VTrip: EITHER
        Slew: FAST
        Input Sync needed: False
        Output Sync needed: False
        SC shield enabled: False
        POR State: ANY
        LCD Mode: COMMON
        Register Mode: RegComb
        CaSense Mode: NEITHER
        Treat as pin: True
        Is OE Registered: False
        Uses Analog: True
        Can contain Digital: False
        Is SIO: False
        SIO Output Buf: NONREGULATED
        SIO Input Buf: SINGLE_ENDED
        SIO HiFreq: LOW
        SIO Hyst: DISABLED
        SIO Vtrip: MULTIPLIER_0_5
        SIO Multiplier Index: 0
        SIO RefSel: VCC_IO
        Required Capabilities: ANALOG
        Initial Value: 0
        IO Voltage: 0
    PORT MAP (
        pa_out => \WaveFormReader:Bypass(0)\__PA ,
        analog_term => \WaveFormReader:Net_210\ ,
        pad => \WaveFormReader:Bypass(0)_PAD\ );
    Properties:
    {
    }

Port 1 contains the following IO cells:
Port 2 contains the following IO cells:
Port 3 contains the following IO cells:
Port 12 contains the following IO cells:
Port 15 generates interrupt for logical port:
    logicalport: Name =\USBCOMM:Dp\
        PORT MAP (
            in_clock_en => one ,
            in_reset => zero ,
            out_clock_en => one ,
            out_reset => zero ,
            interrupt => \USBCOMM:Net_1010\ ,
            in_clock => ClockBlock_BUS_CLK );
        Properties:
        {
            drive_mode = "000"
            ibuf_enabled = "0"
            id = "beca5e2d-f70f-4900-a4db-7eca1ed3126e/618a72fc-5ddd-4df5-958f-a3d55102db42"
            init_dr_st = "1"
            input_buffer_sel = "00"
            input_clk_en = 0
            input_sync = "1"
            input_sync_mode = "0"
            intr_mode = "10"
            invert_in_clock = 0
            invert_in_clock_en = 0
            invert_in_reset = 0
            invert_out_clock = 0
            invert_out_clock_en = 0
            invert_out_reset = 0
            io_voltage = ""
            layout_mode = "CONTIGUOUS"
            oe_conn = "0"
            oe_reset = 0
            oe_sync = "0"
            output_clk_en = 0
            output_clock_mode = "0"
            output_conn = "0"
            output_mode = "0"
            output_reset = 0
            output_sync = "0"
            ovt_hyst_trim = "0"
            ovt_needed = "0"
            ovt_slew_control = "00"
            pa_in_clock = -1
            pa_in_clock_en = -1
            pa_in_reset = -1
            pa_out_clock = -1
            pa_out_clock_en = -1
            pa_out_reset = -1
            pin_aliases = ""
            pin_mode = "I"
            por_state = 4
            port_alias_group = ""
            port_alias_required = 0
            sio_group_cnt = 0
            sio_hifreq = "00000000"
            sio_hyst = "1"
            sio_ibuf = "00000000"
            sio_info = "00"
            sio_obuf = "00000000"
            sio_refsel = "00000000"
            sio_vohsel = "00000000"
            sio_vtrip = "00000000"
            slew_rate = "0"
            spanning = 0
            sw_only = 0
            use_annotation = "0"
            vtrip = "00"
            width = 1
        }
    and contains the following IO cells:
[IoId=6]: 
Pin : Name = \USBCOMM:Dp(0)\
    Attributes:
        In Group/Port: True
        In Sync Option: SYNC
        Out Sync Option: AUTO
        Interrupt generated: True
        Interrupt mode: FALLING
        Drive mode: HI_Z_ANALOG
        VTrip: CMOS
        Slew: FAST
        Input Sync needed: True
        Output Sync needed: False
        SC shield enabled: False
        POR State: ANY
        LCD Mode: COMMON
        Register Mode: RegComb
        CaSense Mode: NEITHER
        Treat as pin: False
        Is OE Registered: False
        Uses Analog: True
        Can contain Digital: True
        Is SIO: False
        SIO Output Buf: NONREGULATED
        SIO Input Buf: SINGLE_ENDED
        SIO HiFreq: LOW
        SIO Hyst: DISABLED
        SIO Vtrip: MULTIPLIER_0_5
        SIO Multiplier Index: 0
        SIO RefSel: VCC_IO
        Required Capabilities: USB_D_PLUS
        Initial Value: 1
        IO Voltage: 0
    PORT MAP (
        pa_out => \USBCOMM:Dp(0)\__PA ,
        analog_term => \USBCOMM:Net_1000\ ,
        pad => \USBCOMM:Dp(0)_PAD\ );
    Properties:
    {
    }

[IoId=7]: 
Pin : Name = \USBCOMM:Dm(0)\
    Attributes:
        In Group/Port: True
        In Sync Option: AUTO
        Out Sync Option: AUTO
        Interrupt generated: False
        Interrupt mode: NONE
        Drive mode: HI_Z_ANALOG
        VTrip: EITHER
        Slew: FAST
        Input Sync needed: False
        Output Sync needed: False
        SC shield enabled: False
        POR State: ANY
        LCD Mode: COMMON
        Register Mode: RegComb
        CaSense Mode: NEITHER
        Treat as pin: True
        Is OE Registered: False
        Uses Analog: True
        Can contain Digital: False
        Is SIO: False
        SIO Output Buf: NONREGULATED
        SIO Input Buf: SINGLE_ENDED
        SIO HiFreq: LOW
        SIO Hyst: DISABLED
        SIO Vtrip: MULTIPLIER_0_5
        SIO Multiplier Index: 0
        SIO RefSel: VCC_IO
        Required Capabilities: USB_D_MINUS
        Initial Value: 0
        IO Voltage: 0
    PORT MAP (
        pa_out => \USBCOMM:Dm(0)\__PA ,
        analog_term => \USBCOMM:Net_597\ ,
        pad => \USBCOMM:Dm(0)_PAD\ );
    Properties:
    {
    }

ARM group 0: empty
CAN group 0: empty
Cache group 0: empty
CapSense group 0: empty
Clock group 0: 
    Clock Block @ F(Clock,0): 
    clockblockcell: Name =ClockBlock
        PORT MAP (
            imo => ClockBlock_IMO ,
            pllout => ClockBlock_PLL_OUT ,
            ilo => ClockBlock_ILO ,
            clk_100k => ClockBlock_100k ,
            clk_1k => ClockBlock_1k ,
            clk_32k => ClockBlock_32k ,
            xtal => ClockBlock_XTAL ,
            clk_32k_xtal => ClockBlock_XTAL_32KHZ ,
            clk_sync => ClockBlock_MASTER_CLK ,
            clk_bus_glb => ClockBlock_BUS_CLK ,
            clk_bus => ClockBlock_BUS_CLK_local ,
            aclk_glb_0 => \WaveFormReader:Net_385\ ,
            aclk_0 => \WaveFormReader:Net_385_local\ ,
            clk_a_dig_glb_0 => \WaveFormReader:Net_381\ ,
            clk_a_dig_0 => \WaveFormReader:Net_381_local\ ,
            dclk_glb_0 => Net_34 ,
            dclk_0 => Net_34_local );
        Properties:
        {
        }
Comparator group 0: empty
DFB group 0: empty
DSM group 0: empty
Decimator group 0: empty
EMIF group 0: empty
I2C group 0: empty
LCD group 0: empty
LVD group 0: empty
PICU group 0: empty
PM group 0: empty
SC group 0: empty
SPC group 0: empty
Timer group 0: empty
USB group 0: 
    USB Block @ F(USB,0): 
    usbcell: Name =\USBCOMM:USB\
        PORT MAP (
            dp => \USBCOMM:Net_1000\ ,
            dm => \USBCOMM:Net_597\ ,
            sof_int => Net_1 ,
            arb_int => \USBCOMM:Net_1889\ ,
            usb_int => \USBCOMM:Net_1876\ ,
            ept_int_8 => \USBCOMM:ep_int_8\ ,
            ept_int_7 => \USBCOMM:ep_int_7\ ,
            ept_int_6 => \USBCOMM:ep_int_6\ ,
            ept_int_5 => \USBCOMM:ep_int_5\ ,
            ept_int_4 => \USBCOMM:ep_int_4\ ,
            ept_int_3 => \USBCOMM:ep_int_3\ ,
            ept_int_2 => \USBCOMM:ep_int_2\ ,
            ept_int_1 => \USBCOMM:ep_int_1\ ,
            ept_int_0 => \USBCOMM:ep_int_0\ ,
            ord_int => \USBCOMM:Net_95\ ,
            dma_req_7 => \USBCOMM:dma_request_7\ ,
            dma_req_6 => \USBCOMM:dma_request_6\ ,
            dma_req_5 => \USBCOMM:dma_request_5\ ,
            dma_req_4 => \USBCOMM:dma_request_4\ ,
            dma_req_3 => \USBCOMM:dma_request_3\ ,
            dma_req_2 => \USBCOMM:dma_request_2\ ,
            dma_req_1 => \USBCOMM:dma_request_1\ ,
            dma_req_0 => \USBCOMM:dma_request_0\ ,
            dma_termin => \USBCOMM:dma_terminate\ );
        Properties:
        {
            cy_registers = ""
        }
VIDAC group 0: 
    VIDAC Block @ F(VIDAC,3): 
    vidaccell: Name =\WaveGen:VDAC8:viDAC8\
        PORT MAP (
            strobe_udb => Net_34_local ,
            vout => Net_30 ,
            iout => \WaveGen:VDAC8:Net_77\ );
        Properties:
        {
            cy_registers = ""
            is_all_if_any = 0
            reg_data = 0
        }
OpAmp group 0: empty
CsAbuf group 0: empty
Vref group 0: 
    Vref Block @ F(Vref,13): 
    vrefcell: Name =\WaveFormReader:vRef_Vdda_1\
        PORT MAP (
            vout => \WaveFormReader:Net_235\ );
        Properties:
        {
            autoenable = 1
            guid = "4720866E-BC14-478d-B8A0-3E44F38CADAC"
            ignoresleep = 0
            name = "Vdda/2"
        }
LPF group 0: empty
SAR group 0: 
    SAR Block @ F(SAR,1): 
    sarcell: Name =\WaveFormReader:ADC_SAR\
        PORT MAP (
            vplus => Net_30 ,
            vminus => \WaveFormReader:Net_126\ ,
            ext_pin => \WaveFormReader:Net_210\ ,
            vrefhi_out => \WaveFormReader:Net_126\ ,
            vref => \WaveFormReader:Net_235\ ,
            clock => \WaveFormReader:Net_385\ ,
            pump_clock => \WaveFormReader:Net_385\ ,
            irq => \WaveFormReader:Net_252\ ,
            next => Net_50 ,
            data_out_udb_11 => \WaveFormReader:Net_207_11\ ,
            data_out_udb_10 => \WaveFormReader:Net_207_10\ ,
            data_out_udb_9 => \WaveFormReader:Net_207_9\ ,
            data_out_udb_8 => \WaveFormReader:Net_207_8\ ,
            data_out_udb_7 => \WaveFormReader:Net_207_7\ ,
            data_out_udb_6 => \WaveFormReader:Net_207_6\ ,
            data_out_udb_5 => \WaveFormReader:Net_207_5\ ,
            data_out_udb_4 => \WaveFormReader:Net_207_4\ ,
            data_out_udb_3 => \WaveFormReader:Net_207_3\ ,
            data_out_udb_2 => \WaveFormReader:Net_207_2\ ,
            data_out_udb_1 => \WaveFormReader:Net_207_1\ ,
            data_out_udb_0 => \WaveFormReader:Net_207_0\ ,
            eof_udb => Net_47 );
        Properties:
        {
            cy_registers = ""
        }
ANAIF group 0: empty
PHUB group 0: empty
</CYPRESSTAG>
<CYPRESSTAG name="Port Configuration Details">

------------------------------------------------------------
Port Configuration report
------------------------------------------------------------
     |     |       | Interrupt |                  |                            | 
Port | Pin | Fixed |      Type |       Drive Mode |                       Name | Connections
-----+-----+-------+-----------+------------------+----------------------------+---------------------------------
   0 |   0 |     * |      NONE |      HI_Z_ANALOG |              VAnalogOut(0) | Analog(Net_30)
     |   1 |       |      NONE |     HI_Z_DIGITAL |          WaveFormSelect(0) | FB(Net_33)
     |   2 |       |      NONE |      HI_Z_ANALOG | \WaveFormReader:Bypass(0)\ | Analog(\WaveFormReader:Net_210\)
-----+-----+-------+-----------+------------------+----------------------------+---------------------------------
  15 |   6 |     * |   FALLING |      HI_Z_ANALOG |            \USBCOMM:Dp(0)\ | Analog(\USBCOMM:Net_1000\)
     |   7 |     * |      NONE |      HI_Z_ANALOG |            \USBCOMM:Dm(0)\ | Analog(\USBCOMM:Net_597\)
-----------------------------------------------------------------------------------------------------------------
</CYPRESSTAG>
</CYPRESSTAG>
</CYPRESSTAG>
Digital component placer commit/Report: Elapsed time ==> 0s.039ms
Digital Placement phase: Elapsed time ==> 2s.100ms
</CYPRESSTAG>
<CYPRESSTAG name="Digital Routing">
"C:\Program Files (x86)\Cypress\PSoC Creator\4.2\PSoC Creator\bin/sjrouter.exe" --xml-path "C:\Program Files (x86)\Cypress\PSoC Creator\4.2\PSoC Creator\dev\psoc5/psoc5lp/route_arch-rrg.cydata" --vh2-path "SinOutputWithReporting_r.vh2" --pcf-path "SinOutputWithReporting.pco" --des-name "SinOutputWithReporting" --dsf-path "SinOutputWithReporting.dsf" --sdc-path "SinOutputWithReporting.sdc" --lib-path "SinOutputWithReporting_r.lib"
Routing successful.
Digital Routing phase: Elapsed time ==> 2s.898ms
</CYPRESSTAG>
<CYPRESSTAG name="Bitstream Generation">
Bitstream Generation phase: Elapsed time ==> 0s.537ms
</CYPRESSTAG>
<CYPRESSTAG name="Bitstream Verification">
Bitstream Verification phase: Elapsed time ==> 0s.118ms
</CYPRESSTAG>
<CYPRESSTAG name="Static timing analysis">
Timing report is in SinOutputWithReporting_timing.html.
Static timing analysis phase: Elapsed time ==> 0s.664ms
</CYPRESSTAG>
<CYPRESSTAG name="Data reporting">
Data reporting phase: Elapsed time ==> 0s.000ms
</CYPRESSTAG>
<CYPRESSTAG name="Database update...">
Design database save phase: Elapsed time ==> 0s.717ms
</CYPRESSTAG>
cydsfit: Elapsed time ==> 9s.859ms
</CYPRESSTAG>
Fitter phase: Elapsed time ==> 9s.863ms
API generation phase: Elapsed time ==> 8s.399ms
Dependency generation phase: Elapsed time ==> 0s.041ms
Cleanup phase: Elapsed time ==> 0s.007ms
